Picked up JAVA_TOOL_OPTIONS: -Dfile.encoding=UTF8 -Duser.language=en-US -Duser.country=US -Duser.language=en
com.google.javascript.jscomp.CommandLineRunnerTest#testTransformAMDAndProcessCJS
.
Time: 1.193

OK (1 test)

com.google.javascript.jscomp.IntegrationTest#testExpose
.
Time: 0.106

OK (1 test)

com.google.javascript.jscomp.CommandLineRunnerTest#testTypeCheckOverride2
.
Time: 0.078

OK (1 test)

com.google.javascript.jscomp.CollapseVariableDeclarationsTest#testAggressiveRedeclaration
.E
Time: 0.844
There was 1 failure:
1) testAggressiveRedeclaration(com.google.javascript.jscomp.CollapseVariableDeclarationsTest)
junit.framework.AssertionFailedError: compiler.reportCodeChange() should have been called
	at junit.framework.Assert.fail(Assert.java:50)
	at junit.framework.Assert.assertTrue(Assert.java:20)
	at com.google.javascript.jscomp.CompilerTestCase.test(CompilerTestCase.java:886)
	at com.google.javascript.jscomp.CompilerTestCase.test(CompilerTestCase.java:445)
	at com.google.javascript.jscomp.CompilerTestCase.test(CompilerTestCase.java:371)
	at com.google.javascript.jscomp.CompilerTestCase.test(CompilerTestCase.java:340)
	at com.google.javascript.jscomp.CompilerTestCase.test(CompilerTestCase.java:328)
	at com.google.javascript.jscomp.CollapseVariableDeclarationsTest.testAggressiveRedeclaration(CollapseVariableDeclarationsTest.java:56)
	at sun.reflect.NativeMethodAccessorImpl.invoke0(Native Method)
	at sun.reflect.NativeMethodAccessorImpl.invoke(NativeMethodAccessorImpl.java:62)
	at sun.reflect.DelegatingMethodAccessorImpl.invoke(DelegatingMethodAccessorImpl.java:43)
	at java.lang.reflect.Method.invoke(Method.java:497)
	at junit.framework.TestCase.runTest(TestCase.java:168)
	at junit.framework.TestCase.runBare(TestCase.java:134)
	at junit.framework.TestResult$1.protect(TestResult.java:110)
	at junit.framework.TestResult.runProtected(TestResult.java:128)
	at junit.framework.TestResult.run(TestResult.java:113)
	at junit.framework.TestCase.run(TestCase.java:124)
	at junit.framework.TestSuite.runTest(TestSuite.java:243)
	at junit.framework.TestSuite.run(TestSuite.java:238)
	at org.junit.internal.runners.JUnit38ClassRunner.run(JUnit38ClassRunner.java:83)
	at org.junit.runner.JUnitCore.run(JUnitCore.java:157)
	at org.junit.runner.JUnitCore.run(JUnitCore.java:136)
	at fr.inria.lille.repair.MethodTestRunner.runTest(MethodTestRunner.java:44)
	at fr.inria.lille.repair.MethodTestRunner.access$0(MethodTestRunner.java:37)
	at fr.inria.lille.repair.MethodTestRunner$1.call(MethodTestRunner.java:20)
	at java.util.concurrent.FutureTask.run(FutureTask.java:266)
	at java.util.concurrent.ThreadPoolExecutor.runWorker(ThreadPoolExecutor.java:1142)
	at java.util.concurrent.ThreadPoolExecutor$Worker.run(ThreadPoolExecutor.java:617)
	at java.lang.Thread.run(Thread.java:745)

FAILURES!!!
Tests run: 1,  Failures: 1

com.google.javascript.jscomp.CommandLineRunnerTest#testInlineVariables
.
Time: 0.045

OK (1 test)

com.google.javascript.jscomp.CommandLineRunnerTest#testWarningGuardOrdering4
.
Time: 0.012

OK (1 test)

com.google.javascript.jscomp.CommandLineRunnerTest#testReflectedMethods
.
Time: 0.025

OK (1 test)

com.google.javascript.jscomp.CollapseVariableDeclarationsTest#testIssue820
.E
Time: 0.811
There was 1 failure:
1) testIssue820(com.google.javascript.jscomp.CollapseVariableDeclarationsTest)
java.lang.RuntimeException: INTERNAL COMPILER ERROR.
Please report this problem.
null
  Node(EXPR_RESULT): testcode:1:24
function f(a){ var b=1; a=2; var c; }
  Parent: NULL
	at com.google.javascript.jscomp.NodeUtil.isExprAssign(NodeUtil.java:1573)
	at com.google.javascript.jscomp.CollapseVariableDeclarations$GatherCollapses.canBeRedeclared(CollapseVariableDeclarations.java:191)
	at com.google.javascript.jscomp.CollapseVariableDeclarations$GatherCollapses.visit(CollapseVariableDeclarations.java:143)
	at com.google.javascript.jscomp.NodeTraversal.traverseBranch(NodeTraversal.java:505)
	at com.google.javascript.jscomp.NodeTraversal.traverseBranch(NodeTraversal.java:498)
	at com.google.javascript.jscomp.NodeTraversal.traverseFunction(NodeTraversal.java:543)
	at com.google.javascript.jscomp.NodeTraversal.traverseBranch(NodeTraversal.java:490)
	at com.google.javascript.jscomp.NodeTraversal.traverseBranch(NodeTraversal.java:498)
	at com.google.javascript.jscomp.NodeTraversal.traverseBranch(NodeTraversal.java:498)
	at com.google.javascript.jscomp.NodeTraversal.traverse(NodeTraversal.java:277)
	at com.google.javascript.jscomp.NodeTraversal.traverse(NodeTraversal.java:456)
	at com.google.javascript.jscomp.CollapseVariableDeclarations.process(CollapseVariableDeclarations.java:113)
	at com.google.javascript.jscomp.CompilerTestCase.test(CompilerTestCase.java:795)
	at com.google.javascript.jscomp.CompilerTestCase.test(CompilerTestCase.java:445)
	at com.google.javascript.jscomp.CompilerTestCase.test(CompilerTestCase.java:371)
	at com.google.javascript.jscomp.CompilerTestCase.test(CompilerTestCase.java:340)
	at com.google.javascript.jscomp.CompilerTestCase.test(CompilerTestCase.java:328)
	at com.google.javascript.jscomp.CompilerTestCase.testSame(CompilerTestCase.java:560)
	at com.google.javascript.jscomp.CollapseVariableDeclarationsTest.testIssue820(CollapseVariableDeclarationsTest.java:48)
	at sun.reflect.NativeMethodAccessorImpl.invoke0(Native Method)
	at sun.reflect.NativeMethodAccessorImpl.invoke(NativeMethodAccessorImpl.java:62)
	at sun.reflect.DelegatingMethodAccessorImpl.invoke(DelegatingMethodAccessorImpl.java:43)
	at java.lang.reflect.Method.invoke(Method.java:497)
	at junit.framework.TestCase.runTest(TestCase.java:168)
	at junit.framework.TestCase.runBare(TestCase.java:134)
	at junit.framework.TestResult$1.protect(TestResult.java:110)
	at junit.framework.TestResult.runProtected(TestResult.java:128)
	at junit.framework.TestResult.run(TestResult.java:113)
	at junit.framework.TestCase.run(TestCase.java:124)
	at junit.framework.TestSuite.runTest(TestSuite.java:243)
	at junit.framework.TestSuite.run(TestSuite.java:238)
	at org.junit.internal.runners.JUnit38ClassRunner.run(JUnit38ClassRunner.java:83)
	at org.junit.runner.JUnitCore.run(JUnitCore.java:157)
	at org.junit.runner.JUnitCore.run(JUnitCore.java:136)
	at fr.inria.lille.repair.MethodTestRunner.runTest(MethodTestRunner.java:44)
	at fr.inria.lille.repair.MethodTestRunner.access$0(MethodTestRunner.java:37)
	at fr.inria.lille.repair.MethodTestRunner$1.call(MethodTestRunner.java:20)
	at java.util.concurrent.FutureTask.run(FutureTask.java:266)
	at java.util.concurrent.ThreadPoolExecutor.runWorker(ThreadPoolExecutor.java:1142)
	at java.util.concurrent.ThreadPoolExecutor$Worker.run(ThreadPoolExecutor.java:617)
	at java.lang.Thread.run(Thread.java:745)
Caused by: java.lang.NullPointerException
	... 41 more

FAILURES!!!
Tests run: 1,  Failures: 1

com.google.javascript.jscomp.IntegrationTest#testNamelessParameter
.
Time: 0.026

OK (1 test)

com.google.javascript.jscomp.IntegrationTest#testIssue730
.
Time: 0.045

OK (1 test)

