Picked up JAVA_TOOL_OPTIONS: -Dfile.encoding=UTF8 -Duser.language=en-US -Duser.country=US -Duser.language=en
com.google.javascript.jscomp.FunctionRewriterTest#testReplaceSetter3
.java.lang.IllegalStateException: FAILED ASSERTION
	at com.google.javascript.rhino.Kit.codeBug(Kit.java:462)
	at com.google.javascript.rhino.Node.getExistingIntProp(Node.java:923)
	at com.google.javascript.jscomp.FunctionRewriter$GetterReducer.getGetPropertyName(FunctionRewriter.java:448)
	at com.google.javascript.jscomp.FunctionRewriter$GetterReducer.reduce(FunctionRewriter.java:425)
	at com.google.javascript.jscomp.FunctionRewriter$ReductionGatherer.shouldTraverse(FunctionRewriter.java:176)
	at com.google.javascript.jscomp.NodeTraversal.traverseBranch(NodeTraversal.java:461)
	at com.google.javascript.jscomp.NodeTraversal.traverseBranch(NodeTraversal.java:473)
	at com.google.javascript.jscomp.NodeTraversal.traverseBranch(NodeTraversal.java:473)
	at com.google.javascript.jscomp.NodeTraversal.traverseBranch(NodeTraversal.java:473)
	at com.google.javascript.jscomp.NodeTraversal.traverseBranch(NodeTraversal.java:473)
	at com.google.javascript.jscomp.NodeTraversal.traverse(NodeTraversal.java:259)
	at com.google.javascript.jscomp.NodeTraversal.traverse(NodeTraversal.java:437)
	at com.google.javascript.jscomp.FunctionRewriter.process(FunctionRewriter.java:68)
	at com.google.javascript.jscomp.CompilerTestCase.test(CompilerTestCase.java:765)
	at com.google.javascript.jscomp.CompilerTestCase.test(CompilerTestCase.java:423)
	at com.google.javascript.jscomp.CompilerTestCase.test(CompilerTestCase.java:348)
	at com.google.javascript.jscomp.CompilerTestCase.test(CompilerTestCase.java:317)
	at com.google.javascript.jscomp.CompilerTestCase.test(CompilerTestCase.java:305)
	at com.google.javascript.jscomp.FunctionRewriterTest.checkCompilesTo(FunctionRewriterTest.java:199)
	at com.google.javascript.jscomp.FunctionRewriterTest.checkCompilesToSame(FunctionRewriterTest.java:203)
	at com.google.javascript.jscomp.FunctionRewriterTest.testReplaceSetter3(FunctionRewriterTest.java:120)
	at sun.reflect.NativeMethodAccessorImpl.invoke0(Native Method)
	at sun.reflect.NativeMethodAccessorImpl.invoke(NativeMethodAccessorImpl.java:62)
	at sun.reflect.DelegatingMethodAccessorImpl.invoke(DelegatingMethodAccessorImpl.java:43)
	at java.lang.reflect.Method.invoke(Method.java:497)
	at junit.framework.TestCase.runTest(TestCase.java:168)
	at junit.framework.TestCase.runBare(TestCase.java:134)
	at junit.framework.TestResult$1.protect(TestResult.java:110)
	at junit.framework.TestResult.runProtected(TestResult.java:128)
	at junit.framework.TestResult.run(TestResult.java:113)
	at junit.framework.TestCase.run(TestCase.java:124)
	at junit.framework.TestSuite.runTest(TestSuite.java:243)
	at junit.framework.TestSuite.run(TestSuite.java:238)
	at org.junit.internal.runners.JUnit38ClassRunner.run(JUnit38ClassRunner.java:83)
	at org.junit.runner.JUnitCore.run(JUnitCore.java:157)
	at org.junit.runner.JUnitCore.run(JUnitCore.java:136)
	at fr.inria.lille.repair.MethodTestRunner.runTest(MethodTestRunner.java:44)
	at fr.inria.lille.repair.MethodTestRunner.access$0(MethodTestRunner.java:37)
	at fr.inria.lille.repair.MethodTestRunner$1.call(MethodTestRunner.java:20)
	at java.util.concurrent.FutureTask.run(FutureTask.java:266)
	at java.util.concurrent.ThreadPoolExecutor.runWorker(ThreadPoolExecutor.java:1142)
	at java.util.concurrent.ThreadPoolExecutor$Worker.run(ThreadPoolExecutor.java:617)
	at java.lang.Thread.run(Thread.java:745)
java.lang.IllegalStateException: FAILED ASSERTION
	at com.google.javascript.rhino.Kit.codeBug(Kit.java:462)
	at com.google.javascript.rhino.Node.getExistingIntProp(Node.java:923)
	at com.google.javascript.jscomp.FunctionRewriter$GetterReducer.getGetPropertyName(FunctionRewriter.java:448)
	at com.google.javascript.jscomp.FunctionRewriter$GetterReducer.reduce(FunctionRewriter.java:425)
	at com.google.javascript.jscomp.FunctionRewriter$ReductionGatherer.shouldTraverse(FunctionRewriter.java:176)
	at com.google.javascript.jscomp.NodeTraversal.traverseBranch(NodeTraversal.java:461)
	at com.google.javascript.jscomp.NodeTraversal.traverseBranch(NodeTraversal.java:473)
	at com.google.javascript.jscomp.NodeTraversal.traverseBranch(NodeTraversal.java:473)
	at com.google.javascript.jscomp.NodeTraversal.traverseBranch(NodeTraversal.java:473)
	at com.google.javascript.jscomp.NodeTraversal.traverseBranch(NodeTraversal.java:473)
	at com.google.javascript.jscomp.NodeTraversal.traverse(NodeTraversal.java:259)
	at com.google.javascript.jscomp.NodeTraversal.traverse(NodeTraversal.java:437)
	at com.google.javascript.jscomp.FunctionRewriter.process(FunctionRewriter.java:68)
	at com.google.javascript.jscomp.CompilerTestCase.test(CompilerTestCase.java:765)
	at com.google.javascript.jscomp.CompilerTestCase.test(CompilerTestCase.java:423)
	at com.google.javascript.jscomp.CompilerTestCase.test(CompilerTestCase.java:348)
	at com.google.javascript.jscomp.CompilerTestCase.test(CompilerTestCase.java:317)
	at com.google.javascript.jscomp.CompilerTestCase.test(CompilerTestCase.java:305)
	at com.google.javascript.jscomp.FunctionRewriterTest.checkCompilesTo(FunctionRewriterTest.java:199)
	at com.google.javascript.jscomp.FunctionRewriterTest.checkCompilesToSame(FunctionRewriterTest.java:203)
	at com.google.javascript.jscomp.FunctionRewriterTest.testReplaceSetter3(FunctionRewriterTest.java:120)
	at sun.reflect.NativeMethodAccessorImpl.invoke0(Native Method)
	at sun.reflect.NativeMethodAccessorImpl.invoke(NativeMethodAccessorImpl.java:62)
	at sun.reflect.DelegatingMethodAccessorImpl.invoke(DelegatingMethodAccessorImpl.java:43)
	at java.lang.reflect.Method.invoke(Method.java:497)
	at junit.framework.TestCase.runTest(TestCase.java:168)
	at junit.framework.TestCase.runBare(TestCase.java:134)
	at junit.framework.TestResult$1.protect(TestResult.java:110)
	at junit.framework.TestResult.runProtected(TestResult.java:128)
	at junit.framework.TestResult.run(TestResult.java:113)
	at junit.framework.TestCase.run(TestCase.java:124)
	at junit.framework.TestSuite.runTest(TestSuite.java:243)
	at junit.framework.TestSuite.run(TestSuite.java:238)
	at org.junit.internal.runners.JUnit38ClassRunner.run(JUnit38ClassRunner.java:83)
	at org.junit.runner.JUnitCore.run(JUnitCore.java:157)
	at org.junit.runner.JUnitCore.run(JUnitCore.java:136)
	at fr.inria.lille.repair.MethodTestRunner.runTest(MethodTestRunner.java:44)
	at fr.inria.lille.repair.MethodTestRunner.access$0(MethodTestRunner.java:37)
	at fr.inria.lille.repair.MethodTestRunner$1.call(MethodTestRunner.java:20)
	at java.util.concurrent.FutureTask.run(FutureTask.java:266)
	at java.util.concurrent.ThreadPoolExecutor.runWorker(ThreadPoolExecutor.java:1142)
	at java.util.concurrent.ThreadPoolExecutor$Worker.run(ThreadPoolExecutor.java:617)
	at java.lang.Thread.run(Thread.java:745)
E
Time: 1.539
There was 1 failure:
1) testReplaceSetter3(com.google.javascript.jscomp.FunctionRewriterTest)
java.lang.RuntimeException: INTERNAL COMPILER ERROR.
Please report this problem.
null
  Node(FUNCTION ): testcode:1:26
a.prototype.foo = function() {this.foo_ = v};a.prototype.foo = function() {this.foo_ = v};a.prototype.foo = function() {this.foo_ = v};a.prototype.foo = function() {this.foo_ = v};a.prototype.foo = function() {this.foo_ = v};a.prototype.foo = function() {this.foo_ = v};a.prototype.foo = function() {this.foo_ = v};a.prototype.foo = function() {this.foo_ = v};a.prototype.foo = function() {this.foo_ = v};a.prototype.foo = function() {this.foo_ = v}
  Parent: NULL
	at com.google.common.base.Preconditions.checkState(Preconditions.java:129)
	at com.google.javascript.jscomp.NodeUtil.isStatementParent(NodeUtil.java:1761)
	at com.google.javascript.jscomp.NodeUtil.isStatement(NodeUtil.java:1754)
	at com.google.javascript.jscomp.NodeUtil.isFunctionExpression(NodeUtil.java:1989)
	at com.google.javascript.jscomp.FunctionRewriter.isReduceableFunctionExpression(FunctionRewriter.java:117)
	at com.google.javascript.jscomp.FunctionRewriter.access$600(FunctionRewriter.java:46)
	at com.google.javascript.jscomp.FunctionRewriter$SetterReducer.reduce(FunctionRewriter.java:483)
	at com.google.javascript.jscomp.FunctionRewriter$ReductionGatherer.shouldTraverse(FunctionRewriter.java:176)
	at com.google.javascript.jscomp.NodeTraversal.traverseBranch(NodeTraversal.java:461)
	at com.google.javascript.jscomp.NodeTraversal.traverseBranch(NodeTraversal.java:473)
	at com.google.javascript.jscomp.NodeTraversal.traverseBranch(NodeTraversal.java:473)
	at com.google.javascript.jscomp.NodeTraversal.traverseBranch(NodeTraversal.java:473)
	at com.google.javascript.jscomp.NodeTraversal.traverseBranch(NodeTraversal.java:473)
	at com.google.javascript.jscomp.NodeTraversal.traverse(NodeTraversal.java:259)
	at com.google.javascript.jscomp.NodeTraversal.traverse(NodeTraversal.java:437)
	at com.google.javascript.jscomp.FunctionRewriter.process(FunctionRewriter.java:68)
	at com.google.javascript.jscomp.CompilerTestCase.test(CompilerTestCase.java:765)
	at com.google.javascript.jscomp.CompilerTestCase.test(CompilerTestCase.java:423)
	at com.google.javascript.jscomp.CompilerTestCase.test(CompilerTestCase.java:348)
	at com.google.javascript.jscomp.CompilerTestCase.test(CompilerTestCase.java:317)
	at com.google.javascript.jscomp.CompilerTestCase.test(CompilerTestCase.java:305)
	at com.google.javascript.jscomp.FunctionRewriterTest.checkCompilesTo(FunctionRewriterTest.java:199)
	at com.google.javascript.jscomp.FunctionRewriterTest.checkCompilesToSame(FunctionRewriterTest.java:203)
	at com.google.javascript.jscomp.FunctionRewriterTest.testReplaceSetter3(FunctionRewriterTest.java:120)
	at sun.reflect.NativeMethodAccessorImpl.invoke0(Native Method)
	at sun.reflect.NativeMethodAccessorImpl.invoke(NativeMethodAccessorImpl.java:62)
	at sun.reflect.DelegatingMethodAccessorImpl.invoke(DelegatingMethodAccessorImpl.java:43)
	at java.lang.reflect.Method.invoke(Method.java:497)
	at junit.framework.TestCase.runTest(TestCase.java:168)
	at junit.framework.TestCase.runBare(TestCase.java:134)
	at junit.framework.TestResult$1.protect(TestResult.java:110)
	at junit.framework.TestResult.runProtected(TestResult.java:128)
	at junit.framework.TestResult.run(TestResult.java:113)
	at junit.framework.TestCase.run(TestCase.java:124)
	at junit.framework.TestSuite.runTest(TestSuite.java:243)
	at junit.framework.TestSuite.run(TestSuite.java:238)
	at org.junit.internal.runners.JUnit38ClassRunner.run(JUnit38ClassRunner.java:83)
	at org.junit.runner.JUnitCore.run(JUnitCore.java:157)
	at org.junit.runner.JUnitCore.run(JUnitCore.java:136)
	at fr.inria.lille.repair.MethodTestRunner.runTest(MethodTestRunner.java:44)
	at fr.inria.lille.repair.MethodTestRunner.access$0(MethodTestRunner.java:37)
	at fr.inria.lille.repair.MethodTestRunner$1.call(MethodTestRunner.java:20)
	at java.util.concurrent.FutureTask.run(FutureTask.java:266)
	at java.util.concurrent.ThreadPoolExecutor.runWorker(ThreadPoolExecutor.java:1142)
	at java.util.concurrent.ThreadPoolExecutor$Worker.run(ThreadPoolExecutor.java:617)
	at java.lang.Thread.run(Thread.java:745)
Caused by: java.lang.IllegalStateException
	... 46 more

FAILURES!!!
Tests run: 1,  Failures: 1

com.google.javascript.jscomp.FunctionRewriterTest#testReplaceSetter4
.java.lang.IllegalStateException: FAILED ASSERTION
	at com.google.javascript.rhino.Kit.codeBug(Kit.java:462)
	at com.google.javascript.rhino.Node.getExistingIntProp(Node.java:923)
	at com.google.javascript.jscomp.FunctionRewriter$GetterReducer.getGetPropertyName(FunctionRewriter.java:448)
	at com.google.javascript.jscomp.FunctionRewriter$GetterReducer.reduce(FunctionRewriter.java:425)
	at com.google.javascript.jscomp.FunctionRewriter$ReductionGatherer.shouldTraverse(FunctionRewriter.java:176)
	at com.google.javascript.jscomp.NodeTraversal.traverseBranch(NodeTraversal.java:461)
	at com.google.javascript.jscomp.NodeTraversal.traverseBranch(NodeTraversal.java:473)
	at com.google.javascript.jscomp.NodeTraversal.traverseBranch(NodeTraversal.java:473)
	at com.google.javascript.jscomp.NodeTraversal.traverseBranch(NodeTraversal.java:473)
	at com.google.javascript.jscomp.NodeTraversal.traverseBranch(NodeTraversal.java:473)
	at com.google.javascript.jscomp.NodeTraversal.traverse(NodeTraversal.java:259)
	at com.google.javascript.jscomp.NodeTraversal.traverse(NodeTraversal.java:437)
	at com.google.javascript.jscomp.FunctionRewriter.process(FunctionRewriter.java:68)
	at com.google.javascript.jscomp.CompilerTestCase.test(CompilerTestCase.java:765)
	at com.google.javascript.jscomp.CompilerTestCase.test(CompilerTestCase.java:423)
	at com.google.javascript.jscomp.CompilerTestCase.test(CompilerTestCase.java:348)
	at com.google.javascript.jscomp.CompilerTestCase.test(CompilerTestCase.java:317)
	at com.google.javascript.jscomp.CompilerTestCase.test(CompilerTestCase.java:305)
	at com.google.javascript.jscomp.FunctionRewriterTest.checkCompilesTo(FunctionRewriterTest.java:199)
	at com.google.javascript.jscomp.FunctionRewriterTest.checkCompilesToSame(FunctionRewriterTest.java:203)
	at com.google.javascript.jscomp.FunctionRewriterTest.testReplaceSetter4(FunctionRewriterTest.java:124)
	at sun.reflect.NativeMethodAccessorImpl.invoke0(Native Method)
	at sun.reflect.NativeMethodAccessorImpl.invoke(NativeMethodAccessorImpl.java:62)
	at sun.reflect.DelegatingMethodAccessorImpl.invoke(DelegatingMethodAccessorImpl.java:43)
	at java.lang.reflect.Method.invoke(Method.java:497)
	at junit.framework.TestCase.runTest(TestCase.java:168)
	at junit.framework.TestCase.runBare(TestCase.java:134)
	at junit.framework.TestResult$1.protect(TestResult.java:110)
	at junit.framework.TestResult.runProtected(TestResult.java:128)
	at junit.framework.TestResult.run(TestResult.java:113)
	at junit.framework.TestCase.run(TestCase.java:124)
	at junit.framework.TestSuite.runTest(TestSuite.java:243)
	at junit.framework.TestSuite.run(TestSuite.java:238)
	at org.junit.internal.runners.JUnit38ClassRunner.run(JUnit38ClassRunner.java:83)
	at org.junit.runner.JUnitCore.run(JUnitCore.java:157)
	at org.junit.runner.JUnitCore.run(JUnitCore.java:136)
	at fr.inria.lille.repair.MethodTestRunner.runTest(MethodTestRunner.java:44)
	at fr.inria.lille.repair.MethodTestRunner.access$0(MethodTestRunner.java:37)
	at fr.inria.lille.repair.MethodTestRunner$1.call(MethodTestRunner.java:20)
	at java.util.concurrent.FutureTask.run(FutureTask.java:266)
	at java.util.concurrent.ThreadPoolExecutor.runWorker(ThreadPoolExecutor.java:1142)
	at java.util.concurrent.ThreadPoolExecutor$Worker.run(ThreadPoolExecutor.java:617)
	at java.lang.Thread.run(Thread.java:745)
java.lang.IllegalStateException: FAILED ASSERTION
	at com.google.javascript.rhino.Kit.codeBug(Kit.java:462)
	at com.google.javascript.rhino.Node.getExistingIntProp(Node.java:923)
	at com.google.javascript.jscomp.FunctionRewriter$GetterReducer.getGetPropertyName(FunctionRewriter.java:448)
	at com.google.javascript.jscomp.FunctionRewriter$GetterReducer.reduce(FunctionRewriter.java:425)
	at com.google.javascript.jscomp.FunctionRewriter$ReductionGatherer.shouldTraverse(FunctionRewriter.java:176)
	at com.google.javascript.jscomp.NodeTraversal.traverseBranch(NodeTraversal.java:461)
	at com.google.javascript.jscomp.NodeTraversal.traverseBranch(NodeTraversal.java:473)
	at com.google.javascript.jscomp.NodeTraversal.traverseBranch(NodeTraversal.java:473)
	at com.google.javascript.jscomp.NodeTraversal.traverseBranch(NodeTraversal.java:473)
	at com.google.javascript.jscomp.NodeTraversal.traverseBranch(NodeTraversal.java:473)
	at com.google.javascript.jscomp.NodeTraversal.traverse(NodeTraversal.java:259)
	at com.google.javascript.jscomp.NodeTraversal.traverse(NodeTraversal.java:437)
	at com.google.javascript.jscomp.FunctionRewriter.process(FunctionRewriter.java:68)
	at com.google.javascript.jscomp.CompilerTestCase.test(CompilerTestCase.java:765)
	at com.google.javascript.jscomp.CompilerTestCase.test(CompilerTestCase.java:423)
	at com.google.javascript.jscomp.CompilerTestCase.test(CompilerTestCase.java:348)
	at com.google.javascript.jscomp.CompilerTestCase.test(CompilerTestCase.java:317)
	at com.google.javascript.jscomp.CompilerTestCase.test(CompilerTestCase.java:305)
	at com.google.javascript.jscomp.FunctionRewriterTest.checkCompilesTo(FunctionRewriterTest.java:199)
	at com.google.javascript.jscomp.FunctionRewriterTest.checkCompilesToSame(FunctionRewriterTest.java:203)
	at com.google.javascript.jscomp.FunctionRewriterTest.testReplaceSetter4(FunctionRewriterTest.java:124)
	at sun.reflect.NativeMethodAccessorImpl.invoke0(Native Method)
	at sun.reflect.NativeMethodAccessorImpl.invoke(NativeMethodAccessorImpl.java:62)
	at sun.reflect.DelegatingMethodAccessorImpl.invoke(DelegatingMethodAccessorImpl.java:43)
	at java.lang.reflect.Method.invoke(Method.java:497)
	at junit.framework.TestCase.runTest(TestCase.java:168)
	at junit.framework.TestCase.runBare(TestCase.java:134)
	at junit.framework.TestResult$1.protect(TestResult.java:110)
	at junit.framework.TestResult.runProtected(TestResult.java:128)
	at junit.framework.TestResult.run(TestResult.java:113)
	at junit.framework.TestCase.run(TestCase.java:124)
	at junit.framework.TestSuite.runTest(TestSuite.java:243)
	at junit.framework.TestSuite.run(TestSuite.java:238)
	at org.junit.internal.runners.JUnit38ClassRunner.run(JUnit38ClassRunner.java:83)
	at org.junit.runner.JUnitCore.run(JUnitCore.java:157)
	at org.junit.runner.JUnitCore.run(JUnitCore.java:136)
	at fr.inria.lille.repair.MethodTestRunner.runTest(MethodTestRunner.java:44)
	at fr.inria.lille.repair.MethodTestRunner.access$0(MethodTestRunner.java:37)
	at fr.inria.lille.repair.MethodTestRunner$1.call(MethodTestRunner.java:20)
	at java.util.concurrent.FutureTask.run(FutureTask.java:266)
	at java.util.concurrent.ThreadPoolExecutor.runWorker(ThreadPoolExecutor.java:1142)
	at java.util.concurrent.ThreadPoolExecutor$Worker.run(ThreadPoolExecutor.java:617)
	at java.lang.Thread.run(Thread.java:745)
E
Time: 0.103
There was 1 failure:
1) testReplaceSetter4(com.google.javascript.jscomp.FunctionRewriterTest)
java.lang.RuntimeException: INTERNAL COMPILER ERROR.
Please report this problem.
null
  Node(FUNCTION ): testcode:1:26
a.prototype.foo = function(v, v2) {this.foo_ = v2};a.prototype.foo = function(v, v2) {this.foo_ = v2};a.prototype.foo = function(v, v2) {this.foo_ = v2};a.prototype.foo = function(v, v2) {this.foo_ = v2};a.prototype.foo = function(v, v2) {this.foo_ = v2};a.prototype.foo = function(v, v2) {this.foo_ = v2};a.prototype.foo = function(v, v2) {this.foo_ = v2};a.prototype.foo = function(v, v2) {this.foo_ = v2};a.prototype.foo = function(v, v2) {this.foo_ = v2};a.prototype.foo = function(v, v2) {this.foo_ = v2}
  Parent: NULL
	at com.google.common.base.Preconditions.checkState(Preconditions.java:129)
	at com.google.javascript.jscomp.NodeUtil.isStatementParent(NodeUtil.java:1761)
	at com.google.javascript.jscomp.NodeUtil.isStatement(NodeUtil.java:1754)
	at com.google.javascript.jscomp.NodeUtil.isFunctionExpression(NodeUtil.java:1989)
	at com.google.javascript.jscomp.FunctionRewriter.isReduceableFunctionExpression(FunctionRewriter.java:117)
	at com.google.javascript.jscomp.FunctionRewriter.access$600(FunctionRewriter.java:46)
	at com.google.javascript.jscomp.FunctionRewriter$SetterReducer.reduce(FunctionRewriter.java:483)
	at com.google.javascript.jscomp.FunctionRewriter$ReductionGatherer.shouldTraverse(FunctionRewriter.java:176)
	at com.google.javascript.jscomp.NodeTraversal.traverseBranch(NodeTraversal.java:461)
	at com.google.javascript.jscomp.NodeTraversal.traverseBranch(NodeTraversal.java:473)
	at com.google.javascript.jscomp.NodeTraversal.traverseBranch(NodeTraversal.java:473)
	at com.google.javascript.jscomp.NodeTraversal.traverseBranch(NodeTraversal.java:473)
	at com.google.javascript.jscomp.NodeTraversal.traverseBranch(NodeTraversal.java:473)
	at com.google.javascript.jscomp.NodeTraversal.traverse(NodeTraversal.java:259)
	at com.google.javascript.jscomp.NodeTraversal.traverse(NodeTraversal.java:437)
	at com.google.javascript.jscomp.FunctionRewriter.process(FunctionRewriter.java:68)
	at com.google.javascript.jscomp.CompilerTestCase.test(CompilerTestCase.java:765)
	at com.google.javascript.jscomp.CompilerTestCase.test(CompilerTestCase.java:423)
	at com.google.javascript.jscomp.CompilerTestCase.test(CompilerTestCase.java:348)
	at com.google.javascript.jscomp.CompilerTestCase.test(CompilerTestCase.java:317)
	at com.google.javascript.jscomp.CompilerTestCase.test(CompilerTestCase.java:305)
	at com.google.javascript.jscomp.FunctionRewriterTest.checkCompilesTo(FunctionRewriterTest.java:199)
	at com.google.javascript.jscomp.FunctionRewriterTest.checkCompilesToSame(FunctionRewriterTest.java:203)
	at com.google.javascript.jscomp.FunctionRewriterTest.testReplaceSetter4(FunctionRewriterTest.java:124)
	at sun.reflect.NativeMethodAccessorImpl.invoke0(Native Method)
	at sun.reflect.NativeMethodAccessorImpl.invoke(NativeMethodAccessorImpl.java:62)
	at sun.reflect.DelegatingMethodAccessorImpl.invoke(DelegatingMethodAccessorImpl.java:43)
	at java.lang.reflect.Method.invoke(Method.java:497)
	at junit.framework.TestCase.runTest(TestCase.java:168)
	at junit.framework.TestCase.runBare(TestCase.java:134)
	at junit.framework.TestResult$1.protect(TestResult.java:110)
	at junit.framework.TestResult.runProtected(TestResult.java:128)
	at junit.framework.TestResult.run(TestResult.java:113)
	at junit.framework.TestCase.run(TestCase.java:124)
	at junit.framework.TestSuite.runTest(TestSuite.java:243)
	at junit.framework.TestSuite.run(TestSuite.java:238)
	at org.junit.internal.runners.JUnit38ClassRunner.run(JUnit38ClassRunner.java:83)
	at org.junit.runner.JUnitCore.run(JUnitCore.java:157)
	at org.junit.runner.JUnitCore.run(JUnitCore.java:136)
	at fr.inria.lille.repair.MethodTestRunner.runTest(MethodTestRunner.java:44)
	at fr.inria.lille.repair.MethodTestRunner.access$0(MethodTestRunner.java:37)
	at fr.inria.lille.repair.MethodTestRunner$1.call(MethodTestRunner.java:20)
	at java.util.concurrent.FutureTask.run(FutureTask.java:266)
	at java.util.concurrent.ThreadPoolExecutor.runWorker(ThreadPoolExecutor.java:1142)
	at java.util.concurrent.ThreadPoolExecutor$Worker.run(ThreadPoolExecutor.java:617)
	at java.lang.Thread.run(Thread.java:745)
Caused by: java.lang.IllegalStateException
	... 46 more

FAILURES!!!
Tests run: 1,  Failures: 1

com.google.javascript.jscomp.FunctionRewriterTest#testReplaceGetter2
.java.lang.IllegalStateException: FAILED ASSERTION
	at com.google.javascript.rhino.Kit.codeBug(Kit.java:462)
	at com.google.javascript.rhino.Node.getExistingIntProp(Node.java:923)
	at com.google.javascript.jscomp.FunctionRewriter$GetterReducer.getGetPropertyName(FunctionRewriter.java:448)
	at com.google.javascript.jscomp.FunctionRewriter$GetterReducer.reduce(FunctionRewriter.java:425)
	at com.google.javascript.jscomp.FunctionRewriter$ReductionGatherer.shouldTraverse(FunctionRewriter.java:176)
	at com.google.javascript.jscomp.NodeTraversal.traverseBranch(NodeTraversal.java:461)
	at com.google.javascript.jscomp.NodeTraversal.traverseBranch(NodeTraversal.java:473)
	at com.google.javascript.jscomp.NodeTraversal.traverseBranch(NodeTraversal.java:473)
	at com.google.javascript.jscomp.NodeTraversal.traverseBranch(NodeTraversal.java:473)
	at com.google.javascript.jscomp.NodeTraversal.traverseBranch(NodeTraversal.java:473)
	at com.google.javascript.jscomp.NodeTraversal.traverse(NodeTraversal.java:259)
	at com.google.javascript.jscomp.NodeTraversal.traverse(NodeTraversal.java:437)
	at com.google.javascript.jscomp.FunctionRewriter.process(FunctionRewriter.java:68)
	at com.google.javascript.jscomp.CompilerTestCase.test(CompilerTestCase.java:765)
	at com.google.javascript.jscomp.CompilerTestCase.test(CompilerTestCase.java:423)
	at com.google.javascript.jscomp.CompilerTestCase.test(CompilerTestCase.java:348)
	at com.google.javascript.jscomp.CompilerTestCase.test(CompilerTestCase.java:317)
	at com.google.javascript.jscomp.CompilerTestCase.test(CompilerTestCase.java:305)
	at com.google.javascript.jscomp.FunctionRewriterTest.checkCompilesTo(FunctionRewriterTest.java:199)
	at com.google.javascript.jscomp.FunctionRewriterTest.checkCompilesToSame(FunctionRewriterTest.java:203)
	at com.google.javascript.jscomp.FunctionRewriterTest.testReplaceGetter2(FunctionRewriterTest.java:98)
	at sun.reflect.NativeMethodAccessorImpl.invoke0(Native Method)
	at sun.reflect.NativeMethodAccessorImpl.invoke(NativeMethodAccessorImpl.java:62)
	at sun.reflect.DelegatingMethodAccessorImpl.invoke(DelegatingMethodAccessorImpl.java:43)
	at java.lang.reflect.Method.invoke(Method.java:497)
	at junit.framework.TestCase.runTest(TestCase.java:168)
	at junit.framework.TestCase.runBare(TestCase.java:134)
	at junit.framework.TestResult$1.protect(TestResult.java:110)
	at junit.framework.TestResult.runProtected(TestResult.java:128)
	at junit.framework.TestResult.run(TestResult.java:113)
	at junit.framework.TestCase.run(TestCase.java:124)
	at junit.framework.TestSuite.runTest(TestSuite.java:243)
	at junit.framework.TestSuite.run(TestSuite.java:238)
	at org.junit.internal.runners.JUnit38ClassRunner.run(JUnit38ClassRunner.java:83)
	at org.junit.runner.JUnitCore.run(JUnitCore.java:157)
	at org.junit.runner.JUnitCore.run(JUnitCore.java:136)
	at fr.inria.lille.repair.MethodTestRunner.runTest(MethodTestRunner.java:44)
	at fr.inria.lille.repair.MethodTestRunner.access$0(MethodTestRunner.java:37)
	at fr.inria.lille.repair.MethodTestRunner$1.call(MethodTestRunner.java:20)
	at java.util.concurrent.FutureTask.run(FutureTask.java:266)
	at java.util.concurrent.ThreadPoolExecutor.runWorker(ThreadPoolExecutor.java:1142)
	at java.util.concurrent.ThreadPoolExecutor$Worker.run(ThreadPoolExecutor.java:617)
	at java.lang.Thread.run(Thread.java:745)
java.lang.IllegalStateException: FAILED ASSERTION
	at com.google.javascript.rhino.Kit.codeBug(Kit.java:462)
	at com.google.javascript.rhino.Node.getExistingIntProp(Node.java:923)
	at com.google.javascript.jscomp.FunctionRewriter$GetterReducer.getGetPropertyName(FunctionRewriter.java:448)
	at com.google.javascript.jscomp.FunctionRewriter$GetterReducer.reduce(FunctionRewriter.java:425)
	at com.google.javascript.jscomp.FunctionRewriter$ReductionGatherer.shouldTraverse(FunctionRewriter.java:176)
	at com.google.javascript.jscomp.NodeTraversal.traverseBranch(NodeTraversal.java:461)
	at com.google.javascript.jscomp.NodeTraversal.traverseBranch(NodeTraversal.java:473)
	at com.google.javascript.jscomp.NodeTraversal.traverseBranch(NodeTraversal.java:473)
	at com.google.javascript.jscomp.NodeTraversal.traverseBranch(NodeTraversal.java:473)
	at com.google.javascript.jscomp.NodeTraversal.traverseBranch(NodeTraversal.java:473)
	at com.google.javascript.jscomp.NodeTraversal.traverse(NodeTraversal.java:259)
	at com.google.javascript.jscomp.NodeTraversal.traverse(NodeTraversal.java:437)
	at com.google.javascript.jscomp.FunctionRewriter.process(FunctionRewriter.java:68)
	at com.google.javascript.jscomp.CompilerTestCase.test(CompilerTestCase.java:765)
	at com.google.javascript.jscomp.CompilerTestCase.test(CompilerTestCase.java:423)
	at com.google.javascript.jscomp.CompilerTestCase.test(CompilerTestCase.java:348)
	at com.google.javascript.jscomp.CompilerTestCase.test(CompilerTestCase.java:317)
	at com.google.javascript.jscomp.CompilerTestCase.test(CompilerTestCase.java:305)
	at com.google.javascript.jscomp.FunctionRewriterTest.checkCompilesTo(FunctionRewriterTest.java:199)
	at com.google.javascript.jscomp.FunctionRewriterTest.checkCompilesToSame(FunctionRewriterTest.java:203)
	at com.google.javascript.jscomp.FunctionRewriterTest.testReplaceGetter2(FunctionRewriterTest.java:98)
	at sun.reflect.NativeMethodAccessorImpl.invoke0(Native Method)
	at sun.reflect.NativeMethodAccessorImpl.invoke(NativeMethodAccessorImpl.java:62)
	at sun.reflect.DelegatingMethodAccessorImpl.invoke(DelegatingMethodAccessorImpl.java:43)
	at java.lang.reflect.Method.invoke(Method.java:497)
	at junit.framework.TestCase.runTest(TestCase.java:168)
	at junit.framework.TestCase.runBare(TestCase.java:134)
	at junit.framework.TestResult$1.protect(TestResult.java:110)
	at junit.framework.TestResult.runProtected(TestResult.java:128)
	at junit.framework.TestResult.run(TestResult.java:113)
	at junit.framework.TestCase.run(TestCase.java:124)
	at junit.framework.TestSuite.runTest(TestSuite.java:243)
	at junit.framework.TestSuite.run(TestSuite.java:238)
	at org.junit.internal.runners.JUnit38ClassRunner.run(JUnit38ClassRunner.java:83)
	at org.junit.runner.JUnitCore.run(JUnitCore.java:157)
	at org.junit.runner.JUnitCore.run(JUnitCore.java:136)
	at fr.inria.lille.repair.MethodTestRunner.runTest(MethodTestRunner.java:44)
	at fr.inria.lille.repair.MethodTestRunner.access$0(MethodTestRunner.java:37)
	at fr.inria.lille.repair.MethodTestRunner$1.call(MethodTestRunner.java:20)
	at java.util.concurrent.FutureTask.run(FutureTask.java:266)
	at java.util.concurrent.ThreadPoolExecutor.runWorker(ThreadPoolExecutor.java:1142)
	at java.util.concurrent.ThreadPoolExecutor$Worker.run(ThreadPoolExecutor.java:617)
	at java.lang.Thread.run(Thread.java:745)
E
Time: 0.124
There was 1 failure:
1) testReplaceGetter2(com.google.javascript.jscomp.FunctionRewriterTest)
java.lang.RuntimeException: INTERNAL COMPILER ERROR.
Please report this problem.
null
  Node(FUNCTION ): testcode:1:26
a.prototype.foo = function() {return};a.prototype.foo = function() {return};a.prototype.foo = function() {return};a.prototype.foo = function() {return};a.prototype.foo = function() {return};a.prototype.foo = function() {return};a.prototype.foo = function() {return};a.prototype.foo = function() {return};a.prototype.foo = function() {return};a.prototype.foo = function() {return}
  Parent: NULL
	at com.google.common.base.Preconditions.checkState(Preconditions.java:129)
	at com.google.javascript.jscomp.NodeUtil.isStatementParent(NodeUtil.java:1761)
	at com.google.javascript.jscomp.NodeUtil.isStatement(NodeUtil.java:1754)
	at com.google.javascript.jscomp.NodeUtil.isFunctionExpression(NodeUtil.java:1989)
	at com.google.javascript.jscomp.FunctionRewriter.isReduceableFunctionExpression(FunctionRewriter.java:117)
	at com.google.javascript.jscomp.FunctionRewriter.access$600(FunctionRewriter.java:46)
	at com.google.javascript.jscomp.FunctionRewriter$SetterReducer.reduce(FunctionRewriter.java:483)
	at com.google.javascript.jscomp.FunctionRewriter$ReductionGatherer.shouldTraverse(FunctionRewriter.java:176)
	at com.google.javascript.jscomp.NodeTraversal.traverseBranch(NodeTraversal.java:461)
	at com.google.javascript.jscomp.NodeTraversal.traverseBranch(NodeTraversal.java:473)
	at com.google.javascript.jscomp.NodeTraversal.traverseBranch(NodeTraversal.java:473)
	at com.google.javascript.jscomp.NodeTraversal.traverseBranch(NodeTraversal.java:473)
	at com.google.javascript.jscomp.NodeTraversal.traverseBranch(NodeTraversal.java:473)
	at com.google.javascript.jscomp.NodeTraversal.traverse(NodeTraversal.java:259)
	at com.google.javascript.jscomp.NodeTraversal.traverse(NodeTraversal.java:437)
	at com.google.javascript.jscomp.FunctionRewriter.process(FunctionRewriter.java:68)
	at com.google.javascript.jscomp.CompilerTestCase.test(CompilerTestCase.java:765)
	at com.google.javascript.jscomp.CompilerTestCase.test(CompilerTestCase.java:423)
	at com.google.javascript.jscomp.CompilerTestCase.test(CompilerTestCase.java:348)
	at com.google.javascript.jscomp.CompilerTestCase.test(CompilerTestCase.java:317)
	at com.google.javascript.jscomp.CompilerTestCase.test(CompilerTestCase.java:305)
	at com.google.javascript.jscomp.FunctionRewriterTest.checkCompilesTo(FunctionRewriterTest.java:199)
	at com.google.javascript.jscomp.FunctionRewriterTest.checkCompilesToSame(FunctionRewriterTest.java:203)
	at com.google.javascript.jscomp.FunctionRewriterTest.testReplaceGetter2(FunctionRewriterTest.java:98)
	at sun.reflect.NativeMethodAccessorImpl.invoke0(Native Method)
	at sun.reflect.NativeMethodAccessorImpl.invoke(NativeMethodAccessorImpl.java:62)
	at sun.reflect.DelegatingMethodAccessorImpl.invoke(DelegatingMethodAccessorImpl.java:43)
	at java.lang.reflect.Method.invoke(Method.java:497)
	at junit.framework.TestCase.runTest(TestCase.java:168)
	at junit.framework.TestCase.runBare(TestCase.java:134)
	at junit.framework.TestResult$1.protect(TestResult.java:110)
	at junit.framework.TestResult.runProtected(TestResult.java:128)
	at junit.framework.TestResult.run(TestResult.java:113)
	at junit.framework.TestCase.run(TestCase.java:124)
	at junit.framework.TestSuite.runTest(TestSuite.java:243)
	at junit.framework.TestSuite.run(TestSuite.java:238)
	at org.junit.internal.runners.JUnit38ClassRunner.run(JUnit38ClassRunner.java:83)
	at org.junit.runner.JUnitCore.run(JUnitCore.java:157)
	at org.junit.runner.JUnitCore.run(JUnitCore.java:136)
	at fr.inria.lille.repair.MethodTestRunner.runTest(MethodTestRunner.java:44)
	at fr.inria.lille.repair.MethodTestRunner.access$0(MethodTestRunner.java:37)
	at fr.inria.lille.repair.MethodTestRunner$1.call(MethodTestRunner.java:20)
	at java.util.concurrent.FutureTask.run(FutureTask.java:266)
	at java.util.concurrent.ThreadPoolExecutor.runWorker(ThreadPoolExecutor.java:1142)
	at java.util.concurrent.ThreadPoolExecutor$Worker.run(ThreadPoolExecutor.java:617)
	at java.lang.Thread.run(Thread.java:745)
Caused by: java.lang.IllegalStateException
	... 46 more

FAILURES!!!
Tests run: 1,  Failures: 1

com.google.javascript.jscomp.FunctionRewriterTest#testReplaceEmptyFunction3
.java.lang.IllegalStateException: FAILED ASSERTION
	at com.google.javascript.rhino.Kit.codeBug(Kit.java:462)
	at com.google.javascript.rhino.Node.getExistingIntProp(Node.java:923)
	at com.google.javascript.jscomp.FunctionRewriter$GetterReducer.getGetPropertyName(FunctionRewriter.java:448)
	at com.google.javascript.jscomp.FunctionRewriter$GetterReducer.reduce(FunctionRewriter.java:425)
	at com.google.javascript.jscomp.FunctionRewriter$ReductionGatherer.shouldTraverse(FunctionRewriter.java:176)
	at com.google.javascript.jscomp.NodeTraversal.traverseBranch(NodeTraversal.java:461)
	at com.google.javascript.jscomp.NodeTraversal.traverseBranch(NodeTraversal.java:473)
	at com.google.javascript.jscomp.NodeTraversal.traverseBranch(NodeTraversal.java:473)
	at com.google.javascript.jscomp.NodeTraversal.traverseBranch(NodeTraversal.java:473)
	at com.google.javascript.jscomp.NodeTraversal.traverseBranch(NodeTraversal.java:473)
	at com.google.javascript.jscomp.NodeTraversal.traverse(NodeTraversal.java:259)
	at com.google.javascript.jscomp.NodeTraversal.traverse(NodeTraversal.java:437)
	at com.google.javascript.jscomp.FunctionRewriter.process(FunctionRewriter.java:68)
	at com.google.javascript.jscomp.CompilerTestCase.test(CompilerTestCase.java:765)
	at com.google.javascript.jscomp.CompilerTestCase.test(CompilerTestCase.java:423)
	at com.google.javascript.jscomp.CompilerTestCase.test(CompilerTestCase.java:348)
	at com.google.javascript.jscomp.CompilerTestCase.test(CompilerTestCase.java:317)
	at com.google.javascript.jscomp.CompilerTestCase.test(CompilerTestCase.java:305)
	at com.google.javascript.jscomp.FunctionRewriterTest.checkCompilesTo(FunctionRewriterTest.java:199)
	at com.google.javascript.jscomp.FunctionRewriterTest.checkCompilesToSame(FunctionRewriterTest.java:203)
	at com.google.javascript.jscomp.FunctionRewriterTest.testReplaceEmptyFunction3(FunctionRewriterTest.java:143)
	at sun.reflect.NativeMethodAccessorImpl.invoke0(Native Method)
	at sun.reflect.NativeMethodAccessorImpl.invoke(NativeMethodAccessorImpl.java:62)
	at sun.reflect.DelegatingMethodAccessorImpl.invoke(DelegatingMethodAccessorImpl.java:43)
	at java.lang.reflect.Method.invoke(Method.java:497)
	at junit.framework.TestCase.runTest(TestCase.java:168)
	at junit.framework.TestCase.runBare(TestCase.java:134)
	at junit.framework.TestResult$1.protect(TestResult.java:110)
	at junit.framework.TestResult.runProtected(TestResult.java:128)
	at junit.framework.TestResult.run(TestResult.java:113)
	at junit.framework.TestCase.run(TestCase.java:124)
	at junit.framework.TestSuite.runTest(TestSuite.java:243)
	at junit.framework.TestSuite.run(TestSuite.java:238)
	at org.junit.internal.runners.JUnit38ClassRunner.run(JUnit38ClassRunner.java:83)
	at org.junit.runner.JUnitCore.run(JUnitCore.java:157)
	at org.junit.runner.JUnitCore.run(JUnitCore.java:136)
	at fr.inria.lille.repair.MethodTestRunner.runTest(MethodTestRunner.java:44)
	at fr.inria.lille.repair.MethodTestRunner.access$0(MethodTestRunner.java:37)
	at fr.inria.lille.repair.MethodTestRunner$1.call(MethodTestRunner.java:20)
	at java.util.concurrent.FutureTask.run(FutureTask.java:266)
	at java.util.concurrent.ThreadPoolExecutor.runWorker(ThreadPoolExecutor.java:1142)
	at java.util.concurrent.ThreadPoolExecutor$Worker.run(ThreadPoolExecutor.java:617)
	at java.lang.Thread.run(Thread.java:745)
java.lang.IllegalStateException: FAILED ASSERTION
	at com.google.javascript.rhino.Kit.codeBug(Kit.java:462)
	at com.google.javascript.rhino.Node.getExistingIntProp(Node.java:923)
	at com.google.javascript.jscomp.FunctionRewriter$GetterReducer.getGetPropertyName(FunctionRewriter.java:448)
	at com.google.javascript.jscomp.FunctionRewriter$GetterReducer.reduce(FunctionRewriter.java:425)
	at com.google.javascript.jscomp.FunctionRewriter$ReductionGatherer.shouldTraverse(FunctionRewriter.java:176)
	at com.google.javascript.jscomp.NodeTraversal.traverseBranch(NodeTraversal.java:461)
	at com.google.javascript.jscomp.NodeTraversal.traverseBranch(NodeTraversal.java:473)
	at com.google.javascript.jscomp.NodeTraversal.traverseBranch(NodeTraversal.java:473)
	at com.google.javascript.jscomp.NodeTraversal.traverseBranch(NodeTraversal.java:473)
	at com.google.javascript.jscomp.NodeTraversal.traverseBranch(NodeTraversal.java:473)
	at com.google.javascript.jscomp.NodeTraversal.traverse(NodeTraversal.java:259)
	at com.google.javascript.jscomp.NodeTraversal.traverse(NodeTraversal.java:437)
	at com.google.javascript.jscomp.FunctionRewriter.process(FunctionRewriter.java:68)
	at com.google.javascript.jscomp.CompilerTestCase.test(CompilerTestCase.java:765)
	at com.google.javascript.jscomp.CompilerTestCase.test(CompilerTestCase.java:423)
	at com.google.javascript.jscomp.CompilerTestCase.test(CompilerTestCase.java:348)
	at com.google.javascript.jscomp.CompilerTestCase.test(CompilerTestCase.java:317)
	at com.google.javascript.jscomp.CompilerTestCase.test(CompilerTestCase.java:305)
	at com.google.javascript.jscomp.FunctionRewriterTest.checkCompilesTo(FunctionRewriterTest.java:199)
	at com.google.javascript.jscomp.FunctionRewriterTest.checkCompilesToSame(FunctionRewriterTest.java:203)
	at com.google.javascript.jscomp.FunctionRewriterTest.testReplaceEmptyFunction3(FunctionRewriterTest.java:143)
	at sun.reflect.NativeMethodAccessorImpl.invoke0(Native Method)
	at sun.reflect.NativeMethodAccessorImpl.invoke(NativeMethodAccessorImpl.java:62)
	at sun.reflect.DelegatingMethodAccessorImpl.invoke(DelegatingMethodAccessorImpl.java:43)
	at java.lang.reflect.Method.invoke(Method.java:497)
	at junit.framework.TestCase.runTest(TestCase.java:168)
	at junit.framework.TestCase.runBare(TestCase.java:134)
	at junit.framework.TestResult$1.protect(TestResult.java:110)
	at junit.framework.TestResult.runProtected(TestResult.java:128)
	at junit.framework.TestResult.run(TestResult.java:113)
	at junit.framework.TestCase.run(TestCase.java:124)
	at junit.framework.TestSuite.runTest(TestSuite.java:243)
	at junit.framework.TestSuite.run(TestSuite.java:238)
	at org.junit.internal.runners.JUnit38ClassRunner.run(JUnit38ClassRunner.java:83)
	at org.junit.runner.JUnitCore.run(JUnitCore.java:157)
	at org.junit.runner.JUnitCore.run(JUnitCore.java:136)
	at fr.inria.lille.repair.MethodTestRunner.runTest(MethodTestRunner.java:44)
	at fr.inria.lille.repair.MethodTestRunner.access$0(MethodTestRunner.java:37)
	at fr.inria.lille.repair.MethodTestRunner$1.call(MethodTestRunner.java:20)
	at java.util.concurrent.FutureTask.run(FutureTask.java:266)
	at java.util.concurrent.ThreadPoolExecutor.runWorker(ThreadPoolExecutor.java:1142)
	at java.util.concurrent.ThreadPoolExecutor$Worker.run(ThreadPoolExecutor.java:617)
	at java.lang.Thread.run(Thread.java:745)
E
Time: 0.105
There was 1 failure:
1) testReplaceEmptyFunction3(com.google.javascript.jscomp.FunctionRewriterTest)
java.lang.RuntimeException: INTERNAL COMPILER ERROR.
Please report this problem.
null
  Node(FUNCTION ): testcode:1:18
var foo = function() {};var foo = function() {};var foo = function() {};var foo = function() {}
  Parent: NULL
	at com.google.common.base.Preconditions.checkState(Preconditions.java:129)
	at com.google.javascript.jscomp.NodeUtil.isStatementParent(NodeUtil.java:1761)
	at com.google.javascript.jscomp.NodeUtil.isStatement(NodeUtil.java:1754)
	at com.google.javascript.jscomp.NodeUtil.isFunctionExpression(NodeUtil.java:1989)
	at com.google.javascript.jscomp.FunctionRewriter.isReduceableFunctionExpression(FunctionRewriter.java:117)
	at com.google.javascript.jscomp.FunctionRewriter.access$600(FunctionRewriter.java:46)
	at com.google.javascript.jscomp.FunctionRewriter$SetterReducer.reduce(FunctionRewriter.java:483)
	at com.google.javascript.jscomp.FunctionRewriter$ReductionGatherer.shouldTraverse(FunctionRewriter.java:176)
	at com.google.javascript.jscomp.NodeTraversal.traverseBranch(NodeTraversal.java:461)
	at com.google.javascript.jscomp.NodeTraversal.traverseBranch(NodeTraversal.java:473)
	at com.google.javascript.jscomp.NodeTraversal.traverseBranch(NodeTraversal.java:473)
	at com.google.javascript.jscomp.NodeTraversal.traverseBranch(NodeTraversal.java:473)
	at com.google.javascript.jscomp.NodeTraversal.traverseBranch(NodeTraversal.java:473)
	at com.google.javascript.jscomp.NodeTraversal.traverse(NodeTraversal.java:259)
	at com.google.javascript.jscomp.NodeTraversal.traverse(NodeTraversal.java:437)
	at com.google.javascript.jscomp.FunctionRewriter.process(FunctionRewriter.java:68)
	at com.google.javascript.jscomp.CompilerTestCase.test(CompilerTestCase.java:765)
	at com.google.javascript.jscomp.CompilerTestCase.test(CompilerTestCase.java:423)
	at com.google.javascript.jscomp.CompilerTestCase.test(CompilerTestCase.java:348)
	at com.google.javascript.jscomp.CompilerTestCase.test(CompilerTestCase.java:317)
	at com.google.javascript.jscomp.CompilerTestCase.test(CompilerTestCase.java:305)
	at com.google.javascript.jscomp.FunctionRewriterTest.checkCompilesTo(FunctionRewriterTest.java:199)
	at com.google.javascript.jscomp.FunctionRewriterTest.checkCompilesToSame(FunctionRewriterTest.java:203)
	at com.google.javascript.jscomp.FunctionRewriterTest.testReplaceEmptyFunction3(FunctionRewriterTest.java:143)
	at sun.reflect.NativeMethodAccessorImpl.invoke0(Native Method)
	at sun.reflect.NativeMethodAccessorImpl.invoke(NativeMethodAccessorImpl.java:62)
	at sun.reflect.DelegatingMethodAccessorImpl.invoke(DelegatingMethodAccessorImpl.java:43)
	at java.lang.reflect.Method.invoke(Method.java:497)
	at junit.framework.TestCase.runTest(TestCase.java:168)
	at junit.framework.TestCase.runBare(TestCase.java:134)
	at junit.framework.TestResult$1.protect(TestResult.java:110)
	at junit.framework.TestResult.runProtected(TestResult.java:128)
	at junit.framework.TestResult.run(TestResult.java:113)
	at junit.framework.TestCase.run(TestCase.java:124)
	at junit.framework.TestSuite.runTest(TestSuite.java:243)
	at junit.framework.TestSuite.run(TestSuite.java:238)
	at org.junit.internal.runners.JUnit38ClassRunner.run(JUnit38ClassRunner.java:83)
	at org.junit.runner.JUnitCore.run(JUnitCore.java:157)
	at org.junit.runner.JUnitCore.run(JUnitCore.java:136)
	at fr.inria.lille.repair.MethodTestRunner.runTest(MethodTestRunner.java:44)
	at fr.inria.lille.repair.MethodTestRunner.access$0(MethodTestRunner.java:37)
	at fr.inria.lille.repair.MethodTestRunner$1.call(MethodTestRunner.java:20)
	at java.util.concurrent.FutureTask.run(FutureTask.java:266)
	at java.util.concurrent.ThreadPoolExecutor.runWorker(ThreadPoolExecutor.java:1142)
	at java.util.concurrent.ThreadPoolExecutor$Worker.run(ThreadPoolExecutor.java:617)
	at java.lang.Thread.run(Thread.java:745)
Caused by: java.lang.IllegalStateException
	... 46 more

FAILURES!!!
Tests run: 1,  Failures: 1

com.google.javascript.jscomp.FunctionRewriterTest#testIssue538
.java.lang.IllegalStateException: FAILED ASSERTION
	at com.google.javascript.rhino.Kit.codeBug(Kit.java:462)
	at com.google.javascript.rhino.Node.getExistingIntProp(Node.java:923)
	at com.google.javascript.jscomp.FunctionRewriter$GetterReducer.getGetPropertyName(FunctionRewriter.java:448)
	at com.google.javascript.jscomp.FunctionRewriter$GetterReducer.reduce(FunctionRewriter.java:425)
	at com.google.javascript.jscomp.FunctionRewriter$ReductionGatherer.shouldTraverse(FunctionRewriter.java:176)
	at com.google.javascript.jscomp.NodeTraversal.traverseBranch(NodeTraversal.java:461)
	at com.google.javascript.jscomp.NodeTraversal.traverseBranch(NodeTraversal.java:473)
	at com.google.javascript.jscomp.NodeTraversal.traverseBranch(NodeTraversal.java:473)
	at com.google.javascript.jscomp.NodeTraversal.traverseBranch(NodeTraversal.java:473)
	at com.google.javascript.jscomp.NodeTraversal.traverseBranch(NodeTraversal.java:473)
	at com.google.javascript.jscomp.NodeTraversal.traverse(NodeTraversal.java:259)
	at com.google.javascript.jscomp.NodeTraversal.traverse(NodeTraversal.java:437)
	at com.google.javascript.jscomp.FunctionRewriter.process(FunctionRewriter.java:68)
	at com.google.javascript.jscomp.CompilerTestCase.test(CompilerTestCase.java:765)
	at com.google.javascript.jscomp.CompilerTestCase.test(CompilerTestCase.java:423)
	at com.google.javascript.jscomp.CompilerTestCase.test(CompilerTestCase.java:348)
	at com.google.javascript.jscomp.CompilerTestCase.test(CompilerTestCase.java:317)
	at com.google.javascript.jscomp.CompilerTestCase.test(CompilerTestCase.java:305)
	at com.google.javascript.jscomp.FunctionRewriterTest.checkCompilesTo(FunctionRewriterTest.java:199)
	at com.google.javascript.jscomp.FunctionRewriterTest.checkCompilesToSame(FunctionRewriterTest.java:203)
	at com.google.javascript.jscomp.FunctionRewriterTest.testIssue538(FunctionRewriterTest.java:166)
	at sun.reflect.NativeMethodAccessorImpl.invoke0(Native Method)
	at sun.reflect.NativeMethodAccessorImpl.invoke(NativeMethodAccessorImpl.java:62)
	at sun.reflect.DelegatingMethodAccessorImpl.invoke(DelegatingMethodAccessorImpl.java:43)
	at java.lang.reflect.Method.invoke(Method.java:497)
	at junit.framework.TestCase.runTest(TestCase.java:168)
	at junit.framework.TestCase.runBare(TestCase.java:134)
	at junit.framework.TestResult$1.protect(TestResult.java:110)
	at junit.framework.TestResult.runProtected(TestResult.java:128)
	at junit.framework.TestResult.run(TestResult.java:113)
	at junit.framework.TestCase.run(TestCase.java:124)
	at junit.framework.TestSuite.runTest(TestSuite.java:243)
	at junit.framework.TestSuite.run(TestSuite.java:238)
	at org.junit.internal.runners.JUnit38ClassRunner.run(JUnit38ClassRunner.java:83)
	at org.junit.runner.JUnitCore.run(JUnitCore.java:157)
	at org.junit.runner.JUnitCore.run(JUnitCore.java:136)
	at fr.inria.lille.repair.MethodTestRunner.runTest(MethodTestRunner.java:44)
	at fr.inria.lille.repair.MethodTestRunner.access$0(MethodTestRunner.java:37)
	at fr.inria.lille.repair.MethodTestRunner$1.call(MethodTestRunner.java:20)
	at java.util.concurrent.FutureTask.run(FutureTask.java:266)
	at java.util.concurrent.ThreadPoolExecutor.runWorker(ThreadPoolExecutor.java:1142)
	at java.util.concurrent.ThreadPoolExecutor$Worker.run(ThreadPoolExecutor.java:617)
	at java.lang.Thread.run(Thread.java:745)
java.lang.IllegalStateException: FAILED ASSERTION
	at com.google.javascript.rhino.Kit.codeBug(Kit.java:462)
	at com.google.javascript.rhino.Node.getExistingIntProp(Node.java:923)
	at com.google.javascript.jscomp.FunctionRewriter$GetterReducer.getGetPropertyName(FunctionRewriter.java:448)
	at com.google.javascript.jscomp.FunctionRewriter$GetterReducer.reduce(FunctionRewriter.java:425)
	at com.google.javascript.jscomp.FunctionRewriter$ReductionGatherer.shouldTraverse(FunctionRewriter.java:176)
	at com.google.javascript.jscomp.NodeTraversal.traverseBranch(NodeTraversal.java:461)
	at com.google.javascript.jscomp.NodeTraversal.traverseBranch(NodeTraversal.java:473)
	at com.google.javascript.jscomp.NodeTraversal.traverseBranch(NodeTraversal.java:473)
	at com.google.javascript.jscomp.NodeTraversal.traverseBranch(NodeTraversal.java:473)
	at com.google.javascript.jscomp.NodeTraversal.traverseBranch(NodeTraversal.java:473)
	at com.google.javascript.jscomp.NodeTraversal.traverse(NodeTraversal.java:259)
	at com.google.javascript.jscomp.NodeTraversal.traverse(NodeTraversal.java:437)
	at com.google.javascript.jscomp.FunctionRewriter.process(FunctionRewriter.java:68)
	at com.google.javascript.jscomp.CompilerTestCase.test(CompilerTestCase.java:765)
	at com.google.javascript.jscomp.CompilerTestCase.test(CompilerTestCase.java:423)
	at com.google.javascript.jscomp.CompilerTestCase.test(CompilerTestCase.java:348)
	at com.google.javascript.jscomp.CompilerTestCase.test(CompilerTestCase.java:317)
	at com.google.javascript.jscomp.CompilerTestCase.test(CompilerTestCase.java:305)
	at com.google.javascript.jscomp.FunctionRewriterTest.checkCompilesTo(FunctionRewriterTest.java:199)
	at com.google.javascript.jscomp.FunctionRewriterTest.checkCompilesToSame(FunctionRewriterTest.java:203)
	at com.google.javascript.jscomp.FunctionRewriterTest.testIssue538(FunctionRewriterTest.java:166)
	at sun.reflect.NativeMethodAccessorImpl.invoke0(Native Method)
	at sun.reflect.NativeMethodAccessorImpl.invoke(NativeMethodAccessorImpl.java:62)
	at sun.reflect.DelegatingMethodAccessorImpl.invoke(DelegatingMethodAccessorImpl.java:43)
	at java.lang.reflect.Method.invoke(Method.java:497)
	at junit.framework.TestCase.runTest(TestCase.java:168)
	at junit.framework.TestCase.runBare(TestCase.java:134)
	at junit.framework.TestResult$1.protect(TestResult.java:110)
	at junit.framework.TestResult.runProtected(TestResult.java:128)
	at junit.framework.TestResult.run(TestResult.java:113)
	at junit.framework.TestCase.run(TestCase.java:124)
	at junit.framework.TestSuite.runTest(TestSuite.java:243)
	at junit.framework.TestSuite.run(TestSuite.java:238)
	at org.junit.internal.runners.JUnit38ClassRunner.run(JUnit38ClassRunner.java:83)
	at org.junit.runner.JUnitCore.run(JUnitCore.java:157)
	at org.junit.runner.JUnitCore.run(JUnitCore.java:136)
	at fr.inria.lille.repair.MethodTestRunner.runTest(MethodTestRunner.java:44)
	at fr.inria.lille.repair.MethodTestRunner.access$0(MethodTestRunner.java:37)
	at fr.inria.lille.repair.MethodTestRunner$1.call(MethodTestRunner.java:20)
	at java.util.concurrent.FutureTask.run(FutureTask.java:266)
	at java.util.concurrent.ThreadPoolExecutor.runWorker(ThreadPoolExecutor.java:1142)
	at java.util.concurrent.ThreadPoolExecutor$Worker.run(ThreadPoolExecutor.java:617)
	at java.lang.Thread.run(Thread.java:745)
E
Time: 0.115
There was 1 failure:
1) testIssue538(com.google.javascript.jscomp.FunctionRewriterTest)
java.lang.RuntimeException: INTERNAL COMPILER ERROR.
Please report this problem.
null
  Node(FUNCTION ): testcode:2:31
WebInspector.Setting = function() {}
  Parent: NULL
	at com.google.common.base.Preconditions.checkState(Preconditions.java:129)
	at com.google.javascript.jscomp.NodeUtil.isStatementParent(NodeUtil.java:1761)
	at com.google.javascript.jscomp.NodeUtil.isStatement(NodeUtil.java:1754)
	at com.google.javascript.jscomp.NodeUtil.isFunctionExpression(NodeUtil.java:1989)
	at com.google.javascript.jscomp.FunctionRewriter.isReduceableFunctionExpression(FunctionRewriter.java:117)
	at com.google.javascript.jscomp.FunctionRewriter.access$600(FunctionRewriter.java:46)
	at com.google.javascript.jscomp.FunctionRewriter$SetterReducer.reduce(FunctionRewriter.java:483)
	at com.google.javascript.jscomp.FunctionRewriter$ReductionGatherer.shouldTraverse(FunctionRewriter.java:176)
	at com.google.javascript.jscomp.NodeTraversal.traverseBranch(NodeTraversal.java:461)
	at com.google.javascript.jscomp.NodeTraversal.traverseBranch(NodeTraversal.java:473)
	at com.google.javascript.jscomp.NodeTraversal.traverseBranch(NodeTraversal.java:473)
	at com.google.javascript.jscomp.NodeTraversal.traverseBranch(NodeTraversal.java:473)
	at com.google.javascript.jscomp.NodeTraversal.traverseBranch(NodeTraversal.java:473)
	at com.google.javascript.jscomp.NodeTraversal.traverse(NodeTraversal.java:259)
	at com.google.javascript.jscomp.NodeTraversal.traverse(NodeTraversal.java:437)
	at com.google.javascript.jscomp.FunctionRewriter.process(FunctionRewriter.java:68)
	at com.google.javascript.jscomp.CompilerTestCase.test(CompilerTestCase.java:765)
	at com.google.javascript.jscomp.CompilerTestCase.test(CompilerTestCase.java:423)
	at com.google.javascript.jscomp.CompilerTestCase.test(CompilerTestCase.java:348)
	at com.google.javascript.jscomp.CompilerTestCase.test(CompilerTestCase.java:317)
	at com.google.javascript.jscomp.CompilerTestCase.test(CompilerTestCase.java:305)
	at com.google.javascript.jscomp.FunctionRewriterTest.checkCompilesTo(FunctionRewriterTest.java:199)
	at com.google.javascript.jscomp.FunctionRewriterTest.checkCompilesToSame(FunctionRewriterTest.java:203)
	at com.google.javascript.jscomp.FunctionRewriterTest.testIssue538(FunctionRewriterTest.java:166)
	at sun.reflect.NativeMethodAccessorImpl.invoke0(Native Method)
	at sun.reflect.NativeMethodAccessorImpl.invoke(NativeMethodAccessorImpl.java:62)
	at sun.reflect.DelegatingMethodAccessorImpl.invoke(DelegatingMethodAccessorImpl.java:43)
	at java.lang.reflect.Method.invoke(Method.java:497)
	at junit.framework.TestCase.runTest(TestCase.java:168)
	at junit.framework.TestCase.runBare(TestCase.java:134)
	at junit.framework.TestResult$1.protect(TestResult.java:110)
	at junit.framework.TestResult.runProtected(TestResult.java:128)
	at junit.framework.TestResult.run(TestResult.java:113)
	at junit.framework.TestCase.run(TestCase.java:124)
	at junit.framework.TestSuite.runTest(TestSuite.java:243)
	at junit.framework.TestSuite.run(TestSuite.java:238)
	at org.junit.internal.runners.JUnit38ClassRunner.run(JUnit38ClassRunner.java:83)
	at org.junit.runner.JUnitCore.run(JUnitCore.java:157)
	at org.junit.runner.JUnitCore.run(JUnitCore.java:136)
	at fr.inria.lille.repair.MethodTestRunner.runTest(MethodTestRunner.java:44)
	at fr.inria.lille.repair.MethodTestRunner.access$0(MethodTestRunner.java:37)
	at fr.inria.lille.repair.MethodTestRunner$1.call(MethodTestRunner.java:20)
	at java.util.concurrent.FutureTask.run(FutureTask.java:266)
	at java.util.concurrent.ThreadPoolExecutor.runWorker(ThreadPoolExecutor.java:1142)
	at java.util.concurrent.ThreadPoolExecutor$Worker.run(ThreadPoolExecutor.java:617)
	at java.lang.Thread.run(Thread.java:745)
Caused by: java.lang.IllegalStateException
	... 46 more

FAILURES!!!
Tests run: 1,  Failures: 1

com.google.javascript.jscomp.FunctionRewriterTest#testReplaceGetter1
.java.lang.IllegalStateException: FAILED ASSERTION
	at com.google.javascript.rhino.Kit.codeBug(Kit.java:462)
	at com.google.javascript.rhino.Node.getExistingIntProp(Node.java:923)
	at com.google.javascript.jscomp.FunctionRewriter$GetterReducer.getGetPropertyName(FunctionRewriter.java:448)
	at com.google.javascript.jscomp.FunctionRewriter$GetterReducer.reduce(FunctionRewriter.java:425)
	at com.google.javascript.jscomp.FunctionRewriter$ReductionGatherer.shouldTraverse(FunctionRewriter.java:176)
	at com.google.javascript.jscomp.NodeTraversal.traverseBranch(NodeTraversal.java:461)
	at com.google.javascript.jscomp.NodeTraversal.traverseBranch(NodeTraversal.java:473)
	at com.google.javascript.jscomp.NodeTraversal.traverseBranch(NodeTraversal.java:473)
	at com.google.javascript.jscomp.NodeTraversal.traverseBranch(NodeTraversal.java:473)
	at com.google.javascript.jscomp.NodeTraversal.traverseBranch(NodeTraversal.java:473)
	at com.google.javascript.jscomp.NodeTraversal.traverse(NodeTraversal.java:259)
	at com.google.javascript.jscomp.NodeTraversal.traverse(NodeTraversal.java:437)
	at com.google.javascript.jscomp.FunctionRewriter.process(FunctionRewriter.java:68)
	at com.google.javascript.jscomp.CompilerTestCase.test(CompilerTestCase.java:765)
	at com.google.javascript.jscomp.CompilerTestCase.test(CompilerTestCase.java:423)
	at com.google.javascript.jscomp.CompilerTestCase.test(CompilerTestCase.java:348)
	at com.google.javascript.jscomp.CompilerTestCase.test(CompilerTestCase.java:317)
	at com.google.javascript.jscomp.CompilerTestCase.test(CompilerTestCase.java:305)
	at com.google.javascript.jscomp.FunctionRewriterTest.checkCompilesTo(FunctionRewriterTest.java:199)
	at com.google.javascript.jscomp.FunctionRewriterTest.checkCompilesToSame(FunctionRewriterTest.java:203)
	at com.google.javascript.jscomp.FunctionRewriterTest.testReplaceGetter1(FunctionRewriterTest.java:90)
	at sun.reflect.NativeMethodAccessorImpl.invoke0(Native Method)
	at sun.reflect.NativeMethodAccessorImpl.invoke(NativeMethodAccessorImpl.java:62)
	at sun.reflect.DelegatingMethodAccessorImpl.invoke(DelegatingMethodAccessorImpl.java:43)
	at java.lang.reflect.Method.invoke(Method.java:497)
	at junit.framework.TestCase.runTest(TestCase.java:168)
	at junit.framework.TestCase.runBare(TestCase.java:134)
	at junit.framework.TestResult$1.protect(TestResult.java:110)
	at junit.framework.TestResult.runProtected(TestResult.java:128)
	at junit.framework.TestResult.run(TestResult.java:113)
	at junit.framework.TestCase.run(TestCase.java:124)
	at junit.framework.TestSuite.runTest(TestSuite.java:243)
	at junit.framework.TestSuite.run(TestSuite.java:238)
	at org.junit.internal.runners.JUnit38ClassRunner.run(JUnit38ClassRunner.java:83)
	at org.junit.runner.JUnitCore.run(JUnitCore.java:157)
	at org.junit.runner.JUnitCore.run(JUnitCore.java:136)
	at fr.inria.lille.repair.MethodTestRunner.runTest(MethodTestRunner.java:44)
	at fr.inria.lille.repair.MethodTestRunner.access$0(MethodTestRunner.java:37)
	at fr.inria.lille.repair.MethodTestRunner$1.call(MethodTestRunner.java:20)
	at java.util.concurrent.FutureTask.run(FutureTask.java:266)
	at java.util.concurrent.ThreadPoolExecutor.runWorker(ThreadPoolExecutor.java:1142)
	at java.util.concurrent.ThreadPoolExecutor$Worker.run(ThreadPoolExecutor.java:617)
	at java.lang.Thread.run(Thread.java:745)
java.lang.IllegalStateException: FAILED ASSERTION
	at com.google.javascript.rhino.Kit.codeBug(Kit.java:462)
	at com.google.javascript.rhino.Node.getExistingIntProp(Node.java:923)
	at com.google.javascript.jscomp.FunctionRewriter$GetterReducer.getGetPropertyName(FunctionRewriter.java:448)
	at com.google.javascript.jscomp.FunctionRewriter$GetterReducer.reduce(FunctionRewriter.java:425)
	at com.google.javascript.jscomp.FunctionRewriter$ReductionGatherer.shouldTraverse(FunctionRewriter.java:176)
	at com.google.javascript.jscomp.NodeTraversal.traverseBranch(NodeTraversal.java:461)
	at com.google.javascript.jscomp.NodeTraversal.traverseBranch(NodeTraversal.java:473)
	at com.google.javascript.jscomp.NodeTraversal.traverseBranch(NodeTraversal.java:473)
	at com.google.javascript.jscomp.NodeTraversal.traverseBranch(NodeTraversal.java:473)
	at com.google.javascript.jscomp.NodeTraversal.traverseBranch(NodeTraversal.java:473)
	at com.google.javascript.jscomp.NodeTraversal.traverse(NodeTraversal.java:259)
	at com.google.javascript.jscomp.NodeTraversal.traverse(NodeTraversal.java:437)
	at com.google.javascript.jscomp.FunctionRewriter.process(FunctionRewriter.java:68)
	at com.google.javascript.jscomp.CompilerTestCase.test(CompilerTestCase.java:765)
	at com.google.javascript.jscomp.CompilerTestCase.test(CompilerTestCase.java:423)
	at com.google.javascript.jscomp.CompilerTestCase.test(CompilerTestCase.java:348)
	at com.google.javascript.jscomp.CompilerTestCase.test(CompilerTestCase.java:317)
	at com.google.javascript.jscomp.CompilerTestCase.test(CompilerTestCase.java:305)
	at com.google.javascript.jscomp.FunctionRewriterTest.checkCompilesTo(FunctionRewriterTest.java:199)
	at com.google.javascript.jscomp.FunctionRewriterTest.checkCompilesToSame(FunctionRewriterTest.java:203)
	at com.google.javascript.jscomp.FunctionRewriterTest.testReplaceGetter1(FunctionRewriterTest.java:90)
	at sun.reflect.NativeMethodAccessorImpl.invoke0(Native Method)
	at sun.reflect.NativeMethodAccessorImpl.invoke(NativeMethodAccessorImpl.java:62)
	at sun.reflect.DelegatingMethodAccessorImpl.invoke(DelegatingMethodAccessorImpl.java:43)
	at java.lang.reflect.Method.invoke(Method.java:497)
	at junit.framework.TestCase.runTest(TestCase.java:168)
	at junit.framework.TestCase.runBare(TestCase.java:134)
	at junit.framework.TestResult$1.protect(TestResult.java:110)
	at junit.framework.TestResult.runProtected(TestResult.java:128)
	at junit.framework.TestResult.run(TestResult.java:113)
	at junit.framework.TestCase.run(TestCase.java:124)
	at junit.framework.TestSuite.runTest(TestSuite.java:243)
	at junit.framework.TestSuite.run(TestSuite.java:238)
	at org.junit.internal.runners.JUnit38ClassRunner.run(JUnit38ClassRunner.java:83)
	at org.junit.runner.JUnitCore.run(JUnitCore.java:157)
	at org.junit.runner.JUnitCore.run(JUnitCore.java:136)
	at fr.inria.lille.repair.MethodTestRunner.runTest(MethodTestRunner.java:44)
	at fr.inria.lille.repair.MethodTestRunner.access$0(MethodTestRunner.java:37)
	at fr.inria.lille.repair.MethodTestRunner$1.call(MethodTestRunner.java:20)
	at java.util.concurrent.FutureTask.run(FutureTask.java:266)
	at java.util.concurrent.ThreadPoolExecutor.runWorker(ThreadPoolExecutor.java:1142)
	at java.util.concurrent.ThreadPoolExecutor$Worker.run(ThreadPoolExecutor.java:617)
	at java.lang.Thread.run(Thread.java:745)
java.lang.IllegalStateException: FAILED ASSERTION
	at com.google.javascript.rhino.Kit.codeBug(Kit.java:462)
	at com.google.javascript.rhino.Node.getExistingIntProp(Node.java:923)
	at com.google.javascript.jscomp.FunctionRewriter$GetterReducer.getGetPropertyName(FunctionRewriter.java:448)
	at com.google.javascript.jscomp.FunctionRewriter$GetterReducer.reduce(FunctionRewriter.java:425)
	at com.google.javascript.jscomp.FunctionRewriter$ReductionGatherer.shouldTraverse(FunctionRewriter.java:176)
	at com.google.javascript.jscomp.NodeTraversal.traverseBranch(NodeTraversal.java:461)
	at com.google.javascript.jscomp.NodeTraversal.traverseBranch(NodeTraversal.java:473)
	at com.google.javascript.jscomp.NodeTraversal.traverseBranch(NodeTraversal.java:473)
	at com.google.javascript.jscomp.NodeTraversal.traverseBranch(NodeTraversal.java:473)
	at com.google.javascript.jscomp.NodeTraversal.traverseBranch(NodeTraversal.java:473)
	at com.google.javascript.jscomp.NodeTraversal.traverse(NodeTraversal.java:259)
	at com.google.javascript.jscomp.NodeTraversal.traverse(NodeTraversal.java:437)
	at com.google.javascript.jscomp.FunctionRewriter.process(FunctionRewriter.java:68)
	at com.google.javascript.jscomp.CompilerTestCase.test(CompilerTestCase.java:765)
	at com.google.javascript.jscomp.CompilerTestCase.test(CompilerTestCase.java:423)
	at com.google.javascript.jscomp.CompilerTestCase.test(CompilerTestCase.java:348)
	at com.google.javascript.jscomp.CompilerTestCase.test(CompilerTestCase.java:317)
	at com.google.javascript.jscomp.CompilerTestCase.test(CompilerTestCase.java:305)
	at com.google.javascript.jscomp.FunctionRewriterTest.checkCompilesTo(FunctionRewriterTest.java:199)
	at com.google.javascript.jscomp.FunctionRewriterTest.checkCompilesToSame(FunctionRewriterTest.java:203)
	at com.google.javascript.jscomp.FunctionRewriterTest.testReplaceGetter1(FunctionRewriterTest.java:90)
	at sun.reflect.NativeMethodAccessorImpl.invoke0(Native Method)
	at sun.reflect.NativeMethodAccessorImpl.invoke(NativeMethodAccessorImpl.java:62)
	at sun.reflect.DelegatingMethodAccessorImpl.invoke(DelegatingMethodAccessorImpl.java:43)
	at java.lang.reflect.Method.invoke(Method.java:497)
	at junit.framework.TestCase.runTest(TestCase.java:168)
	at junit.framework.TestCase.runBare(TestCase.java:134)
	at junit.framework.TestResult$1.protect(TestResult.java:110)
	at junit.framework.TestResult.runProtected(TestResult.java:128)
	at junit.framework.TestResult.run(TestResult.java:113)
	at junit.framework.TestCase.run(TestCase.java:124)
	at junit.framework.TestSuite.runTest(TestSuite.java:243)
	at junit.framework.TestSuite.run(TestSuite.java:238)
	at org.junit.internal.runners.JUnit38ClassRunner.run(JUnit38ClassRunner.java:83)
	at org.junit.runner.JUnitCore.run(JUnitCore.java:157)
	at org.junit.runner.JUnitCore.run(JUnitCore.java:136)
	at fr.inria.lille.repair.MethodTestRunner.runTest(MethodTestRunner.java:44)
	at fr.inria.lille.repair.MethodTestRunner.access$0(MethodTestRunner.java:37)
	at fr.inria.lille.repair.MethodTestRunner$1.call(MethodTestRunner.java:20)
	at java.util.concurrent.FutureTask.run(FutureTask.java:266)
	at java.util.concurrent.ThreadPoolExecutor.runWorker(ThreadPoolExecutor.java:1142)
	at java.util.concurrent.ThreadPoolExecutor$Worker.run(ThreadPoolExecutor.java:617)
	at java.lang.Thread.run(Thread.java:745)
java.lang.IllegalStateException: FAILED ASSERTION
	at com.google.javascript.rhino.Kit.codeBug(Kit.java:462)
	at com.google.javascript.rhino.Node.getExistingIntProp(Node.java:923)
	at com.google.javascript.jscomp.FunctionRewriter$GetterReducer.getGetPropertyName(FunctionRewriter.java:448)
	at com.google.javascript.jscomp.FunctionRewriter$GetterReducer.reduce(FunctionRewriter.java:425)
	at com.google.javascript.jscomp.FunctionRewriter$ReductionGatherer.shouldTraverse(FunctionRewriter.java:176)
	at com.google.javascript.jscomp.NodeTraversal.traverseBranch(NodeTraversal.java:461)
	at com.google.javascript.jscomp.NodeTraversal.traverseBranch(NodeTraversal.java:473)
	at com.google.javascript.jscomp.NodeTraversal.traverseBranch(NodeTraversal.java:473)
	at com.google.javascript.jscomp.NodeTraversal.traverseBranch(NodeTraversal.java:473)
	at com.google.javascript.jscomp.NodeTraversal.traverseBranch(NodeTraversal.java:473)
	at com.google.javascript.jscomp.NodeTraversal.traverse(NodeTraversal.java:259)
	at com.google.javascript.jscomp.NodeTraversal.traverse(NodeTraversal.java:437)
	at com.google.javascript.jscomp.FunctionRewriter.process(FunctionRewriter.java:68)
	at com.google.javascript.jscomp.CompilerTestCase.test(CompilerTestCase.java:765)
	at com.google.javascript.jscomp.CompilerTestCase.test(CompilerTestCase.java:423)
	at com.google.javascript.jscomp.CompilerTestCase.test(CompilerTestCase.java:348)
	at com.google.javascript.jscomp.CompilerTestCase.test(CompilerTestCase.java:317)
	at com.google.javascript.jscomp.CompilerTestCase.test(CompilerTestCase.java:305)
	at com.google.javascript.jscomp.FunctionRewriterTest.checkCompilesTo(FunctionRewriterTest.java:199)
	at com.google.javascript.jscomp.FunctionRewriterTest.checkCompilesToSame(FunctionRewriterTest.java:203)
	at com.google.javascript.jscomp.FunctionRewriterTest.testReplaceGetter1(FunctionRewriterTest.java:90)
	at sun.reflect.NativeMethodAccessorImpl.invoke0(Native Method)
	at sun.reflect.NativeMethodAccessorImpl.invoke(NativeMethodAccessorImpl.java:62)
	at sun.reflect.DelegatingMethodAccessorImpl.invoke(DelegatingMethodAccessorImpl.java:43)
	at java.lang.reflect.Method.invoke(Method.java:497)
	at junit.framework.TestCase.runTest(TestCase.java:168)
	at junit.framework.TestCase.runBare(TestCase.java:134)
	at junit.framework.TestResult$1.protect(TestResult.java:110)
	at junit.framework.TestResult.runProtected(TestResult.java:128)
	at junit.framework.TestResult.run(TestResult.java:113)
	at junit.framework.TestCase.run(TestCase.java:124)
	at junit.framework.TestSuite.runTest(TestSuite.java:243)
	at junit.framework.TestSuite.run(TestSuite.java:238)
	at org.junit.internal.runners.JUnit38ClassRunner.run(JUnit38ClassRunner.java:83)
	at org.junit.runner.JUnitCore.run(JUnitCore.java:157)
	at org.junit.runner.JUnitCore.run(JUnitCore.java:136)
	at fr.inria.lille.repair.MethodTestRunner.runTest(MethodTestRunner.java:44)
	at fr.inria.lille.repair.MethodTestRunner.access$0(MethodTestRunner.java:37)
	at fr.inria.lille.repair.MethodTestRunner$1.call(MethodTestRunner.java:20)
	at java.util.concurrent.FutureTask.run(FutureTask.java:266)
	at java.util.concurrent.ThreadPoolExecutor.runWorker(ThreadPoolExecutor.java:1142)
	at java.util.concurrent.ThreadPoolExecutor$Worker.run(ThreadPoolExecutor.java:617)
	at java.lang.Thread.run(Thread.java:745)
java.lang.IllegalStateException: FAILED ASSERTION
	at com.google.javascript.rhino.Kit.codeBug(Kit.java:462)
	at com.google.javascript.rhino.Node.getExistingIntProp(Node.java:923)
	at com.google.javascript.jscomp.FunctionRewriter$GetterReducer.getGetPropertyName(FunctionRewriter.java:448)
	at com.google.javascript.jscomp.FunctionRewriter$GetterReducer.reduce(FunctionRewriter.java:425)
	at com.google.javascript.jscomp.FunctionRewriter$ReductionGatherer.shouldTraverse(FunctionRewriter.java:176)
	at com.google.javascript.jscomp.NodeTraversal.traverseBranch(NodeTraversal.java:461)
	at com.google.javascript.jscomp.NodeTraversal.traverseBranch(NodeTraversal.java:473)
	at com.google.javascript.jscomp.NodeTraversal.traverseBranch(NodeTraversal.java:473)
	at com.google.javascript.jscomp.NodeTraversal.traverseBranch(NodeTraversal.java:473)
	at com.google.javascript.jscomp.NodeTraversal.traverseBranch(NodeTraversal.java:473)
	at com.google.javascript.jscomp.NodeTraversal.traverse(NodeTraversal.java:259)
	at com.google.javascript.jscomp.NodeTraversal.traverse(NodeTraversal.java:437)
	at com.google.javascript.jscomp.FunctionRewriter.process(FunctionRewriter.java:68)
	at com.google.javascript.jscomp.CompilerTestCase.test(CompilerTestCase.java:765)
	at com.google.javascript.jscomp.CompilerTestCase.test(CompilerTestCase.java:423)
	at com.google.javascript.jscomp.CompilerTestCase.test(CompilerTestCase.java:348)
	at com.google.javascript.jscomp.CompilerTestCase.test(CompilerTestCase.java:317)
	at com.google.javascript.jscomp.CompilerTestCase.test(CompilerTestCase.java:305)
	at com.google.javascript.jscomp.FunctionRewriterTest.checkCompilesTo(FunctionRewriterTest.java:199)
	at com.google.javascript.jscomp.FunctionRewriterTest.checkCompilesToSame(FunctionRewriterTest.java:203)
	at com.google.javascript.jscomp.FunctionRewriterTest.testReplaceGetter1(FunctionRewriterTest.java:90)
	at sun.reflect.NativeMethodAccessorImpl.invoke0(Native Method)
	at sun.reflect.NativeMethodAccessorImpl.invoke(NativeMethodAccessorImpl.java:62)
	at sun.reflect.DelegatingMethodAccessorImpl.invoke(DelegatingMethodAccessorImpl.java:43)
	at java.lang.reflect.Method.invoke(Method.java:497)
	at junit.framework.TestCase.runTest(TestCase.java:168)
	at junit.framework.TestCase.runBare(TestCase.java:134)
	at junit.framework.TestResult$1.protect(TestResult.java:110)
	at junit.framework.TestResult.runProtected(TestResult.java:128)
	at junit.framework.TestResult.run(TestResult.java:113)
	at junit.framework.TestCase.run(TestCase.java:124)
	at junit.framework.TestSuite.runTest(TestSuite.java:243)
	at junit.framework.TestSuite.run(TestSuite.java:238)
	at org.junit.internal.runners.JUnit38ClassRunner.run(JUnit38ClassRunner.java:83)
	at org.junit.runner.JUnitCore.run(JUnitCore.java:157)
	at org.junit.runner.JUnitCore.run(JUnitCore.java:136)
	at fr.inria.lille.repair.MethodTestRunner.runTest(MethodTestRunner.java:44)
	at fr.inria.lille.repair.MethodTestRunner.access$0(MethodTestRunner.java:37)
	at fr.inria.lille.repair.MethodTestRunner$1.call(MethodTestRunner.java:20)
	at java.util.concurrent.FutureTask.run(FutureTask.java:266)
	at java.util.concurrent.ThreadPoolExecutor.runWorker(ThreadPoolExecutor.java:1142)
	at java.util.concurrent.ThreadPoolExecutor$Worker.run(ThreadPoolExecutor.java:617)
	at java.lang.Thread.run(Thread.java:745)
java.lang.IllegalStateException: FAILED ASSERTION
	at com.google.javascript.rhino.Kit.codeBug(Kit.java:462)
	at com.google.javascript.rhino.Node.getExistingIntProp(Node.java:923)
	at com.google.javascript.jscomp.FunctionRewriter$GetterReducer.getGetPropertyName(FunctionRewriter.java:448)
	at com.google.javascript.jscomp.FunctionRewriter$GetterReducer.reduce(FunctionRewriter.java:425)
	at com.google.javascript.jscomp.FunctionRewriter$ReductionGatherer.shouldTraverse(FunctionRewriter.java:176)
	at com.google.javascript.jscomp.NodeTraversal.traverseBranch(NodeTraversal.java:461)
	at com.google.javascript.jscomp.NodeTraversal.traverseBranch(NodeTraversal.java:473)
	at com.google.javascript.jscomp.NodeTraversal.traverseBranch(NodeTraversal.java:473)
	at com.google.javascript.jscomp.NodeTraversal.traverseBranch(NodeTraversal.java:473)
	at com.google.javascript.jscomp.NodeTraversal.traverseBranch(NodeTraversal.java:473)
	at com.google.javascript.jscomp.NodeTraversal.traverse(NodeTraversal.java:259)
	at com.google.javascript.jscomp.NodeTraversal.traverse(NodeTraversal.java:437)
	at com.google.javascript.jscomp.FunctionRewriter.process(FunctionRewriter.java:68)
	at com.google.javascript.jscomp.CompilerTestCase.test(CompilerTestCase.java:765)
	at com.google.javascript.jscomp.CompilerTestCase.test(CompilerTestCase.java:423)
	at com.google.javascript.jscomp.CompilerTestCase.test(CompilerTestCase.java:348)
	at com.google.javascript.jscomp.CompilerTestCase.test(CompilerTestCase.java:317)
	at com.google.javascript.jscomp.CompilerTestCase.test(CompilerTestCase.java:305)
	at com.google.javascript.jscomp.FunctionRewriterTest.checkCompilesTo(FunctionRewriterTest.java:199)
	at com.google.javascript.jscomp.FunctionRewriterTest.checkCompilesToSame(FunctionRewriterTest.java:203)
	at com.google.javascript.jscomp.FunctionRewriterTest.testReplaceGetter1(FunctionRewriterTest.java:90)
	at sun.reflect.NativeMethodAccessorImpl.invoke0(Native Method)
	at sun.reflect.NativeMethodAccessorImpl.invoke(NativeMethodAccessorImpl.java:62)
	at sun.reflect.DelegatingMethodAccessorImpl.invoke(DelegatingMethodAccessorImpl.java:43)
	at java.lang.reflect.Method.invoke(Method.java:497)
	at junit.framework.TestCase.runTest(TestCase.java:168)
	at junit.framework.TestCase.runBare(TestCase.java:134)
	at junit.framework.TestResult$1.protect(TestResult.java:110)
	at junit.framework.TestResult.runProtected(TestResult.java:128)
	at junit.framework.TestResult.run(TestResult.java:113)
	at junit.framework.TestCase.run(TestCase.java:124)
	at junit.framework.TestSuite.runTest(TestSuite.java:243)
	at junit.framework.TestSuite.run(TestSuite.java:238)
	at org.junit.internal.runners.JUnit38ClassRunner.run(JUnit38ClassRunner.java:83)
	at org.junit.runner.JUnitCore.run(JUnitCore.java:157)
	at org.junit.runner.JUnitCore.run(JUnitCore.java:136)
	at fr.inria.lille.repair.MethodTestRunner.runTest(MethodTestRunner.java:44)
	at fr.inria.lille.repair.MethodTestRunner.access$0(MethodTestRunner.java:37)
	at fr.inria.lille.repair.MethodTestRunner$1.call(MethodTestRunner.java:20)
	at java.util.concurrent.FutureTask.run(FutureTask.java:266)
	at java.util.concurrent.ThreadPoolExecutor.runWorker(ThreadPoolExecutor.java:1142)
	at java.util.concurrent.ThreadPoolExecutor$Worker.run(ThreadPoolExecutor.java:617)
	at java.lang.Thread.run(Thread.java:745)
java.lang.IllegalStateException: FAILED ASSERTION
	at com.google.javascript.rhino.Kit.codeBug(Kit.java:462)
	at com.google.javascript.rhino.Node.getExistingIntProp(Node.java:923)
	at com.google.javascript.jscomp.FunctionRewriter$GetterReducer.getGetPropertyName(FunctionRewriter.java:448)
	at com.google.javascript.jscomp.FunctionRewriter$GetterReducer.reduce(FunctionRewriter.java:425)
	at com.google.javascript.jscomp.FunctionRewriter$ReductionGatherer.shouldTraverse(FunctionRewriter.java:176)
	at com.google.javascript.jscomp.NodeTraversal.traverseBranch(NodeTraversal.java:461)
	at com.google.javascript.jscomp.NodeTraversal.traverseBranch(NodeTraversal.java:473)
	at com.google.javascript.jscomp.NodeTraversal.traverseBranch(NodeTraversal.java:473)
	at com.google.javascript.jscomp.NodeTraversal.traverseBranch(NodeTraversal.java:473)
	at com.google.javascript.jscomp.NodeTraversal.traverseBranch(NodeTraversal.java:473)
	at com.google.javascript.jscomp.NodeTraversal.traverse(NodeTraversal.java:259)
	at com.google.javascript.jscomp.NodeTraversal.traverse(NodeTraversal.java:437)
	at com.google.javascript.jscomp.FunctionRewriter.process(FunctionRewriter.java:68)
	at com.google.javascript.jscomp.CompilerTestCase.test(CompilerTestCase.java:765)
	at com.google.javascript.jscomp.CompilerTestCase.test(CompilerTestCase.java:423)
	at com.google.javascript.jscomp.CompilerTestCase.test(CompilerTestCase.java:348)
	at com.google.javascript.jscomp.CompilerTestCase.test(CompilerTestCase.java:317)
	at com.google.javascript.jscomp.CompilerTestCase.test(CompilerTestCase.java:305)
	at com.google.javascript.jscomp.FunctionRewriterTest.checkCompilesTo(FunctionRewriterTest.java:199)
	at com.google.javascript.jscomp.FunctionRewriterTest.checkCompilesToSame(FunctionRewriterTest.java:203)
	at com.google.javascript.jscomp.FunctionRewriterTest.testReplaceGetter1(FunctionRewriterTest.java:90)
	at sun.reflect.NativeMethodAccessorImpl.invoke0(Native Method)
	at sun.reflect.NativeMethodAccessorImpl.invoke(NativeMethodAccessorImpl.java:62)
	at sun.reflect.DelegatingMethodAccessorImpl.invoke(DelegatingMethodAccessorImpl.java:43)
	at java.lang.reflect.Method.invoke(Method.java:497)
	at junit.framework.TestCase.runTest(TestCase.java:168)
	at junit.framework.TestCase.runBare(TestCase.java:134)
	at junit.framework.TestResult$1.protect(TestResult.java:110)
	at junit.framework.TestResult.runProtected(TestResult.java:128)
	at junit.framework.TestResult.run(TestResult.java:113)
	at junit.framework.TestCase.run(TestCase.java:124)
	at junit.framework.TestSuite.runTest(TestSuite.java:243)
	at junit.framework.TestSuite.run(TestSuite.java:238)
	at org.junit.internal.runners.JUnit38ClassRunner.run(JUnit38ClassRunner.java:83)
	at org.junit.runner.JUnitCore.run(JUnitCore.java:157)
	at org.junit.runner.JUnitCore.run(JUnitCore.java:136)
	at fr.inria.lille.repair.MethodTestRunner.runTest(MethodTestRunner.java:44)
	at fr.inria.lille.repair.MethodTestRunner.access$0(MethodTestRunner.java:37)
	at fr.inria.lille.repair.MethodTestRunner$1.call(MethodTestRunner.java:20)
	at java.util.concurrent.FutureTask.run(FutureTask.java:266)
	at java.util.concurrent.ThreadPoolExecutor.runWorker(ThreadPoolExecutor.java:1142)
	at java.util.concurrent.ThreadPoolExecutor$Worker.run(ThreadPoolExecutor.java:617)
	at java.lang.Thread.run(Thread.java:745)
java.lang.IllegalStateException: FAILED ASSERTION
	at com.google.javascript.rhino.Kit.codeBug(Kit.java:462)
	at com.google.javascript.rhino.Node.getExistingIntProp(Node.java:923)
	at com.google.javascript.jscomp.FunctionRewriter$GetterReducer.getGetPropertyName(FunctionRewriter.java:448)
	at com.google.javascript.jscomp.FunctionRewriter$GetterReducer.reduce(FunctionRewriter.java:425)
	at com.google.javascript.jscomp.FunctionRewriter$ReductionGatherer.shouldTraverse(FunctionRewriter.java:176)
	at com.google.javascript.jscomp.NodeTraversal.traverseBranch(NodeTraversal.java:461)
	at com.google.javascript.jscomp.NodeTraversal.traverseBranch(NodeTraversal.java:473)
	at com.google.javascript.jscomp.NodeTraversal.traverseBranch(NodeTraversal.java:473)
	at com.google.javascript.jscomp.NodeTraversal.traverseBranch(NodeTraversal.java:473)
	at com.google.javascript.jscomp.NodeTraversal.traverseBranch(NodeTraversal.java:473)
	at com.google.javascript.jscomp.NodeTraversal.traverse(NodeTraversal.java:259)
	at com.google.javascript.jscomp.NodeTraversal.traverse(NodeTraversal.java:437)
	at com.google.javascript.jscomp.FunctionRewriter.process(FunctionRewriter.java:68)
	at com.google.javascript.jscomp.CompilerTestCase.test(CompilerTestCase.java:765)
	at com.google.javascript.jscomp.CompilerTestCase.test(CompilerTestCase.java:423)
	at com.google.javascript.jscomp.CompilerTestCase.test(CompilerTestCase.java:348)
	at com.google.javascript.jscomp.CompilerTestCase.test(CompilerTestCase.java:317)
	at com.google.javascript.jscomp.CompilerTestCase.test(CompilerTestCase.java:305)
	at com.google.javascript.jscomp.FunctionRewriterTest.checkCompilesTo(FunctionRewriterTest.java:199)
	at com.google.javascript.jscomp.FunctionRewriterTest.checkCompilesToSame(FunctionRewriterTest.java:203)
	at com.google.javascript.jscomp.FunctionRewriterTest.testReplaceGetter1(FunctionRewriterTest.java:90)
	at sun.reflect.NativeMethodAccessorImpl.invoke0(Native Method)
	at sun.reflect.NativeMethodAccessorImpl.invoke(NativeMethodAccessorImpl.java:62)
	at sun.reflect.DelegatingMethodAccessorImpl.invoke(DelegatingMethodAccessorImpl.java:43)
	at java.lang.reflect.Method.invoke(Method.java:497)
	at junit.framework.TestCase.runTest(TestCase.java:168)
	at junit.framework.TestCase.runBare(TestCase.java:134)
	at junit.framework.TestResult$1.protect(TestResult.java:110)
	at junit.framework.TestResult.runProtected(TestResult.java:128)
	at junit.framework.TestResult.run(TestResult.java:113)
	at junit.framework.TestCase.run(TestCase.java:124)
	at junit.framework.TestSuite.runTest(TestSuite.java:243)
	at junit.framework.TestSuite.run(TestSuite.java:238)
	at org.junit.internal.runners.JUnit38ClassRunner.run(JUnit38ClassRunner.java:83)
	at org.junit.runner.JUnitCore.run(JUnitCore.java:157)
	at org.junit.runner.JUnitCore.run(JUnitCore.java:136)
	at fr.inria.lille.repair.MethodTestRunner.runTest(MethodTestRunner.java:44)
	at fr.inria.lille.repair.MethodTestRunner.access$0(MethodTestRunner.java:37)
	at fr.inria.lille.repair.MethodTestRunner$1.call(MethodTestRunner.java:20)
	at java.util.concurrent.FutureTask.run(FutureTask.java:266)
	at java.util.concurrent.ThreadPoolExecutor.runWorker(ThreadPoolExecutor.java:1142)
	at java.util.concurrent.ThreadPoolExecutor$Worker.run(ThreadPoolExecutor.java:617)
	at java.lang.Thread.run(Thread.java:745)
java.lang.IllegalStateException: FAILED ASSERTION
	at com.google.javascript.rhino.Kit.codeBug(Kit.java:462)
	at com.google.javascript.rhino.Node.getExistingIntProp(Node.java:923)
	at com.google.javascript.jscomp.FunctionRewriter$GetterReducer.getGetPropertyName(FunctionRewriter.java:448)
	at com.google.javascript.jscomp.FunctionRewriter$GetterReducer.reduce(FunctionRewriter.java:425)
	at com.google.javascript.jscomp.FunctionRewriter$ReductionGatherer.shouldTraverse(FunctionRewriter.java:176)
	at com.google.javascript.jscomp.NodeTraversal.traverseBranch(NodeTraversal.java:461)
	at com.google.javascript.jscomp.NodeTraversal.traverseBranch(NodeTraversal.java:473)
	at com.google.javascript.jscomp.NodeTraversal.traverseBranch(NodeTraversal.java:473)
	at com.google.javascript.jscomp.NodeTraversal.traverseBranch(NodeTraversal.java:473)
	at com.google.javascript.jscomp.NodeTraversal.traverseBranch(NodeTraversal.java:473)
	at com.google.javascript.jscomp.NodeTraversal.traverse(NodeTraversal.java:259)
	at com.google.javascript.jscomp.NodeTraversal.traverse(NodeTraversal.java:437)
	at com.google.javascript.jscomp.FunctionRewriter.process(FunctionRewriter.java:68)
	at com.google.javascript.jscomp.CompilerTestCase.test(CompilerTestCase.java:765)
	at com.google.javascript.jscomp.CompilerTestCase.test(CompilerTestCase.java:423)
	at com.google.javascript.jscomp.CompilerTestCase.test(CompilerTestCase.java:348)
	at com.google.javascript.jscomp.CompilerTestCase.test(CompilerTestCase.java:317)
	at com.google.javascript.jscomp.CompilerTestCase.test(CompilerTestCase.java:305)
	at com.google.javascript.jscomp.FunctionRewriterTest.checkCompilesTo(FunctionRewriterTest.java:199)
	at com.google.javascript.jscomp.FunctionRewriterTest.checkCompilesToSame(FunctionRewriterTest.java:203)
	at com.google.javascript.jscomp.FunctionRewriterTest.testReplaceGetter1(FunctionRewriterTest.java:90)
	at sun.reflect.NativeMethodAccessorImpl.invoke0(Native Method)
	at sun.reflect.NativeMethodAccessorImpl.invoke(NativeMethodAccessorImpl.java:62)
	at sun.reflect.DelegatingMethodAccessorImpl.invoke(DelegatingMethodAccessorImpl.java:43)
	at java.lang.reflect.Method.invoke(Method.java:497)
	at junit.framework.TestCase.runTest(TestCase.java:168)
	at junit.framework.TestCase.runBare(TestCase.java:134)
	at junit.framework.TestResult$1.protect(TestResult.java:110)
	at junit.framework.TestResult.runProtected(TestResult.java:128)
	at junit.framework.TestResult.run(TestResult.java:113)
	at junit.framework.TestCase.run(TestCase.java:124)
	at junit.framework.TestSuite.runTest(TestSuite.java:243)
	at junit.framework.TestSuite.run(TestSuite.java:238)
	at org.junit.internal.runners.JUnit38ClassRunner.run(JUnit38ClassRunner.java:83)
	at org.junit.runner.JUnitCore.run(JUnitCore.java:157)
	at org.junit.runner.JUnitCore.run(JUnitCore.java:136)
	at fr.inria.lille.repair.MethodTestRunner.runTest(MethodTestRunner.java:44)
	at fr.inria.lille.repair.MethodTestRunner.access$0(MethodTestRunner.java:37)
	at fr.inria.lille.repair.MethodTestRunner$1.call(MethodTestRunner.java:20)
	at java.util.concurrent.FutureTask.run(FutureTask.java:266)
	at java.util.concurrent.ThreadPoolExecutor.runWorker(ThreadPoolExecutor.java:1142)
	at java.util.concurrent.ThreadPoolExecutor$Worker.run(ThreadPoolExecutor.java:617)
	at java.lang.Thread.run(Thread.java:745)
java.lang.IllegalStateException: FAILED ASSERTION
	at com.google.javascript.rhino.Kit.codeBug(Kit.java:462)
	at com.google.javascript.rhino.Node.getExistingIntProp(Node.java:923)
	at com.google.javascript.jscomp.FunctionRewriter$GetterReducer.getGetPropertyName(FunctionRewriter.java:448)
	at com.google.javascript.jscomp.FunctionRewriter$GetterReducer.reduce(FunctionRewriter.java:425)
	at com.google.javascript.jscomp.FunctionRewriter$ReductionGatherer.shouldTraverse(FunctionRewriter.java:176)
	at com.google.javascript.jscomp.NodeTraversal.traverseBranch(NodeTraversal.java:461)
	at com.google.javascript.jscomp.NodeTraversal.traverseBranch(NodeTraversal.java:473)
	at com.google.javascript.jscomp.NodeTraversal.traverseBranch(NodeTraversal.java:473)
	at com.google.javascript.jscomp.NodeTraversal.traverseBranch(NodeTraversal.java:473)
	at com.google.javascript.jscomp.NodeTraversal.traverseBranch(NodeTraversal.java:473)
	at com.google.javascript.jscomp.NodeTraversal.traverse(NodeTraversal.java:259)
	at com.google.javascript.jscomp.NodeTraversal.traverse(NodeTraversal.java:437)
	at com.google.javascript.jscomp.FunctionRewriter.process(FunctionRewriter.java:68)
	at com.google.javascript.jscomp.CompilerTestCase.test(CompilerTestCase.java:765)
	at com.google.javascript.jscomp.CompilerTestCase.test(CompilerTestCase.java:423)
	at com.google.javascript.jscomp.CompilerTestCase.test(CompilerTestCase.java:348)
	at com.google.javascript.jscomp.CompilerTestCase.test(CompilerTestCase.java:317)
	at com.google.javascript.jscomp.CompilerTestCase.test(CompilerTestCase.java:305)
	at com.google.javascript.jscomp.FunctionRewriterTest.checkCompilesTo(FunctionRewriterTest.java:199)
	at com.google.javascript.jscomp.FunctionRewriterTest.checkCompilesToSame(FunctionRewriterTest.java:203)
	at com.google.javascript.jscomp.FunctionRewriterTest.testReplaceGetter1(FunctionRewriterTest.java:90)
	at sun.reflect.NativeMethodAccessorImpl.invoke0(Native Method)
	at sun.reflect.NativeMethodAccessorImpl.invoke(NativeMethodAccessorImpl.java:62)
	at sun.reflect.DelegatingMethodAccessorImpl.invoke(DelegatingMethodAccessorImpl.java:43)
	at java.lang.reflect.Method.invoke(Method.java:497)
	at junit.framework.TestCase.runTest(TestCase.java:168)
	at junit.framework.TestCase.runBare(TestCase.java:134)
	at junit.framework.TestResult$1.protect(TestResult.java:110)
	at junit.framework.TestResult.runProtected(TestResult.java:128)
	at junit.framework.TestResult.run(TestResult.java:113)
	at junit.framework.TestCase.run(TestCase.java:124)
	at junit.framework.TestSuite.runTest(TestSuite.java:243)
	at junit.framework.TestSuite.run(TestSuite.java:238)
	at org.junit.internal.runners.JUnit38ClassRunner.run(JUnit38ClassRunner.java:83)
	at org.junit.runner.JUnitCore.run(JUnitCore.java:157)
	at org.junit.runner.JUnitCore.run(JUnitCore.java:136)
	at fr.inria.lille.repair.MethodTestRunner.runTest(MethodTestRunner.java:44)
	at fr.inria.lille.repair.MethodTestRunner.access$0(MethodTestRunner.java:37)
	at fr.inria.lille.repair.MethodTestRunner$1.call(MethodTestRunner.java:20)
	at java.util.concurrent.FutureTask.run(FutureTask.java:266)
	at java.util.concurrent.ThreadPoolExecutor.runWorker(ThreadPoolExecutor.java:1142)
	at java.util.concurrent.ThreadPoolExecutor$Worker.run(ThreadPoolExecutor.java:617)
	at java.lang.Thread.run(Thread.java:745)
java.lang.IllegalStateException: FAILED ASSERTION
	at com.google.javascript.rhino.Kit.codeBug(Kit.java:462)
	at com.google.javascript.rhino.Node.getExistingIntProp(Node.java:923)
	at com.google.javascript.jscomp.FunctionRewriter$GetterReducer.getGetPropertyName(FunctionRewriter.java:448)
	at com.google.javascript.jscomp.FunctionRewriter$GetterReducer.reduce(FunctionRewriter.java:425)
	at com.google.javascript.jscomp.FunctionRewriter$ReductionGatherer.shouldTraverse(FunctionRewriter.java:176)
	at com.google.javascript.jscomp.NodeTraversal.traverseBranch(NodeTraversal.java:461)
	at com.google.javascript.jscomp.NodeTraversal.traverseBranch(NodeTraversal.java:473)
	at com.google.javascript.jscomp.NodeTraversal.traverseBranch(NodeTraversal.java:473)
	at com.google.javascript.jscomp.NodeTraversal.traverseBranch(NodeTraversal.java:473)
	at com.google.javascript.jscomp.NodeTraversal.traverseBranch(NodeTraversal.java:473)
	at com.google.javascript.jscomp.NodeTraversal.traverse(NodeTraversal.java:259)
	at com.google.javascript.jscomp.NodeTraversal.traverse(NodeTraversal.java:437)
	at com.google.javascript.jscomp.FunctionRewriter.process(FunctionRewriter.java:68)
	at com.google.javascript.jscomp.CompilerTestCase.test(CompilerTestCase.java:765)
	at com.google.javascript.jscomp.CompilerTestCase.test(CompilerTestCase.java:423)
	at com.google.javascript.jscomp.CompilerTestCase.test(CompilerTestCase.java:348)
	at com.google.javascript.jscomp.CompilerTestCase.test(CompilerTestCase.java:317)
	at com.google.javascript.jscomp.CompilerTestCase.test(CompilerTestCase.java:305)
	at com.google.javascript.jscomp.FunctionRewriterTest.checkCompilesTo(FunctionRewriterTest.java:199)
	at com.google.javascript.jscomp.FunctionRewriterTest.checkCompilesToSame(FunctionRewriterTest.java:203)
	at com.google.javascript.jscomp.FunctionRewriterTest.testReplaceGetter1(FunctionRewriterTest.java:90)
	at sun.reflect.NativeMethodAccessorImpl.invoke0(Native Method)
	at sun.reflect.NativeMethodAccessorImpl.invoke(NativeMethodAccessorImpl.java:62)
	at sun.reflect.DelegatingMethodAccessorImpl.invoke(DelegatingMethodAccessorImpl.java:43)
	at java.lang.reflect.Method.invoke(Method.java:497)
	at junit.framework.TestCase.runTest(TestCase.java:168)
	at junit.framework.TestCase.runBare(TestCase.java:134)
	at junit.framework.TestResult$1.protect(TestResult.java:110)
	at junit.framework.TestResult.runProtected(TestResult.java:128)
	at junit.framework.TestResult.run(TestResult.java:113)
	at junit.framework.TestCase.run(TestCase.java:124)
	at junit.framework.TestSuite.runTest(TestSuite.java:243)
	at junit.framework.TestSuite.run(TestSuite.java:238)
	at org.junit.internal.runners.JUnit38ClassRunner.run(JUnit38ClassRunner.java:83)
	at org.junit.runner.JUnitCore.run(JUnitCore.java:157)
	at org.junit.runner.JUnitCore.run(JUnitCore.java:136)
	at fr.inria.lille.repair.MethodTestRunner.runTest(MethodTestRunner.java:44)
	at fr.inria.lille.repair.MethodTestRunner.access$0(MethodTestRunner.java:37)
	at fr.inria.lille.repair.MethodTestRunner$1.call(MethodTestRunner.java:20)
	at java.util.concurrent.FutureTask.run(FutureTask.java:266)
	at java.util.concurrent.ThreadPoolExecutor.runWorker(ThreadPoolExecutor.java:1142)
	at java.util.concurrent.ThreadPoolExecutor$Worker.run(ThreadPoolExecutor.java:617)
	at java.lang.Thread.run(Thread.java:745)
java.lang.IllegalStateException: FAILED ASSERTION
	at com.google.javascript.rhino.Kit.codeBug(Kit.java:462)
	at com.google.javascript.rhino.Node.getExistingIntProp(Node.java:923)
	at com.google.javascript.jscomp.FunctionRewriter$GetterReducer.getGetPropertyName(FunctionRewriter.java:448)
	at com.google.javascript.jscomp.FunctionRewriter$GetterReducer.reduce(FunctionRewriter.java:425)
	at com.google.javascript.jscomp.FunctionRewriter$ReductionGatherer.shouldTraverse(FunctionRewriter.java:176)
	at com.google.javascript.jscomp.NodeTraversal.traverseBranch(NodeTraversal.java:461)
	at com.google.javascript.jscomp.NodeTraversal.traverseBranch(NodeTraversal.java:473)
	at com.google.javascript.jscomp.NodeTraversal.traverseBranch(NodeTraversal.java:473)
	at com.google.javascript.jscomp.NodeTraversal.traverseBranch(NodeTraversal.java:473)
	at com.google.javascript.jscomp.NodeTraversal.traverseBranch(NodeTraversal.java:473)
	at com.google.javascript.jscomp.NodeTraversal.traverse(NodeTraversal.java:259)
	at com.google.javascript.jscomp.NodeTraversal.traverse(NodeTraversal.java:437)
	at com.google.javascript.jscomp.FunctionRewriter.process(FunctionRewriter.java:68)
	at com.google.javascript.jscomp.CompilerTestCase.test(CompilerTestCase.java:765)
	at com.google.javascript.jscomp.CompilerTestCase.test(CompilerTestCase.java:423)
	at com.google.javascript.jscomp.CompilerTestCase.test(CompilerTestCase.java:348)
	at com.google.javascript.jscomp.CompilerTestCase.test(CompilerTestCase.java:317)
	at com.google.javascript.jscomp.CompilerTestCase.test(CompilerTestCase.java:305)
	at com.google.javascript.jscomp.FunctionRewriterTest.checkCompilesTo(FunctionRewriterTest.java:199)
	at com.google.javascript.jscomp.FunctionRewriterTest.checkCompilesToSame(FunctionRewriterTest.java:203)
	at com.google.javascript.jscomp.FunctionRewriterTest.testReplaceGetter1(FunctionRewriterTest.java:90)
	at sun.reflect.NativeMethodAccessorImpl.invoke0(Native Method)
	at sun.reflect.NativeMethodAccessorImpl.invoke(NativeMethodAccessorImpl.java:62)
	at sun.reflect.DelegatingMethodAccessorImpl.invoke(DelegatingMethodAccessorImpl.java:43)
	at java.lang.reflect.Method.invoke(Method.java:497)
	at junit.framework.TestCase.runTest(TestCase.java:168)
	at junit.framework.TestCase.runBare(TestCase.java:134)
	at junit.framework.TestResult$1.protect(TestResult.java:110)
	at junit.framework.TestResult.runProtected(TestResult.java:128)
	at junit.framework.TestResult.run(TestResult.java:113)
	at junit.framework.TestCase.run(TestCase.java:124)
	at junit.framework.TestSuite.runTest(TestSuite.java:243)
	at junit.framework.TestSuite.run(TestSuite.java:238)
	at org.junit.internal.runners.JUnit38ClassRunner.run(JUnit38ClassRunner.java:83)
	at org.junit.runner.JUnitCore.run(JUnitCore.java:157)
	at org.junit.runner.JUnitCore.run(JUnitCore.java:136)
	at fr.inria.lille.repair.MethodTestRunner.runTest(MethodTestRunner.java:44)
	at fr.inria.lille.repair.MethodTestRunner.access$0(MethodTestRunner.java:37)
	at fr.inria.lille.repair.MethodTestRunner$1.call(MethodTestRunner.java:20)
	at java.util.concurrent.FutureTask.run(FutureTask.java:266)
	at java.util.concurrent.ThreadPoolExecutor.runWorker(ThreadPoolExecutor.java:1142)
	at java.util.concurrent.ThreadPoolExecutor$Worker.run(ThreadPoolExecutor.java:617)
	at java.lang.Thread.run(Thread.java:745)
E
Time: 0.715
There was 1 failure:
1) testReplaceGetter1(com.google.javascript.jscomp.FunctionRewriterTest)
java.lang.IllegalStateException: Expected 2 children, but was 1 Reference node ASSIGN 1 [source_file: testcode]
	at com.google.javascript.jscomp.AstValidator$1.handleViolation(AstValidator.java:51)
	at com.google.javascript.jscomp.AstValidator.violation(AstValidator.java:763)
	at com.google.javascript.jscomp.AstValidator.validateChildCount(AstValidator.java:784)
	at com.google.javascript.jscomp.AstValidator.validateAssignmentExpression(AstValidator.java:601)
	at com.google.javascript.jscomp.AstValidator.validateExpression(AstValidator.java:219)
	at com.google.javascript.jscomp.AstValidator.validateExprStmt(AstValidator.java:476)
	at com.google.javascript.jscomp.AstValidator.validateStatement(AstValidator.java:126)
	at com.google.javascript.jscomp.AstValidator.validateScript(AstValidator.java:89)
	at com.google.javascript.jscomp.AstValidator.validateCodeRoot(AstValidator.java:79)
	at com.google.javascript.jscomp.AstValidator.validateRoot(AstValidator.java:72)
	at com.google.javascript.jscomp.CompilerTestCase.test(CompilerTestCase.java:767)
	at com.google.javascript.jscomp.CompilerTestCase.test(CompilerTestCase.java:423)
	at com.google.javascript.jscomp.CompilerTestCase.test(CompilerTestCase.java:348)
	at com.google.javascript.jscomp.CompilerTestCase.test(CompilerTestCase.java:317)
	at com.google.javascript.jscomp.CompilerTestCase.test(CompilerTestCase.java:305)
	at com.google.javascript.jscomp.FunctionRewriterTest.checkCompilesTo(FunctionRewriterTest.java:199)
	at com.google.javascript.jscomp.FunctionRewriterTest.checkCompilesToSame(FunctionRewriterTest.java:203)
	at com.google.javascript.jscomp.FunctionRewriterTest.testReplaceGetter1(FunctionRewriterTest.java:90)
	at sun.reflect.NativeMethodAccessorImpl.invoke0(Native Method)
	at sun.reflect.NativeMethodAccessorImpl.invoke(NativeMethodAccessorImpl.java:62)
	at sun.reflect.DelegatingMethodAccessorImpl.invoke(DelegatingMethodAccessorImpl.java:43)
	at java.lang.reflect.Method.invoke(Method.java:497)
	at junit.framework.TestCase.runTest(TestCase.java:168)
	at junit.framework.TestCase.runBare(TestCase.java:134)
	at junit.framework.TestResult$1.protect(TestResult.java:110)
	at junit.framework.TestResult.runProtected(TestResult.java:128)
	at junit.framework.TestResult.run(TestResult.java:113)
	at junit.framework.TestCase.run(TestCase.java:124)
	at junit.framework.TestSuite.runTest(TestSuite.java:243)
	at junit.framework.TestSuite.run(TestSuite.java:238)
	at org.junit.internal.runners.JUnit38ClassRunner.run(JUnit38ClassRunner.java:83)
	at org.junit.runner.JUnitCore.run(JUnitCore.java:157)
	at org.junit.runner.JUnitCore.run(JUnitCore.java:136)
	at fr.inria.lille.repair.MethodTestRunner.runTest(MethodTestRunner.java:44)
	at fr.inria.lille.repair.MethodTestRunner.access$0(MethodTestRunner.java:37)
	at fr.inria.lille.repair.MethodTestRunner$1.call(MethodTestRunner.java:20)
	at java.util.concurrent.FutureTask.run(FutureTask.java:266)
	at java.util.concurrent.ThreadPoolExecutor.runWorker(ThreadPoolExecutor.java:1142)
	at java.util.concurrent.ThreadPoolExecutor$Worker.run(ThreadPoolExecutor.java:617)
	at java.lang.Thread.run(Thread.java:745)

FAILURES!!!
Tests run: 1,  Failures: 1

com.google.javascript.jscomp.FunctionRewriterTest#testReplaceEmptyFunction1
.java.lang.IllegalStateException: FAILED ASSERTION
	at com.google.javascript.rhino.Kit.codeBug(Kit.java:462)
	at com.google.javascript.rhino.Node.getExistingIntProp(Node.java:923)
	at com.google.javascript.jscomp.FunctionRewriter$GetterReducer.getGetPropertyName(FunctionRewriter.java:448)
	at com.google.javascript.jscomp.FunctionRewriter$GetterReducer.reduce(FunctionRewriter.java:425)
	at com.google.javascript.jscomp.FunctionRewriter$ReductionGatherer.shouldTraverse(FunctionRewriter.java:176)
	at com.google.javascript.jscomp.NodeTraversal.traverseBranch(NodeTraversal.java:461)
	at com.google.javascript.jscomp.NodeTraversal.traverseBranch(NodeTraversal.java:473)
	at com.google.javascript.jscomp.NodeTraversal.traverseBranch(NodeTraversal.java:473)
	at com.google.javascript.jscomp.NodeTraversal.traverseBranch(NodeTraversal.java:473)
	at com.google.javascript.jscomp.NodeTraversal.traverseBranch(NodeTraversal.java:473)
	at com.google.javascript.jscomp.NodeTraversal.traverse(NodeTraversal.java:259)
	at com.google.javascript.jscomp.NodeTraversal.traverse(NodeTraversal.java:437)
	at com.google.javascript.jscomp.FunctionRewriter.process(FunctionRewriter.java:68)
	at com.google.javascript.jscomp.CompilerTestCase.test(CompilerTestCase.java:765)
	at com.google.javascript.jscomp.CompilerTestCase.test(CompilerTestCase.java:423)
	at com.google.javascript.jscomp.CompilerTestCase.test(CompilerTestCase.java:348)
	at com.google.javascript.jscomp.CompilerTestCase.test(CompilerTestCase.java:317)
	at com.google.javascript.jscomp.CompilerTestCase.test(CompilerTestCase.java:305)
	at com.google.javascript.jscomp.FunctionRewriterTest.checkCompilesTo(FunctionRewriterTest.java:199)
	at com.google.javascript.jscomp.FunctionRewriterTest.checkCompilesToSame(FunctionRewriterTest.java:203)
	at com.google.javascript.jscomp.FunctionRewriterTest.testReplaceEmptyFunction1(FunctionRewriterTest.java:130)
	at sun.reflect.NativeMethodAccessorImpl.invoke0(Native Method)
	at sun.reflect.NativeMethodAccessorImpl.invoke(NativeMethodAccessorImpl.java:62)
	at sun.reflect.DelegatingMethodAccessorImpl.invoke(DelegatingMethodAccessorImpl.java:43)
	at java.lang.reflect.Method.invoke(Method.java:497)
	at junit.framework.TestCase.runTest(TestCase.java:168)
	at junit.framework.TestCase.runBare(TestCase.java:134)
	at junit.framework.TestResult$1.protect(TestResult.java:110)
	at junit.framework.TestResult.runProtected(TestResult.java:128)
	at junit.framework.TestResult.run(TestResult.java:113)
	at junit.framework.TestCase.run(TestCase.java:124)
	at junit.framework.TestSuite.runTest(TestSuite.java:243)
	at junit.framework.TestSuite.run(TestSuite.java:238)
	at org.junit.internal.runners.JUnit38ClassRunner.run(JUnit38ClassRunner.java:83)
	at org.junit.runner.JUnitCore.run(JUnitCore.java:157)
	at org.junit.runner.JUnitCore.run(JUnitCore.java:136)
	at fr.inria.lille.repair.MethodTestRunner.runTest(MethodTestRunner.java:44)
	at fr.inria.lille.repair.MethodTestRunner.access$0(MethodTestRunner.java:37)
	at fr.inria.lille.repair.MethodTestRunner$1.call(MethodTestRunner.java:20)
	at java.util.concurrent.FutureTask.run(FutureTask.java:266)
	at java.util.concurrent.ThreadPoolExecutor.runWorker(ThreadPoolExecutor.java:1142)
	at java.util.concurrent.ThreadPoolExecutor$Worker.run(ThreadPoolExecutor.java:617)
	at java.lang.Thread.run(Thread.java:745)
java.lang.IllegalStateException: FAILED ASSERTION
	at com.google.javascript.rhino.Kit.codeBug(Kit.java:462)
	at com.google.javascript.rhino.Node.getExistingIntProp(Node.java:923)
	at com.google.javascript.jscomp.FunctionRewriter$GetterReducer.getGetPropertyName(FunctionRewriter.java:448)
	at com.google.javascript.jscomp.FunctionRewriter$GetterReducer.reduce(FunctionRewriter.java:425)
	at com.google.javascript.jscomp.FunctionRewriter$ReductionGatherer.shouldTraverse(FunctionRewriter.java:176)
	at com.google.javascript.jscomp.NodeTraversal.traverseBranch(NodeTraversal.java:461)
	at com.google.javascript.jscomp.NodeTraversal.traverseBranch(NodeTraversal.java:473)
	at com.google.javascript.jscomp.NodeTraversal.traverseBranch(NodeTraversal.java:473)
	at com.google.javascript.jscomp.NodeTraversal.traverseBranch(NodeTraversal.java:473)
	at com.google.javascript.jscomp.NodeTraversal.traverseBranch(NodeTraversal.java:473)
	at com.google.javascript.jscomp.NodeTraversal.traverse(NodeTraversal.java:259)
	at com.google.javascript.jscomp.NodeTraversal.traverse(NodeTraversal.java:437)
	at com.google.javascript.jscomp.FunctionRewriter.process(FunctionRewriter.java:68)
	at com.google.javascript.jscomp.CompilerTestCase.test(CompilerTestCase.java:765)
	at com.google.javascript.jscomp.CompilerTestCase.test(CompilerTestCase.java:423)
	at com.google.javascript.jscomp.CompilerTestCase.test(CompilerTestCase.java:348)
	at com.google.javascript.jscomp.CompilerTestCase.test(CompilerTestCase.java:317)
	at com.google.javascript.jscomp.CompilerTestCase.test(CompilerTestCase.java:305)
	at com.google.javascript.jscomp.FunctionRewriterTest.checkCompilesTo(FunctionRewriterTest.java:199)
	at com.google.javascript.jscomp.FunctionRewriterTest.checkCompilesToSame(FunctionRewriterTest.java:203)
	at com.google.javascript.jscomp.FunctionRewriterTest.testReplaceEmptyFunction1(FunctionRewriterTest.java:130)
	at sun.reflect.NativeMethodAccessorImpl.invoke0(Native Method)
	at sun.reflect.NativeMethodAccessorImpl.invoke(NativeMethodAccessorImpl.java:62)
	at sun.reflect.DelegatingMethodAccessorImpl.invoke(DelegatingMethodAccessorImpl.java:43)
	at java.lang.reflect.Method.invoke(Method.java:497)
	at junit.framework.TestCase.runTest(TestCase.java:168)
	at junit.framework.TestCase.runBare(TestCase.java:134)
	at junit.framework.TestResult$1.protect(TestResult.java:110)
	at junit.framework.TestResult.runProtected(TestResult.java:128)
	at junit.framework.TestResult.run(TestResult.java:113)
	at junit.framework.TestCase.run(TestCase.java:124)
	at junit.framework.TestSuite.runTest(TestSuite.java:243)
	at junit.framework.TestSuite.run(TestSuite.java:238)
	at org.junit.internal.runners.JUnit38ClassRunner.run(JUnit38ClassRunner.java:83)
	at org.junit.runner.JUnitCore.run(JUnitCore.java:157)
	at org.junit.runner.JUnitCore.run(JUnitCore.java:136)
	at fr.inria.lille.repair.MethodTestRunner.runTest(MethodTestRunner.java:44)
	at fr.inria.lille.repair.MethodTestRunner.access$0(MethodTestRunner.java:37)
	at fr.inria.lille.repair.MethodTestRunner$1.call(MethodTestRunner.java:20)
	at java.util.concurrent.FutureTask.run(FutureTask.java:266)
	at java.util.concurrent.ThreadPoolExecutor.runWorker(ThreadPoolExecutor.java:1142)
	at java.util.concurrent.ThreadPoolExecutor$Worker.run(ThreadPoolExecutor.java:617)
	at java.lang.Thread.run(Thread.java:745)
E
Time: 0.103
There was 1 failure:
1) testReplaceEmptyFunction1(com.google.javascript.jscomp.FunctionRewriterTest)
java.lang.RuntimeException: INTERNAL COMPILER ERROR.
Please report this problem.
null
  Node(FUNCTION ): testcode:1:26
a.prototype.foo = function() {};a.prototype.foo = function() {};a.prototype.foo = function() {};a.prototype.foo = function() {}
  Parent: NULL
	at com.google.common.base.Preconditions.checkState(Preconditions.java:129)
	at com.google.javascript.jscomp.NodeUtil.isStatementParent(NodeUtil.java:1761)
	at com.google.javascript.jscomp.NodeUtil.isStatement(NodeUtil.java:1754)
	at com.google.javascript.jscomp.NodeUtil.isFunctionExpression(NodeUtil.java:1989)
	at com.google.javascript.jscomp.FunctionRewriter.isReduceableFunctionExpression(FunctionRewriter.java:117)
	at com.google.javascript.jscomp.FunctionRewriter.access$600(FunctionRewriter.java:46)
	at com.google.javascript.jscomp.FunctionRewriter$SetterReducer.reduce(FunctionRewriter.java:483)
	at com.google.javascript.jscomp.FunctionRewriter$ReductionGatherer.shouldTraverse(FunctionRewriter.java:176)
	at com.google.javascript.jscomp.NodeTraversal.traverseBranch(NodeTraversal.java:461)
	at com.google.javascript.jscomp.NodeTraversal.traverseBranch(NodeTraversal.java:473)
	at com.google.javascript.jscomp.NodeTraversal.traverseBranch(NodeTraversal.java:473)
	at com.google.javascript.jscomp.NodeTraversal.traverseBranch(NodeTraversal.java:473)
	at com.google.javascript.jscomp.NodeTraversal.traverseBranch(NodeTraversal.java:473)
	at com.google.javascript.jscomp.NodeTraversal.traverse(NodeTraversal.java:259)
	at com.google.javascript.jscomp.NodeTraversal.traverse(NodeTraversal.java:437)
	at com.google.javascript.jscomp.FunctionRewriter.process(FunctionRewriter.java:68)
	at com.google.javascript.jscomp.CompilerTestCase.test(CompilerTestCase.java:765)
	at com.google.javascript.jscomp.CompilerTestCase.test(CompilerTestCase.java:423)
	at com.google.javascript.jscomp.CompilerTestCase.test(CompilerTestCase.java:348)
	at com.google.javascript.jscomp.CompilerTestCase.test(CompilerTestCase.java:317)
	at com.google.javascript.jscomp.CompilerTestCase.test(CompilerTestCase.java:305)
	at com.google.javascript.jscomp.FunctionRewriterTest.checkCompilesTo(FunctionRewriterTest.java:199)
	at com.google.javascript.jscomp.FunctionRewriterTest.checkCompilesToSame(FunctionRewriterTest.java:203)
	at com.google.javascript.jscomp.FunctionRewriterTest.testReplaceEmptyFunction1(FunctionRewriterTest.java:130)
	at sun.reflect.NativeMethodAccessorImpl.invoke0(Native Method)
	at sun.reflect.NativeMethodAccessorImpl.invoke(NativeMethodAccessorImpl.java:62)
	at sun.reflect.DelegatingMethodAccessorImpl.invoke(DelegatingMethodAccessorImpl.java:43)
	at java.lang.reflect.Method.invoke(Method.java:497)
	at junit.framework.TestCase.runTest(TestCase.java:168)
	at junit.framework.TestCase.runBare(TestCase.java:134)
	at junit.framework.TestResult$1.protect(TestResult.java:110)
	at junit.framework.TestResult.runProtected(TestResult.java:128)
	at junit.framework.TestResult.run(TestResult.java:113)
	at junit.framework.TestCase.run(TestCase.java:124)
	at junit.framework.TestSuite.runTest(TestSuite.java:243)
	at junit.framework.TestSuite.run(TestSuite.java:238)
	at org.junit.internal.runners.JUnit38ClassRunner.run(JUnit38ClassRunner.java:83)
	at org.junit.runner.JUnitCore.run(JUnitCore.java:157)
	at org.junit.runner.JUnitCore.run(JUnitCore.java:136)
	at fr.inria.lille.repair.MethodTestRunner.runTest(MethodTestRunner.java:44)
	at fr.inria.lille.repair.MethodTestRunner.access$0(MethodTestRunner.java:37)
	at fr.inria.lille.repair.MethodTestRunner$1.call(MethodTestRunner.java:20)
	at java.util.concurrent.FutureTask.run(FutureTask.java:266)
	at java.util.concurrent.ThreadPoolExecutor.runWorker(ThreadPoolExecutor.java:1142)
	at java.util.concurrent.ThreadPoolExecutor$Worker.run(ThreadPoolExecutor.java:617)
	at java.lang.Thread.run(Thread.java:745)
Caused by: java.lang.IllegalStateException
	... 46 more

FAILURES!!!
Tests run: 1,  Failures: 1

com.google.javascript.jscomp.CommandLineRunnerTest#testReflectedMethods
.
Time: 0.254

OK (1 test)

com.google.javascript.jscomp.FunctionRewriterTest#testReplaceSetter1
.java.lang.IllegalStateException: FAILED ASSERTION
	at com.google.javascript.rhino.Kit.codeBug(Kit.java:462)
	at com.google.javascript.rhino.Node.getExistingIntProp(Node.java:923)
	at com.google.javascript.jscomp.FunctionRewriter$GetterReducer.getGetPropertyName(FunctionRewriter.java:448)
	at com.google.javascript.jscomp.FunctionRewriter$GetterReducer.reduce(FunctionRewriter.java:425)
	at com.google.javascript.jscomp.FunctionRewriter$ReductionGatherer.shouldTraverse(FunctionRewriter.java:176)
	at com.google.javascript.jscomp.NodeTraversal.traverseBranch(NodeTraversal.java:461)
	at com.google.javascript.jscomp.NodeTraversal.traverseBranch(NodeTraversal.java:473)
	at com.google.javascript.jscomp.NodeTraversal.traverseBranch(NodeTraversal.java:473)
	at com.google.javascript.jscomp.NodeTraversal.traverseBranch(NodeTraversal.java:473)
	at com.google.javascript.jscomp.NodeTraversal.traverseBranch(NodeTraversal.java:473)
	at com.google.javascript.jscomp.NodeTraversal.traverse(NodeTraversal.java:259)
	at com.google.javascript.jscomp.NodeTraversal.traverse(NodeTraversal.java:437)
	at com.google.javascript.jscomp.FunctionRewriter.process(FunctionRewriter.java:68)
	at com.google.javascript.jscomp.CompilerTestCase.test(CompilerTestCase.java:765)
	at com.google.javascript.jscomp.CompilerTestCase.test(CompilerTestCase.java:423)
	at com.google.javascript.jscomp.CompilerTestCase.test(CompilerTestCase.java:348)
	at com.google.javascript.jscomp.CompilerTestCase.test(CompilerTestCase.java:317)
	at com.google.javascript.jscomp.CompilerTestCase.test(CompilerTestCase.java:305)
	at com.google.javascript.jscomp.FunctionRewriterTest.checkCompilesTo(FunctionRewriterTest.java:199)
	at com.google.javascript.jscomp.FunctionRewriterTest.checkCompilesToSame(FunctionRewriterTest.java:203)
	at com.google.javascript.jscomp.FunctionRewriterTest.testReplaceSetter1(FunctionRewriterTest.java:103)
	at sun.reflect.NativeMethodAccessorImpl.invoke0(Native Method)
	at sun.reflect.NativeMethodAccessorImpl.invoke(NativeMethodAccessorImpl.java:62)
	at sun.reflect.DelegatingMethodAccessorImpl.invoke(DelegatingMethodAccessorImpl.java:43)
	at java.lang.reflect.Method.invoke(Method.java:497)
	at junit.framework.TestCase.runTest(TestCase.java:168)
	at junit.framework.TestCase.runBare(TestCase.java:134)
	at junit.framework.TestResult$1.protect(TestResult.java:110)
	at junit.framework.TestResult.runProtected(TestResult.java:128)
	at junit.framework.TestResult.run(TestResult.java:113)
	at junit.framework.TestCase.run(TestCase.java:124)
	at junit.framework.TestSuite.runTest(TestSuite.java:243)
	at junit.framework.TestSuite.run(TestSuite.java:238)
	at org.junit.internal.runners.JUnit38ClassRunner.run(JUnit38ClassRunner.java:83)
	at org.junit.runner.JUnitCore.run(JUnitCore.java:157)
	at org.junit.runner.JUnitCore.run(JUnitCore.java:136)
	at fr.inria.lille.repair.MethodTestRunner.runTest(MethodTestRunner.java:44)
	at fr.inria.lille.repair.MethodTestRunner.access$0(MethodTestRunner.java:37)
	at fr.inria.lille.repair.MethodTestRunner$1.call(MethodTestRunner.java:20)
	at java.util.concurrent.FutureTask.run(FutureTask.java:266)
	at java.util.concurrent.ThreadPoolExecutor.runWorker(ThreadPoolExecutor.java:1142)
	at java.util.concurrent.ThreadPoolExecutor$Worker.run(ThreadPoolExecutor.java:617)
	at java.lang.Thread.run(Thread.java:745)
java.lang.IllegalStateException: FAILED ASSERTION
	at com.google.javascript.rhino.Kit.codeBug(Kit.java:462)
	at com.google.javascript.rhino.Node.getExistingIntProp(Node.java:923)
	at com.google.javascript.jscomp.FunctionRewriter$GetterReducer.getGetPropertyName(FunctionRewriter.java:448)
	at com.google.javascript.jscomp.FunctionRewriter$GetterReducer.reduce(FunctionRewriter.java:425)
	at com.google.javascript.jscomp.FunctionRewriter$ReductionGatherer.shouldTraverse(FunctionRewriter.java:176)
	at com.google.javascript.jscomp.NodeTraversal.traverseBranch(NodeTraversal.java:461)
	at com.google.javascript.jscomp.NodeTraversal.traverseBranch(NodeTraversal.java:473)
	at com.google.javascript.jscomp.NodeTraversal.traverseBranch(NodeTraversal.java:473)
	at com.google.javascript.jscomp.NodeTraversal.traverseBranch(NodeTraversal.java:473)
	at com.google.javascript.jscomp.NodeTraversal.traverseBranch(NodeTraversal.java:473)
	at com.google.javascript.jscomp.NodeTraversal.traverse(NodeTraversal.java:259)
	at com.google.javascript.jscomp.NodeTraversal.traverse(NodeTraversal.java:437)
	at com.google.javascript.jscomp.FunctionRewriter.process(FunctionRewriter.java:68)
	at com.google.javascript.jscomp.CompilerTestCase.test(CompilerTestCase.java:765)
	at com.google.javascript.jscomp.CompilerTestCase.test(CompilerTestCase.java:423)
	at com.google.javascript.jscomp.CompilerTestCase.test(CompilerTestCase.java:348)
	at com.google.javascript.jscomp.CompilerTestCase.test(CompilerTestCase.java:317)
	at com.google.javascript.jscomp.CompilerTestCase.test(CompilerTestCase.java:305)
	at com.google.javascript.jscomp.FunctionRewriterTest.checkCompilesTo(FunctionRewriterTest.java:199)
	at com.google.javascript.jscomp.FunctionRewriterTest.checkCompilesToSame(FunctionRewriterTest.java:203)
	at com.google.javascript.jscomp.FunctionRewriterTest.testReplaceSetter1(FunctionRewriterTest.java:103)
	at sun.reflect.NativeMethodAccessorImpl.invoke0(Native Method)
	at sun.reflect.NativeMethodAccessorImpl.invoke(NativeMethodAccessorImpl.java:62)
	at sun.reflect.DelegatingMethodAccessorImpl.invoke(DelegatingMethodAccessorImpl.java:43)
	at java.lang.reflect.Method.invoke(Method.java:497)
	at junit.framework.TestCase.runTest(TestCase.java:168)
	at junit.framework.TestCase.runBare(TestCase.java:134)
	at junit.framework.TestResult$1.protect(TestResult.java:110)
	at junit.framework.TestResult.runProtected(TestResult.java:128)
	at junit.framework.TestResult.run(TestResult.java:113)
	at junit.framework.TestCase.run(TestCase.java:124)
	at junit.framework.TestSuite.runTest(TestSuite.java:243)
	at junit.framework.TestSuite.run(TestSuite.java:238)
	at org.junit.internal.runners.JUnit38ClassRunner.run(JUnit38ClassRunner.java:83)
	at org.junit.runner.JUnitCore.run(JUnitCore.java:157)
	at org.junit.runner.JUnitCore.run(JUnitCore.java:136)
	at fr.inria.lille.repair.MethodTestRunner.runTest(MethodTestRunner.java:44)
	at fr.inria.lille.repair.MethodTestRunner.access$0(MethodTestRunner.java:37)
	at fr.inria.lille.repair.MethodTestRunner$1.call(MethodTestRunner.java:20)
	at java.util.concurrent.FutureTask.run(FutureTask.java:266)
	at java.util.concurrent.ThreadPoolExecutor.runWorker(ThreadPoolExecutor.java:1142)
	at java.util.concurrent.ThreadPoolExecutor$Worker.run(ThreadPoolExecutor.java:617)
	at java.lang.Thread.run(Thread.java:745)
E
Time: 0.128
There was 1 failure:
1) testReplaceSetter1(com.google.javascript.jscomp.FunctionRewriterTest)
java.lang.RuntimeException: INTERNAL COMPILER ERROR.
Please report this problem.
null
  Node(FUNCTION ): testcode:1:26
a.prototype.foo = function(v) {this.foo_ = v};a.prototype.foo = function(v) {this.foo_ = v};a.prototype.foo = function(v) {this.foo_ = v};a.prototype.foo = function(v) {this.foo_ = v}
  Parent: NULL
	at com.google.common.base.Preconditions.checkState(Preconditions.java:129)
	at com.google.javascript.jscomp.NodeUtil.isStatementParent(NodeUtil.java:1761)
	at com.google.javascript.jscomp.NodeUtil.isStatement(NodeUtil.java:1754)
	at com.google.javascript.jscomp.NodeUtil.isFunctionExpression(NodeUtil.java:1989)
	at com.google.javascript.jscomp.FunctionRewriter.isReduceableFunctionExpression(FunctionRewriter.java:117)
	at com.google.javascript.jscomp.FunctionRewriter.access$600(FunctionRewriter.java:46)
	at com.google.javascript.jscomp.FunctionRewriter$SetterReducer.reduce(FunctionRewriter.java:483)
	at com.google.javascript.jscomp.FunctionRewriter$ReductionGatherer.shouldTraverse(FunctionRewriter.java:176)
	at com.google.javascript.jscomp.NodeTraversal.traverseBranch(NodeTraversal.java:461)
	at com.google.javascript.jscomp.NodeTraversal.traverseBranch(NodeTraversal.java:473)
	at com.google.javascript.jscomp.NodeTraversal.traverseBranch(NodeTraversal.java:473)
	at com.google.javascript.jscomp.NodeTraversal.traverseBranch(NodeTraversal.java:473)
	at com.google.javascript.jscomp.NodeTraversal.traverseBranch(NodeTraversal.java:473)
	at com.google.javascript.jscomp.NodeTraversal.traverse(NodeTraversal.java:259)
	at com.google.javascript.jscomp.NodeTraversal.traverse(NodeTraversal.java:437)
	at com.google.javascript.jscomp.FunctionRewriter.process(FunctionRewriter.java:68)
	at com.google.javascript.jscomp.CompilerTestCase.test(CompilerTestCase.java:765)
	at com.google.javascript.jscomp.CompilerTestCase.test(CompilerTestCase.java:423)
	at com.google.javascript.jscomp.CompilerTestCase.test(CompilerTestCase.java:348)
	at com.google.javascript.jscomp.CompilerTestCase.test(CompilerTestCase.java:317)
	at com.google.javascript.jscomp.CompilerTestCase.test(CompilerTestCase.java:305)
	at com.google.javascript.jscomp.FunctionRewriterTest.checkCompilesTo(FunctionRewriterTest.java:199)
	at com.google.javascript.jscomp.FunctionRewriterTest.checkCompilesToSame(FunctionRewriterTest.java:203)
	at com.google.javascript.jscomp.FunctionRewriterTest.testReplaceSetter1(FunctionRewriterTest.java:103)
	at sun.reflect.NativeMethodAccessorImpl.invoke0(Native Method)
	at sun.reflect.NativeMethodAccessorImpl.invoke(NativeMethodAccessorImpl.java:62)
	at sun.reflect.DelegatingMethodAccessorImpl.invoke(DelegatingMethodAccessorImpl.java:43)
	at java.lang.reflect.Method.invoke(Method.java:497)
	at junit.framework.TestCase.runTest(TestCase.java:168)
	at junit.framework.TestCase.runBare(TestCase.java:134)
	at junit.framework.TestResult$1.protect(TestResult.java:110)
	at junit.framework.TestResult.runProtected(TestResult.java:128)
	at junit.framework.TestResult.run(TestResult.java:113)
	at junit.framework.TestCase.run(TestCase.java:124)
	at junit.framework.TestSuite.runTest(TestSuite.java:243)
	at junit.framework.TestSuite.run(TestSuite.java:238)
	at org.junit.internal.runners.JUnit38ClassRunner.run(JUnit38ClassRunner.java:83)
	at org.junit.runner.JUnitCore.run(JUnitCore.java:157)
	at org.junit.runner.JUnitCore.run(JUnitCore.java:136)
	at fr.inria.lille.repair.MethodTestRunner.runTest(MethodTestRunner.java:44)
	at fr.inria.lille.repair.MethodTestRunner.access$0(MethodTestRunner.java:37)
	at fr.inria.lille.repair.MethodTestRunner$1.call(MethodTestRunner.java:20)
	at java.util.concurrent.FutureTask.run(FutureTask.java:266)
	at java.util.concurrent.ThreadPoolExecutor.runWorker(ThreadPoolExecutor.java:1142)
	at java.util.concurrent.ThreadPoolExecutor$Worker.run(ThreadPoolExecutor.java:617)
	at java.lang.Thread.run(Thread.java:745)
Caused by: java.lang.IllegalStateException
	... 46 more

FAILURES!!!
Tests run: 1,  Failures: 1

com.google.javascript.jscomp.FunctionRewriterTest#testReplaceSetter2
.java.lang.IllegalStateException: FAILED ASSERTION
	at com.google.javascript.rhino.Kit.codeBug(Kit.java:462)
	at com.google.javascript.rhino.Node.getExistingIntProp(Node.java:923)
	at com.google.javascript.jscomp.FunctionRewriter$GetterReducer.getGetPropertyName(FunctionRewriter.java:448)
	at com.google.javascript.jscomp.FunctionRewriter$GetterReducer.reduce(FunctionRewriter.java:425)
	at com.google.javascript.jscomp.FunctionRewriter$ReductionGatherer.shouldTraverse(FunctionRewriter.java:176)
	at com.google.javascript.jscomp.NodeTraversal.traverseBranch(NodeTraversal.java:461)
	at com.google.javascript.jscomp.NodeTraversal.traverseBranch(NodeTraversal.java:473)
	at com.google.javascript.jscomp.NodeTraversal.traverseBranch(NodeTraversal.java:473)
	at com.google.javascript.jscomp.NodeTraversal.traverseBranch(NodeTraversal.java:473)
	at com.google.javascript.jscomp.NodeTraversal.traverseBranch(NodeTraversal.java:473)
	at com.google.javascript.jscomp.NodeTraversal.traverse(NodeTraversal.java:259)
	at com.google.javascript.jscomp.NodeTraversal.traverse(NodeTraversal.java:437)
	at com.google.javascript.jscomp.FunctionRewriter.process(FunctionRewriter.java:68)
	at com.google.javascript.jscomp.CompilerTestCase.test(CompilerTestCase.java:765)
	at com.google.javascript.jscomp.CompilerTestCase.test(CompilerTestCase.java:423)
	at com.google.javascript.jscomp.CompilerTestCase.test(CompilerTestCase.java:348)
	at com.google.javascript.jscomp.CompilerTestCase.test(CompilerTestCase.java:317)
	at com.google.javascript.jscomp.CompilerTestCase.test(CompilerTestCase.java:305)
	at com.google.javascript.jscomp.FunctionRewriterTest.checkCompilesTo(FunctionRewriterTest.java:199)
	at com.google.javascript.jscomp.FunctionRewriterTest.checkCompilesToSame(FunctionRewriterTest.java:203)
	at com.google.javascript.jscomp.FunctionRewriterTest.testReplaceSetter2(FunctionRewriterTest.java:112)
	at sun.reflect.NativeMethodAccessorImpl.invoke0(Native Method)
	at sun.reflect.NativeMethodAccessorImpl.invoke(NativeMethodAccessorImpl.java:62)
	at sun.reflect.DelegatingMethodAccessorImpl.invoke(DelegatingMethodAccessorImpl.java:43)
	at java.lang.reflect.Method.invoke(Method.java:497)
	at junit.framework.TestCase.runTest(TestCase.java:168)
	at junit.framework.TestCase.runBare(TestCase.java:134)
	at junit.framework.TestResult$1.protect(TestResult.java:110)
	at junit.framework.TestResult.runProtected(TestResult.java:128)
	at junit.framework.TestResult.run(TestResult.java:113)
	at junit.framework.TestCase.run(TestCase.java:124)
	at junit.framework.TestSuite.runTest(TestSuite.java:243)
	at junit.framework.TestSuite.run(TestSuite.java:238)
	at org.junit.internal.runners.JUnit38ClassRunner.run(JUnit38ClassRunner.java:83)
	at org.junit.runner.JUnitCore.run(JUnitCore.java:157)
	at org.junit.runner.JUnitCore.run(JUnitCore.java:136)
	at fr.inria.lille.repair.MethodTestRunner.runTest(MethodTestRunner.java:44)
	at fr.inria.lille.repair.MethodTestRunner.access$0(MethodTestRunner.java:37)
	at fr.inria.lille.repair.MethodTestRunner$1.call(MethodTestRunner.java:20)
	at java.util.concurrent.FutureTask.run(FutureTask.java:266)
	at java.util.concurrent.ThreadPoolExecutor.runWorker(ThreadPoolExecutor.java:1142)
	at java.util.concurrent.ThreadPoolExecutor$Worker.run(ThreadPoolExecutor.java:617)
	at java.lang.Thread.run(Thread.java:745)
java.lang.IllegalStateException: FAILED ASSERTION
	at com.google.javascript.rhino.Kit.codeBug(Kit.java:462)
	at com.google.javascript.rhino.Node.getExistingIntProp(Node.java:923)
	at com.google.javascript.jscomp.FunctionRewriter$GetterReducer.getGetPropertyName(FunctionRewriter.java:448)
	at com.google.javascript.jscomp.FunctionRewriter$GetterReducer.reduce(FunctionRewriter.java:425)
	at com.google.javascript.jscomp.FunctionRewriter$ReductionGatherer.shouldTraverse(FunctionRewriter.java:176)
	at com.google.javascript.jscomp.NodeTraversal.traverseBranch(NodeTraversal.java:461)
	at com.google.javascript.jscomp.NodeTraversal.traverseBranch(NodeTraversal.java:473)
	at com.google.javascript.jscomp.NodeTraversal.traverseBranch(NodeTraversal.java:473)
	at com.google.javascript.jscomp.NodeTraversal.traverseBranch(NodeTraversal.java:473)
	at com.google.javascript.jscomp.NodeTraversal.traverseBranch(NodeTraversal.java:473)
	at com.google.javascript.jscomp.NodeTraversal.traverse(NodeTraversal.java:259)
	at com.google.javascript.jscomp.NodeTraversal.traverse(NodeTraversal.java:437)
	at com.google.javascript.jscomp.FunctionRewriter.process(FunctionRewriter.java:68)
	at com.google.javascript.jscomp.CompilerTestCase.test(CompilerTestCase.java:765)
	at com.google.javascript.jscomp.CompilerTestCase.test(CompilerTestCase.java:423)
	at com.google.javascript.jscomp.CompilerTestCase.test(CompilerTestCase.java:348)
	at com.google.javascript.jscomp.CompilerTestCase.test(CompilerTestCase.java:317)
	at com.google.javascript.jscomp.CompilerTestCase.test(CompilerTestCase.java:305)
	at com.google.javascript.jscomp.FunctionRewriterTest.checkCompilesTo(FunctionRewriterTest.java:199)
	at com.google.javascript.jscomp.FunctionRewriterTest.checkCompilesToSame(FunctionRewriterTest.java:203)
	at com.google.javascript.jscomp.FunctionRewriterTest.testReplaceSetter2(FunctionRewriterTest.java:112)
	at sun.reflect.NativeMethodAccessorImpl.invoke0(Native Method)
	at sun.reflect.NativeMethodAccessorImpl.invoke(NativeMethodAccessorImpl.java:62)
	at sun.reflect.DelegatingMethodAccessorImpl.invoke(DelegatingMethodAccessorImpl.java:43)
	at java.lang.reflect.Method.invoke(Method.java:497)
	at junit.framework.TestCase.runTest(TestCase.java:168)
	at junit.framework.TestCase.runBare(TestCase.java:134)
	at junit.framework.TestResult$1.protect(TestResult.java:110)
	at junit.framework.TestResult.runProtected(TestResult.java:128)
	at junit.framework.TestResult.run(TestResult.java:113)
	at junit.framework.TestCase.run(TestCase.java:124)
	at junit.framework.TestSuite.runTest(TestSuite.java:243)
	at junit.framework.TestSuite.run(TestSuite.java:238)
	at org.junit.internal.runners.JUnit38ClassRunner.run(JUnit38ClassRunner.java:83)
	at org.junit.runner.JUnitCore.run(JUnitCore.java:157)
	at org.junit.runner.JUnitCore.run(JUnitCore.java:136)
	at fr.inria.lille.repair.MethodTestRunner.runTest(MethodTestRunner.java:44)
	at fr.inria.lille.repair.MethodTestRunner.access$0(MethodTestRunner.java:37)
	at fr.inria.lille.repair.MethodTestRunner$1.call(MethodTestRunner.java:20)
	at java.util.concurrent.FutureTask.run(FutureTask.java:266)
	at java.util.concurrent.ThreadPoolExecutor.runWorker(ThreadPoolExecutor.java:1142)
	at java.util.concurrent.ThreadPoolExecutor$Worker.run(ThreadPoolExecutor.java:617)
	at java.lang.Thread.run(Thread.java:745)
E
Time: 0.119
There was 1 failure:
1) testReplaceSetter2(com.google.javascript.jscomp.FunctionRewriterTest)
java.lang.RuntimeException: INTERNAL COMPILER ERROR.
Please report this problem.
null
  Node(FUNCTION ): testcode:1:26
a.prototype.foo = function(v, v2) {this.foo_ = v};a.prototype.foo = function(v, v2) {this.foo_ = v};a.prototype.foo = function(v, v2) {this.foo_ = v}
  Parent: NULL
	at com.google.common.base.Preconditions.checkState(Preconditions.java:129)
	at com.google.javascript.jscomp.NodeUtil.isStatementParent(NodeUtil.java:1761)
	at com.google.javascript.jscomp.NodeUtil.isStatement(NodeUtil.java:1754)
	at com.google.javascript.jscomp.NodeUtil.isFunctionExpression(NodeUtil.java:1989)
	at com.google.javascript.jscomp.FunctionRewriter.isReduceableFunctionExpression(FunctionRewriter.java:117)
	at com.google.javascript.jscomp.FunctionRewriter.access$600(FunctionRewriter.java:46)
	at com.google.javascript.jscomp.FunctionRewriter$SetterReducer.reduce(FunctionRewriter.java:483)
	at com.google.javascript.jscomp.FunctionRewriter$ReductionGatherer.shouldTraverse(FunctionRewriter.java:176)
	at com.google.javascript.jscomp.NodeTraversal.traverseBranch(NodeTraversal.java:461)
	at com.google.javascript.jscomp.NodeTraversal.traverseBranch(NodeTraversal.java:473)
	at com.google.javascript.jscomp.NodeTraversal.traverseBranch(NodeTraversal.java:473)
	at com.google.javascript.jscomp.NodeTraversal.traverseBranch(NodeTraversal.java:473)
	at com.google.javascript.jscomp.NodeTraversal.traverseBranch(NodeTraversal.java:473)
	at com.google.javascript.jscomp.NodeTraversal.traverse(NodeTraversal.java:259)
	at com.google.javascript.jscomp.NodeTraversal.traverse(NodeTraversal.java:437)
	at com.google.javascript.jscomp.FunctionRewriter.process(FunctionRewriter.java:68)
	at com.google.javascript.jscomp.CompilerTestCase.test(CompilerTestCase.java:765)
	at com.google.javascript.jscomp.CompilerTestCase.test(CompilerTestCase.java:423)
	at com.google.javascript.jscomp.CompilerTestCase.test(CompilerTestCase.java:348)
	at com.google.javascript.jscomp.CompilerTestCase.test(CompilerTestCase.java:317)
	at com.google.javascript.jscomp.CompilerTestCase.test(CompilerTestCase.java:305)
	at com.google.javascript.jscomp.FunctionRewriterTest.checkCompilesTo(FunctionRewriterTest.java:199)
	at com.google.javascript.jscomp.FunctionRewriterTest.checkCompilesToSame(FunctionRewriterTest.java:203)
	at com.google.javascript.jscomp.FunctionRewriterTest.testReplaceSetter2(FunctionRewriterTest.java:112)
	at sun.reflect.NativeMethodAccessorImpl.invoke0(Native Method)
	at sun.reflect.NativeMethodAccessorImpl.invoke(NativeMethodAccessorImpl.java:62)
	at sun.reflect.DelegatingMethodAccessorImpl.invoke(DelegatingMethodAccessorImpl.java:43)
	at java.lang.reflect.Method.invoke(Method.java:497)
	at junit.framework.TestCase.runTest(TestCase.java:168)
	at junit.framework.TestCase.runBare(TestCase.java:134)
	at junit.framework.TestResult$1.protect(TestResult.java:110)
	at junit.framework.TestResult.runProtected(TestResult.java:128)
	at junit.framework.TestResult.run(TestResult.java:113)
	at junit.framework.TestCase.run(TestCase.java:124)
	at junit.framework.TestSuite.runTest(TestSuite.java:243)
	at junit.framework.TestSuite.run(TestSuite.java:238)
	at org.junit.internal.runners.JUnit38ClassRunner.run(JUnit38ClassRunner.java:83)
	at org.junit.runner.JUnitCore.run(JUnitCore.java:157)
	at org.junit.runner.JUnitCore.run(JUnitCore.java:136)
	at fr.inria.lille.repair.MethodTestRunner.runTest(MethodTestRunner.java:44)
	at fr.inria.lille.repair.MethodTestRunner.access$0(MethodTestRunner.java:37)
	at fr.inria.lille.repair.MethodTestRunner$1.call(MethodTestRunner.java:20)
	at java.util.concurrent.FutureTask.run(FutureTask.java:266)
	at java.util.concurrent.ThreadPoolExecutor.runWorker(ThreadPoolExecutor.java:1142)
	at java.util.concurrent.ThreadPoolExecutor$Worker.run(ThreadPoolExecutor.java:617)
	at java.lang.Thread.run(Thread.java:745)
Caused by: java.lang.IllegalStateException
	... 46 more

FAILURES!!!
Tests run: 1,  Failures: 1

com.google.javascript.jscomp.FunctionRewriterTest#testReplaceIdentityFunction2
.java.lang.IllegalStateException: FAILED ASSERTION
	at com.google.javascript.rhino.Kit.codeBug(Kit.java:462)
	at com.google.javascript.rhino.Node.getExistingIntProp(Node.java:923)
	at com.google.javascript.jscomp.FunctionRewriter$GetterReducer.getGetPropertyName(FunctionRewriter.java:448)
	at com.google.javascript.jscomp.FunctionRewriter$GetterReducer.reduce(FunctionRewriter.java:425)
	at com.google.javascript.jscomp.FunctionRewriter$ReductionGatherer.shouldTraverse(FunctionRewriter.java:176)
	at com.google.javascript.jscomp.NodeTraversal.traverseBranch(NodeTraversal.java:461)
	at com.google.javascript.jscomp.NodeTraversal.traverseBranch(NodeTraversal.java:473)
	at com.google.javascript.jscomp.NodeTraversal.traverseBranch(NodeTraversal.java:473)
	at com.google.javascript.jscomp.NodeTraversal.traverseBranch(NodeTraversal.java:473)
	at com.google.javascript.jscomp.NodeTraversal.traverseBranch(NodeTraversal.java:473)
	at com.google.javascript.jscomp.NodeTraversal.traverse(NodeTraversal.java:259)
	at com.google.javascript.jscomp.NodeTraversal.traverse(NodeTraversal.java:437)
	at com.google.javascript.jscomp.FunctionRewriter.process(FunctionRewriter.java:68)
	at com.google.javascript.jscomp.CompilerTestCase.test(CompilerTestCase.java:765)
	at com.google.javascript.jscomp.CompilerTestCase.test(CompilerTestCase.java:423)
	at com.google.javascript.jscomp.CompilerTestCase.test(CompilerTestCase.java:348)
	at com.google.javascript.jscomp.CompilerTestCase.test(CompilerTestCase.java:317)
	at com.google.javascript.jscomp.CompilerTestCase.test(CompilerTestCase.java:305)
	at com.google.javascript.jscomp.FunctionRewriterTest.checkCompilesTo(FunctionRewriterTest.java:199)
	at com.google.javascript.jscomp.FunctionRewriterTest.checkCompilesToSame(FunctionRewriterTest.java:203)
	at com.google.javascript.jscomp.FunctionRewriterTest.testReplaceIdentityFunction2(FunctionRewriterTest.java:162)
	at sun.reflect.NativeMethodAccessorImpl.invoke0(Native Method)
	at sun.reflect.NativeMethodAccessorImpl.invoke(NativeMethodAccessorImpl.java:62)
	at sun.reflect.DelegatingMethodAccessorImpl.invoke(DelegatingMethodAccessorImpl.java:43)
	at java.lang.reflect.Method.invoke(Method.java:497)
	at junit.framework.TestCase.runTest(TestCase.java:168)
	at junit.framework.TestCase.runBare(TestCase.java:134)
	at junit.framework.TestResult$1.protect(TestResult.java:110)
	at junit.framework.TestResult.runProtected(TestResult.java:128)
	at junit.framework.TestResult.run(TestResult.java:113)
	at junit.framework.TestCase.run(TestCase.java:124)
	at junit.framework.TestSuite.runTest(TestSuite.java:243)
	at junit.framework.TestSuite.run(TestSuite.java:238)
	at org.junit.internal.runners.JUnit38ClassRunner.run(JUnit38ClassRunner.java:83)
	at org.junit.runner.JUnitCore.run(JUnitCore.java:157)
	at org.junit.runner.JUnitCore.run(JUnitCore.java:136)
	at fr.inria.lille.repair.MethodTestRunner.runTest(MethodTestRunner.java:44)
	at fr.inria.lille.repair.MethodTestRunner.access$0(MethodTestRunner.java:37)
	at fr.inria.lille.repair.MethodTestRunner$1.call(MethodTestRunner.java:20)
	at java.util.concurrent.FutureTask.run(FutureTask.java:266)
	at java.util.concurrent.ThreadPoolExecutor.runWorker(ThreadPoolExecutor.java:1142)
	at java.util.concurrent.ThreadPoolExecutor$Worker.run(ThreadPoolExecutor.java:617)
	at java.lang.Thread.run(Thread.java:745)
java.lang.IllegalStateException: FAILED ASSERTION
	at com.google.javascript.rhino.Kit.codeBug(Kit.java:462)
	at com.google.javascript.rhino.Node.getExistingIntProp(Node.java:923)
	at com.google.javascript.jscomp.FunctionRewriter$GetterReducer.getGetPropertyName(FunctionRewriter.java:448)
	at com.google.javascript.jscomp.FunctionRewriter$GetterReducer.reduce(FunctionRewriter.java:425)
	at com.google.javascript.jscomp.FunctionRewriter$ReductionGatherer.shouldTraverse(FunctionRewriter.java:176)
	at com.google.javascript.jscomp.NodeTraversal.traverseBranch(NodeTraversal.java:461)
	at com.google.javascript.jscomp.NodeTraversal.traverseBranch(NodeTraversal.java:473)
	at com.google.javascript.jscomp.NodeTraversal.traverseBranch(NodeTraversal.java:473)
	at com.google.javascript.jscomp.NodeTraversal.traverseBranch(NodeTraversal.java:473)
	at com.google.javascript.jscomp.NodeTraversal.traverseBranch(NodeTraversal.java:473)
	at com.google.javascript.jscomp.NodeTraversal.traverse(NodeTraversal.java:259)
	at com.google.javascript.jscomp.NodeTraversal.traverse(NodeTraversal.java:437)
	at com.google.javascript.jscomp.FunctionRewriter.process(FunctionRewriter.java:68)
	at com.google.javascript.jscomp.CompilerTestCase.test(CompilerTestCase.java:765)
	at com.google.javascript.jscomp.CompilerTestCase.test(CompilerTestCase.java:423)
	at com.google.javascript.jscomp.CompilerTestCase.test(CompilerTestCase.java:348)
	at com.google.javascript.jscomp.CompilerTestCase.test(CompilerTestCase.java:317)
	at com.google.javascript.jscomp.CompilerTestCase.test(CompilerTestCase.java:305)
	at com.google.javascript.jscomp.FunctionRewriterTest.checkCompilesTo(FunctionRewriterTest.java:199)
	at com.google.javascript.jscomp.FunctionRewriterTest.checkCompilesToSame(FunctionRewriterTest.java:203)
	at com.google.javascript.jscomp.FunctionRewriterTest.testReplaceIdentityFunction2(FunctionRewriterTest.java:162)
	at sun.reflect.NativeMethodAccessorImpl.invoke0(Native Method)
	at sun.reflect.NativeMethodAccessorImpl.invoke(NativeMethodAccessorImpl.java:62)
	at sun.reflect.DelegatingMethodAccessorImpl.invoke(DelegatingMethodAccessorImpl.java:43)
	at java.lang.reflect.Method.invoke(Method.java:497)
	at junit.framework.TestCase.runTest(TestCase.java:168)
	at junit.framework.TestCase.runBare(TestCase.java:134)
	at junit.framework.TestResult$1.protect(TestResult.java:110)
	at junit.framework.TestResult.runProtected(TestResult.java:128)
	at junit.framework.TestResult.run(TestResult.java:113)
	at junit.framework.TestCase.run(TestCase.java:124)
	at junit.framework.TestSuite.runTest(TestSuite.java:243)
	at junit.framework.TestSuite.run(TestSuite.java:238)
	at org.junit.internal.runners.JUnit38ClassRunner.run(JUnit38ClassRunner.java:83)
	at org.junit.runner.JUnitCore.run(JUnitCore.java:157)
	at org.junit.runner.JUnitCore.run(JUnitCore.java:136)
	at fr.inria.lille.repair.MethodTestRunner.runTest(MethodTestRunner.java:44)
	at fr.inria.lille.repair.MethodTestRunner.access$0(MethodTestRunner.java:37)
	at fr.inria.lille.repair.MethodTestRunner$1.call(MethodTestRunner.java:20)
	at java.util.concurrent.FutureTask.run(FutureTask.java:266)
	at java.util.concurrent.ThreadPoolExecutor.runWorker(ThreadPoolExecutor.java:1142)
	at java.util.concurrent.ThreadPoolExecutor$Worker.run(ThreadPoolExecutor.java:617)
	at java.lang.Thread.run(Thread.java:745)
java.lang.IllegalStateException: FAILED ASSERTION
	at com.google.javascript.rhino.Kit.codeBug(Kit.java:462)
	at com.google.javascript.rhino.Node.getExistingIntProp(Node.java:923)
	at com.google.javascript.jscomp.FunctionRewriter$GetterReducer.getGetPropertyName(FunctionRewriter.java:448)
	at com.google.javascript.jscomp.FunctionRewriter$GetterReducer.reduce(FunctionRewriter.java:425)
	at com.google.javascript.jscomp.FunctionRewriter$ReductionGatherer.shouldTraverse(FunctionRewriter.java:176)
	at com.google.javascript.jscomp.NodeTraversal.traverseBranch(NodeTraversal.java:461)
	at com.google.javascript.jscomp.NodeTraversal.traverseBranch(NodeTraversal.java:473)
	at com.google.javascript.jscomp.NodeTraversal.traverseBranch(NodeTraversal.java:473)
	at com.google.javascript.jscomp.NodeTraversal.traverseBranch(NodeTraversal.java:473)
	at com.google.javascript.jscomp.NodeTraversal.traverseBranch(NodeTraversal.java:473)
	at com.google.javascript.jscomp.NodeTraversal.traverse(NodeTraversal.java:259)
	at com.google.javascript.jscomp.NodeTraversal.traverse(NodeTraversal.java:437)
	at com.google.javascript.jscomp.FunctionRewriter.process(FunctionRewriter.java:68)
	at com.google.javascript.jscomp.CompilerTestCase.test(CompilerTestCase.java:765)
	at com.google.javascript.jscomp.CompilerTestCase.test(CompilerTestCase.java:423)
	at com.google.javascript.jscomp.CompilerTestCase.test(CompilerTestCase.java:348)
	at com.google.javascript.jscomp.CompilerTestCase.test(CompilerTestCase.java:317)
	at com.google.javascript.jscomp.CompilerTestCase.test(CompilerTestCase.java:305)
	at com.google.javascript.jscomp.FunctionRewriterTest.checkCompilesTo(FunctionRewriterTest.java:199)
	at com.google.javascript.jscomp.FunctionRewriterTest.checkCompilesToSame(FunctionRewriterTest.java:203)
	at com.google.javascript.jscomp.FunctionRewriterTest.testReplaceIdentityFunction2(FunctionRewriterTest.java:162)
	at sun.reflect.NativeMethodAccessorImpl.invoke0(Native Method)
	at sun.reflect.NativeMethodAccessorImpl.invoke(NativeMethodAccessorImpl.java:62)
	at sun.reflect.DelegatingMethodAccessorImpl.invoke(DelegatingMethodAccessorImpl.java:43)
	at java.lang.reflect.Method.invoke(Method.java:497)
	at junit.framework.TestCase.runTest(TestCase.java:168)
	at junit.framework.TestCase.runBare(TestCase.java:134)
	at junit.framework.TestResult$1.protect(TestResult.java:110)
	at junit.framework.TestResult.runProtected(TestResult.java:128)
	at junit.framework.TestResult.run(TestResult.java:113)
	at junit.framework.TestCase.run(TestCase.java:124)
	at junit.framework.TestSuite.runTest(TestSuite.java:243)
	at junit.framework.TestSuite.run(TestSuite.java:238)
	at org.junit.internal.runners.JUnit38ClassRunner.run(JUnit38ClassRunner.java:83)
	at org.junit.runner.JUnitCore.run(JUnitCore.java:157)
	at org.junit.runner.JUnitCore.run(JUnitCore.java:136)
	at fr.inria.lille.repair.MethodTestRunner.runTest(MethodTestRunner.java:44)
	at fr.inria.lille.repair.MethodTestRunner.access$0(MethodTestRunner.java:37)
	at fr.inria.lille.repair.MethodTestRunner$1.call(MethodTestRunner.java:20)
	at java.util.concurrent.FutureTask.run(FutureTask.java:266)
	at java.util.concurrent.ThreadPoolExecutor.runWorker(ThreadPoolExecutor.java:1142)
	at java.util.concurrent.ThreadPoolExecutor$Worker.run(ThreadPoolExecutor.java:617)
	at java.lang.Thread.run(Thread.java:745)
java.lang.IllegalStateException: FAILED ASSERTION
	at com.google.javascript.rhino.Kit.codeBug(Kit.java:462)
	at com.google.javascript.rhino.Node.getExistingIntProp(Node.java:923)
	at com.google.javascript.jscomp.FunctionRewriter$GetterReducer.getGetPropertyName(FunctionRewriter.java:448)
	at com.google.javascript.jscomp.FunctionRewriter$GetterReducer.reduce(FunctionRewriter.java:425)
	at com.google.javascript.jscomp.FunctionRewriter$ReductionGatherer.shouldTraverse(FunctionRewriter.java:176)
	at com.google.javascript.jscomp.NodeTraversal.traverseBranch(NodeTraversal.java:461)
	at com.google.javascript.jscomp.NodeTraversal.traverseBranch(NodeTraversal.java:473)
	at com.google.javascript.jscomp.NodeTraversal.traverseBranch(NodeTraversal.java:473)
	at com.google.javascript.jscomp.NodeTraversal.traverseBranch(NodeTraversal.java:473)
	at com.google.javascript.jscomp.NodeTraversal.traverseBranch(NodeTraversal.java:473)
	at com.google.javascript.jscomp.NodeTraversal.traverse(NodeTraversal.java:259)
	at com.google.javascript.jscomp.NodeTraversal.traverse(NodeTraversal.java:437)
	at com.google.javascript.jscomp.FunctionRewriter.process(FunctionRewriter.java:68)
	at com.google.javascript.jscomp.CompilerTestCase.test(CompilerTestCase.java:765)
	at com.google.javascript.jscomp.CompilerTestCase.test(CompilerTestCase.java:423)
	at com.google.javascript.jscomp.CompilerTestCase.test(CompilerTestCase.java:348)
	at com.google.javascript.jscomp.CompilerTestCase.test(CompilerTestCase.java:317)
	at com.google.javascript.jscomp.CompilerTestCase.test(CompilerTestCase.java:305)
	at com.google.javascript.jscomp.FunctionRewriterTest.checkCompilesTo(FunctionRewriterTest.java:199)
	at com.google.javascript.jscomp.FunctionRewriterTest.checkCompilesToSame(FunctionRewriterTest.java:203)
	at com.google.javascript.jscomp.FunctionRewriterTest.testReplaceIdentityFunction2(FunctionRewriterTest.java:162)
	at sun.reflect.NativeMethodAccessorImpl.invoke0(Native Method)
	at sun.reflect.NativeMethodAccessorImpl.invoke(NativeMethodAccessorImpl.java:62)
	at sun.reflect.DelegatingMethodAccessorImpl.invoke(DelegatingMethodAccessorImpl.java:43)
	at java.lang.reflect.Method.invoke(Method.java:497)
	at junit.framework.TestCase.runTest(TestCase.java:168)
	at junit.framework.TestCase.runBare(TestCase.java:134)
	at junit.framework.TestResult$1.protect(TestResult.java:110)
	at junit.framework.TestResult.runProtected(TestResult.java:128)
	at junit.framework.TestResult.run(TestResult.java:113)
	at junit.framework.TestCase.run(TestCase.java:124)
	at junit.framework.TestSuite.runTest(TestSuite.java:243)
	at junit.framework.TestSuite.run(TestSuite.java:238)
	at org.junit.internal.runners.JUnit38ClassRunner.run(JUnit38ClassRunner.java:83)
	at org.junit.runner.JUnitCore.run(JUnitCore.java:157)
	at org.junit.runner.JUnitCore.run(JUnitCore.java:136)
	at fr.inria.lille.repair.MethodTestRunner.runTest(MethodTestRunner.java:44)
	at fr.inria.lille.repair.MethodTestRunner.access$0(MethodTestRunner.java:37)
	at fr.inria.lille.repair.MethodTestRunner$1.call(MethodTestRunner.java:20)
	at java.util.concurrent.FutureTask.run(FutureTask.java:266)
	at java.util.concurrent.ThreadPoolExecutor.runWorker(ThreadPoolExecutor.java:1142)
	at java.util.concurrent.ThreadPoolExecutor$Worker.run(ThreadPoolExecutor.java:617)
	at java.lang.Thread.run(Thread.java:745)
E
Time: 0.308
There was 1 failure:
1) testReplaceIdentityFunction2(com.google.javascript.jscomp.FunctionRewriterTest)
java.lang.RuntimeException: INTERNAL COMPILER ERROR.
Please report this problem.
null
  Node(FUNCTION ): testcode:1:40
a.prototype.foo = function(a) {return a + 1};a.prototype.foo = function(a) {return a + 1};a.prototype.foo = function(a) {return a + 1};a.prototype.foo = function(a) {return a + 1};a.prototype.foo = function(a) {return a + 1};a.prototype.foo = function(a) {return a + 1};a.prototype.foo = function(a) {return a + 1};a.prototype.foo = function(a) {return a + 1};a.prototype.foo = function(a) {return a + 1};a.prototype.foo = function(a) {return a + 1}
  Parent: NULL
	at com.google.common.base.Preconditions.checkState(Preconditions.java:129)
	at com.google.javascript.jscomp.NodeUtil.isStatementParent(NodeUtil.java:1761)
	at com.google.javascript.jscomp.NodeUtil.isStatement(NodeUtil.java:1754)
	at com.google.javascript.jscomp.NodeUtil.isFunctionExpression(NodeUtil.java:1989)
	at com.google.javascript.jscomp.FunctionRewriter.isReduceableFunctionExpression(FunctionRewriter.java:117)
	at com.google.javascript.jscomp.FunctionRewriter.access$600(FunctionRewriter.java:46)
	at com.google.javascript.jscomp.FunctionRewriter$SetterReducer.reduce(FunctionRewriter.java:483)
	at com.google.javascript.jscomp.FunctionRewriter$ReductionGatherer.shouldTraverse(FunctionRewriter.java:176)
	at com.google.javascript.jscomp.NodeTraversal.traverseBranch(NodeTraversal.java:461)
	at com.google.javascript.jscomp.NodeTraversal.traverseBranch(NodeTraversal.java:473)
	at com.google.javascript.jscomp.NodeTraversal.traverseBranch(NodeTraversal.java:473)
	at com.google.javascript.jscomp.NodeTraversal.traverseBranch(NodeTraversal.java:473)
	at com.google.javascript.jscomp.NodeTraversal.traverseBranch(NodeTraversal.java:473)
	at com.google.javascript.jscomp.NodeTraversal.traverse(NodeTraversal.java:259)
	at com.google.javascript.jscomp.NodeTraversal.traverse(NodeTraversal.java:437)
	at com.google.javascript.jscomp.FunctionRewriter.process(FunctionRewriter.java:68)
	at com.google.javascript.jscomp.CompilerTestCase.test(CompilerTestCase.java:765)
	at com.google.javascript.jscomp.CompilerTestCase.test(CompilerTestCase.java:423)
	at com.google.javascript.jscomp.CompilerTestCase.test(CompilerTestCase.java:348)
	at com.google.javascript.jscomp.CompilerTestCase.test(CompilerTestCase.java:317)
	at com.google.javascript.jscomp.CompilerTestCase.test(CompilerTestCase.java:305)
	at com.google.javascript.jscomp.FunctionRewriterTest.checkCompilesTo(FunctionRewriterTest.java:199)
	at com.google.javascript.jscomp.FunctionRewriterTest.checkCompilesToSame(FunctionRewriterTest.java:203)
	at com.google.javascript.jscomp.FunctionRewriterTest.testReplaceIdentityFunction2(FunctionRewriterTest.java:162)
	at sun.reflect.NativeMethodAccessorImpl.invoke0(Native Method)
	at sun.reflect.NativeMethodAccessorImpl.invoke(NativeMethodAccessorImpl.java:62)
	at sun.reflect.DelegatingMethodAccessorImpl.invoke(DelegatingMethodAccessorImpl.java:43)
	at java.lang.reflect.Method.invoke(Method.java:497)
	at junit.framework.TestCase.runTest(TestCase.java:168)
	at junit.framework.TestCase.runBare(TestCase.java:134)
	at junit.framework.TestResult$1.protect(TestResult.java:110)
	at junit.framework.TestResult.runProtected(TestResult.java:128)
	at junit.framework.TestResult.run(TestResult.java:113)
	at junit.framework.TestCase.run(TestCase.java:124)
	at junit.framework.TestSuite.runTest(TestSuite.java:243)
	at junit.framework.TestSuite.run(TestSuite.java:238)
	at org.junit.internal.runners.JUnit38ClassRunner.run(JUnit38ClassRunner.java:83)
	at org.junit.runner.JUnitCore.run(JUnitCore.java:157)
	at org.junit.runner.JUnitCore.run(JUnitCore.java:136)
	at fr.inria.lille.repair.MethodTestRunner.runTest(MethodTestRunner.java:44)
	at fr.inria.lille.repair.MethodTestRunner.access$0(MethodTestRunner.java:37)
	at fr.inria.lille.repair.MethodTestRunner$1.call(MethodTestRunner.java:20)
	at java.util.concurrent.FutureTask.run(FutureTask.java:266)
	at java.util.concurrent.ThreadPoolExecutor.runWorker(ThreadPoolExecutor.java:1142)
	at java.util.concurrent.ThreadPoolExecutor$Worker.run(ThreadPoolExecutor.java:617)
	at java.lang.Thread.run(Thread.java:745)
Caused by: java.lang.IllegalStateException
	... 46 more

FAILURES!!!
Tests run: 1,  Failures: 1

