Picked up JAVA_TOOL_OPTIONS: -Dfile.encoding=UTF8 -Duser.language=en-US -Duser.country=US -Duser.language=en
com.google.javascript.rhino.NodeTest#testCheckTreeEqualsStringDifferent
.
Time: 1.333

OK (1 test)

com.google.javascript.rhino.NodeTest#testCheckTreeEqualsImplDifferentIncProp
.
Time: 0.374

OK (1 test)

com.google.javascript.jscomp.IntegrationTest#testIssue937
.E
Time: 1.03
There was 1 failure:
1) testIssue937(com.google.javascript.jscomp.IntegrationTest)
junit.framework.AssertionFailedError: 
Expected: console.log()
Result: console.log()
Node tree inequality:
Tree1:
BLOCK [synthetic: 1]
    SCRIPT 1 [synthetic: 1] [source_file: input0] [input_id: InputId: input0]
        EXPR_RESULT 1 [source_file: input0]
            CALL 1 [source_file: input0]
                GETPROP 1 [source_file: input0]
                    NAME console 1 [source_file: input0]
                    STRING log 1 [source_file: input0]


Tree2:
BLOCK [synthetic: 1]
    SCRIPT 1 [synthetic: 1] [source_file: i0] [input_id: InputId: i0]
        EXPR_RESULT 1 [source_file: i0]
            CALL 1 [source_file: i0]
                GETPROP 1 [source_file: i0]
                    NAME console 1 [source_file: i0]
                    STRING log 1 [source_file: i0]


Subtree1: CALL 1 [source_file: i0]
    GETPROP 1 [source_file: i0]
        NEW 1 [source_file: i0]
            NAME x 1 [source_file: i0]
        STRING abc 1 [source_file: i0]


Subtree2: CALL 1 [free_call: 1] [source_file: i0]
    GETPROP 1 [source_file: i0]
        NEW 1 [source_file: i0]
            NAME x 1 [source_file: i0]
        STRING abc 1 [source_file: i0]

	at junit.framework.Assert.fail(Assert.java:50)
	at junit.framework.Assert.assertTrue(Assert.java:20)
	at junit.framework.Assert.assertNull(Assert.java:237)
	at com.google.javascript.jscomp.IntegrationTestCase.test(IntegrationTestCase.java:97)
	at com.google.javascript.jscomp.IntegrationTestCase.test(IntegrationTestCase.java:79)
	at com.google.javascript.jscomp.IntegrationTest.testIssue937(IntegrationTest.java:2430)
	at sun.reflect.NativeMethodAccessorImpl.invoke0(Native Method)
	at sun.reflect.NativeMethodAccessorImpl.invoke(NativeMethodAccessorImpl.java:62)
	at sun.reflect.DelegatingMethodAccessorImpl.invoke(DelegatingMethodAccessorImpl.java:43)
	at java.lang.reflect.Method.invoke(Method.java:497)
	at junit.framework.TestCase.runTest(TestCase.java:168)
	at junit.framework.TestCase.runBare(TestCase.java:134)
	at junit.framework.TestResult$1.protect(TestResult.java:110)
	at junit.framework.TestResult.runProtected(TestResult.java:128)
	at junit.framework.TestResult.run(TestResult.java:113)
	at junit.framework.TestCase.run(TestCase.java:124)
	at junit.framework.TestSuite.runTest(TestSuite.java:243)
	at junit.framework.TestSuite.run(TestSuite.java:238)
	at org.junit.internal.runners.JUnit38ClassRunner.run(JUnit38ClassRunner.java:83)
	at org.junit.runner.JUnitCore.run(JUnitCore.java:157)
	at org.junit.runner.JUnitCore.run(JUnitCore.java:136)
	at fr.inria.lille.repair.MethodTestRunner.runTest(MethodTestRunner.java:44)
	at fr.inria.lille.repair.MethodTestRunner.access$0(MethodTestRunner.java:37)
	at fr.inria.lille.repair.MethodTestRunner$1.call(MethodTestRunner.java:20)
	at java.util.concurrent.FutureTask.run(FutureTask.java:266)
	at java.util.concurrent.ThreadPoolExecutor.runWorker(ThreadPoolExecutor.java:1142)
	at java.util.concurrent.ThreadPoolExecutor$Worker.run(ThreadPoolExecutor.java:617)
	at java.lang.Thread.run(Thread.java:745)

FAILURES!!!
Tests run: 1,  Failures: 1

com.google.javascript.jscomp.ReplaceMessagesTest#testLegacyStyleOnePlaceholder
.E
Time: 0.612
There was 1 failure:
1) testLegacyStyleOnePlaceholder(com.google.javascript.jscomp.ReplaceMessagesTest)
java.lang.IllegalStateException: Expected 2 children, but was 1 Reference node ADD 1 [source_file: testcode]
	at com.google.javascript.jscomp.AstValidator$1.handleViolation(AstValidator.java:51)
	at com.google.javascript.jscomp.AstValidator.violation(AstValidator.java:763)
	at com.google.javascript.jscomp.AstValidator.validateChildCount(AstValidator.java:784)
	at com.google.javascript.jscomp.AstValidator.validateBinaryOp(AstValidator.java:749)
	at com.google.javascript.jscomp.AstValidator.validateExpression(AstValidator.java:203)
	at com.google.javascript.jscomp.AstValidator.validateReturn(AstValidator.java:483)
	at com.google.javascript.jscomp.AstValidator.validateStatement(AstValidator.java:128)
	at com.google.javascript.jscomp.AstValidator.validateBlock(AstValidator.java:280)
	at com.google.javascript.jscomp.AstValidator.validateFunctionExpression(AstValidator.java:363)
	at com.google.javascript.jscomp.AstValidator.validateExpression(AstValidator.java:268)
	at com.google.javascript.jscomp.AstValidator.validateVar(AstValidator.java:399)
	at com.google.javascript.jscomp.AstValidator.validateStatement(AstValidator.java:122)
	at com.google.javascript.jscomp.AstValidator.validateScript(AstValidator.java:88)
	at com.google.javascript.jscomp.AstValidator.validateCodeRoot(AstValidator.java:79)
	at com.google.javascript.jscomp.AstValidator.validateRoot(AstValidator.java:72)
	at com.google.javascript.jscomp.CompilerTestCase.test(CompilerTestCase.java:846)
	at com.google.javascript.jscomp.CompilerTestCase.test(CompilerTestCase.java:462)
	at com.google.javascript.jscomp.CompilerTestCase.test(CompilerTestCase.java:388)
	at com.google.javascript.jscomp.CompilerTestCase.test(CompilerTestCase.java:357)
	at com.google.javascript.jscomp.CompilerTestCase.test(CompilerTestCase.java:345)
	at com.google.javascript.jscomp.ReplaceMessagesTest.testLegacyStyleOnePlaceholder(ReplaceMessagesTest.java:257)
	at sun.reflect.NativeMethodAccessorImpl.invoke0(Native Method)
	at sun.reflect.NativeMethodAccessorImpl.invoke(NativeMethodAccessorImpl.java:62)
	at sun.reflect.DelegatingMethodAccessorImpl.invoke(DelegatingMethodAccessorImpl.java:43)
	at java.lang.reflect.Method.invoke(Method.java:497)
	at junit.framework.TestCase.runTest(TestCase.java:168)
	at junit.framework.TestCase.runBare(TestCase.java:134)
	at junit.framework.TestResult$1.protect(TestResult.java:110)
	at junit.framework.TestResult.runProtected(TestResult.java:128)
	at junit.framework.TestResult.run(TestResult.java:113)
	at junit.framework.TestCase.run(TestCase.java:124)
	at junit.framework.TestSuite.runTest(TestSuite.java:243)
	at junit.framework.TestSuite.run(TestSuite.java:238)
	at org.junit.internal.runners.JUnit38ClassRunner.run(JUnit38ClassRunner.java:83)
	at org.junit.runner.JUnitCore.run(JUnitCore.java:157)
	at org.junit.runner.JUnitCore.run(JUnitCore.java:136)
	at fr.inria.lille.repair.MethodTestRunner.runTest(MethodTestRunner.java:44)
	at fr.inria.lille.repair.MethodTestRunner.access$0(MethodTestRunner.java:37)
	at fr.inria.lille.repair.MethodTestRunner$1.call(MethodTestRunner.java:20)
	at java.util.concurrent.FutureTask.run(FutureTask.java:266)
	at java.util.concurrent.ThreadPoolExecutor.runWorker(ThreadPoolExecutor.java:1142)
	at java.util.concurrent.ThreadPoolExecutor$Worker.run(ThreadPoolExecutor.java:617)
	at java.lang.Thread.run(Thread.java:745)

FAILURES!!!
Tests run: 1,  Failures: 1

com.google.javascript.rhino.NodeTest#testCheckTreeEqualsImplDifferentChildCount
.
Time: 0.575

OK (1 test)

com.google.javascript.rhino.NodeTest#testCheckTreeEqualsImplDifferentChild
.
Time: 0.572

OK (1 test)

com.google.javascript.jscomp.ReplaceMessagesTest#testLegacyStyleTwoPlaceholders
.E
Time: 0.598
There was 1 failure:
1) testLegacyStyleTwoPlaceholders(com.google.javascript.jscomp.ReplaceMessagesTest)
java.lang.IllegalStateException: Expected 2 children, but was 1 Reference node ADD 1 [source_file: testcode]
	at com.google.javascript.jscomp.AstValidator$1.handleViolation(AstValidator.java:51)
	at com.google.javascript.jscomp.AstValidator.violation(AstValidator.java:763)
	at com.google.javascript.jscomp.AstValidator.validateChildCount(AstValidator.java:784)
	at com.google.javascript.jscomp.AstValidator.validateBinaryOp(AstValidator.java:749)
	at com.google.javascript.jscomp.AstValidator.validateExpression(AstValidator.java:203)
	at com.google.javascript.jscomp.AstValidator.validateReturn(AstValidator.java:483)
	at com.google.javascript.jscomp.AstValidator.validateStatement(AstValidator.java:128)
	at com.google.javascript.jscomp.AstValidator.validateBlock(AstValidator.java:280)
	at com.google.javascript.jscomp.AstValidator.validateFunctionExpression(AstValidator.java:363)
	at com.google.javascript.jscomp.AstValidator.validateExpression(AstValidator.java:268)
	at com.google.javascript.jscomp.AstValidator.validateVar(AstValidator.java:399)
	at com.google.javascript.jscomp.AstValidator.validateStatement(AstValidator.java:122)
	at com.google.javascript.jscomp.AstValidator.validateScript(AstValidator.java:88)
	at com.google.javascript.jscomp.AstValidator.validateCodeRoot(AstValidator.java:79)
	at com.google.javascript.jscomp.AstValidator.validateRoot(AstValidator.java:72)
	at com.google.javascript.jscomp.CompilerTestCase.test(CompilerTestCase.java:846)
	at com.google.javascript.jscomp.CompilerTestCase.test(CompilerTestCase.java:462)
	at com.google.javascript.jscomp.CompilerTestCase.test(CompilerTestCase.java:388)
	at com.google.javascript.jscomp.CompilerTestCase.test(CompilerTestCase.java:357)
	at com.google.javascript.jscomp.CompilerTestCase.test(CompilerTestCase.java:345)
	at com.google.javascript.jscomp.ReplaceMessagesTest.testLegacyStyleTwoPlaceholders(ReplaceMessagesTest.java:269)
	at sun.reflect.NativeMethodAccessorImpl.invoke0(Native Method)
	at sun.reflect.NativeMethodAccessorImpl.invoke(NativeMethodAccessorImpl.java:62)
	at sun.reflect.DelegatingMethodAccessorImpl.invoke(DelegatingMethodAccessorImpl.java:43)
	at java.lang.reflect.Method.invoke(Method.java:497)
	at junit.framework.TestCase.runTest(TestCase.java:168)
	at junit.framework.TestCase.runBare(TestCase.java:134)
	at junit.framework.TestResult$1.protect(TestResult.java:110)
	at junit.framework.TestResult.runProtected(TestResult.java:128)
	at junit.framework.TestResult.run(TestResult.java:113)
	at junit.framework.TestCase.run(TestCase.java:124)
	at junit.framework.TestSuite.runTest(TestSuite.java:243)
	at junit.framework.TestSuite.run(TestSuite.java:238)
	at org.junit.internal.runners.JUnit38ClassRunner.run(JUnit38ClassRunner.java:83)
	at org.junit.runner.JUnitCore.run(JUnitCore.java:157)
	at org.junit.runner.JUnitCore.run(JUnitCore.java:136)
	at fr.inria.lille.repair.MethodTestRunner.runTest(MethodTestRunner.java:44)
	at fr.inria.lille.repair.MethodTestRunner.access$0(MethodTestRunner.java:37)
	at fr.inria.lille.repair.MethodTestRunner$1.call(MethodTestRunner.java:20)
	at java.util.concurrent.FutureTask.run(FutureTask.java:266)
	at java.util.concurrent.ThreadPoolExecutor.runWorker(ThreadPoolExecutor.java:1142)
	at java.util.concurrent.ThreadPoolExecutor$Worker.run(ThreadPoolExecutor.java:617)
	at java.lang.Thread.run(Thread.java:745)

FAILURES!!!
Tests run: 1,  Failures: 1

com.google.javascript.rhino.NodeTest#testCheckTreeEqualsImplDifferentType
.
Time: 0.573

OK (1 test)

