Picked up JAVA_TOOL_OPTIONS: -Dfile.encoding=UTF8 -Duser.language=en-US -Duser.country=US -Duser.language=en
org.joda.time.TestWeeks#testFactory_weeksBetween_RPartial
.
Time: 0.519

OK (1 test)

org.joda.time.TestSeconds#testFactory_secondsBetween_RPartial
.
Time: 0.314

OK (1 test)

org.joda.time.TestPeriod_Constructors#testConstructor_RP_RP8
.
Time: 0.115

OK (1 test)

org.joda.time.TestHours#testFactory_hoursBetween_RPartial
.
Time: 0.308

OK (1 test)

org.joda.time.TestDays#testFactory_daysBetween_RPartial
.
Time: 0.25

OK (1 test)

org.joda.time.chrono.TestGJChronology#testCutoverAddMonths
.
Time: 5.791

OK (1 test)

org.joda.time.TestMonthDay_Basics#testMinusMonths_int_wrap
.
Time: 0.111

OK (1 test)

org.joda.time.TestPeriod_Constructors#testConstructor_RP_RP1
.
Time: 0.194

OK (1 test)

org.joda.time.chrono.TestGJChronology#testSubtractDays
.
Time: 0.69

OK (1 test)

org.joda.time.TestPeriod_Constructors#testConstructor_RP_RP2
.
Time: 0.18

OK (1 test)

org.joda.time.TestMonthDay_Properties#testPropertyAddMonthOfYear
.
Time: 0.225

OK (1 test)

org.joda.time.TestMonths#testFactory_monthsBetween_RPartial
.
Time: 0.225

OK (1 test)

org.joda.time.TestPeriod_Constructors#testConstructor_RP_RP_PeriodType2
.
Time: 0.207

OK (1 test)

org.joda.time.TestYearMonthDay_Properties#testPropertyAddDay
.
Time: 5.878

OK (1 test)

org.joda.time.TestPeriod_Constructors#testConstructor_RP_RP_PeriodType1
.
Time: 0.236

OK (1 test)

org.joda.time.TestMonthDay_Basics#testWithFieldAdded
.
Time: 0.134

OK (1 test)

org.joda.time.TestPeriod_Constructors#testConstructor_RP_RP_PeriodType8
.
Time: 0.112

OK (1 test)

org.joda.time.TestMonthDay_Properties#testPropertyAddDayOfMonth
.
Time: 0.126

OK (1 test)

org.joda.time.TestYears#testFactory_yearsBetween_RPartial
.
Time: 0.267

OK (1 test)

org.joda.time.TestMonthDay_Basics#testMinusDays_int_negativeFromLeap
.E
Time: 0.125
There was 1 failure:
1) testMinusDays_int_negativeFromLeap(org.joda.time.TestMonthDay_Basics)
org.joda.time.IllegalFieldValueException: Value 29 for dayOfMonth must be in the range [1,28]
	at org.joda.time.field.FieldUtils.verifyValueBounds(FieldUtils.java:218)
	at org.joda.time.field.PreciseDurationDateTimeField.set(PreciseDurationDateTimeField.java:78)
	at org.joda.time.chrono.BasicMonthOfYearDateTimeField.add(BasicMonthOfYearDateTimeField.java:213)
	at org.joda.time.field.BaseDateTimeField.add(BaseDateTimeField.java:324)
	at org.joda.time.MonthDay.withFieldAdded(MonthDay.java:519)
	at org.joda.time.MonthDay.minusDays(MonthDay.java:672)
	at org.joda.time.TestMonthDay_Basics.testMinusDays_int_negativeFromLeap(TestMonthDay_Basics.java:610)
	at sun.reflect.NativeMethodAccessorImpl.invoke0(Native Method)
	at sun.reflect.NativeMethodAccessorImpl.invoke(NativeMethodAccessorImpl.java:62)
	at sun.reflect.DelegatingMethodAccessorImpl.invoke(DelegatingMethodAccessorImpl.java:43)
	at java.lang.reflect.Method.invoke(Method.java:497)
	at junit.framework.TestCase.runTest(TestCase.java:176)
	at junit.framework.TestCase.runBare(TestCase.java:141)
	at junit.framework.TestResult$1.protect(TestResult.java:122)
	at junit.framework.TestResult.runProtected(TestResult.java:142)
	at junit.framework.TestResult.run(TestResult.java:125)
	at junit.framework.TestCase.run(TestCase.java:129)
	at junit.framework.TestSuite.runTest(TestSuite.java:255)
	at junit.framework.TestSuite.run(TestSuite.java:250)
	at org.junit.internal.runners.JUnit38ClassRunner.run(JUnit38ClassRunner.java:84)
	at org.junit.runner.JUnitCore.run(JUnitCore.java:160)
	at org.junit.runner.JUnitCore.run(JUnitCore.java:138)
	at fr.inria.lille.repair.MethodTestRunner.runTest(MethodTestRunner.java:44)
	at fr.inria.lille.repair.MethodTestRunner.access$0(MethodTestRunner.java:37)
	at fr.inria.lille.repair.MethodTestRunner$1.call(MethodTestRunner.java:20)
	at java.util.concurrent.FutureTask.run(FutureTask.java:266)
	at java.util.concurrent.ThreadPoolExecutor.runWorker(ThreadPoolExecutor.java:1142)
	at java.util.concurrent.ThreadPoolExecutor$Worker.run(ThreadPoolExecutor.java:617)
	at java.lang.Thread.run(Thread.java:745)

FAILURES!!!
Tests run: 1,  Failures: 1

org.joda.time.TestMonthDay_Basics#testMinusMonths_int_endOfMonthAdjust
.E
Time: 0.129
There was 1 failure:
1) testMinusMonths_int_endOfMonthAdjust(org.joda.time.TestMonthDay_Basics)
junit.framework.AssertionFailedError: expected:<--02-29> but was:<--02-28>
	at junit.framework.Assert.fail(Assert.java:57)
	at junit.framework.Assert.failNotEquals(Assert.java:329)
	at junit.framework.Assert.assertEquals(Assert.java:78)
	at junit.framework.Assert.assertEquals(Assert.java:86)
	at junit.framework.TestCase.assertEquals(TestCase.java:253)
	at org.joda.time.TestMonthDay_Basics.testMinusMonths_int_endOfMonthAdjust(TestMonthDay_Basics.java:563)
	at sun.reflect.NativeMethodAccessorImpl.invoke0(Native Method)
	at sun.reflect.NativeMethodAccessorImpl.invoke(NativeMethodAccessorImpl.java:62)
	at sun.reflect.DelegatingMethodAccessorImpl.invoke(DelegatingMethodAccessorImpl.java:43)
	at java.lang.reflect.Method.invoke(Method.java:497)
	at junit.framework.TestCase.runTest(TestCase.java:176)
	at junit.framework.TestCase.runBare(TestCase.java:141)
	at junit.framework.TestResult$1.protect(TestResult.java:122)
	at junit.framework.TestResult.runProtected(TestResult.java:142)
	at junit.framework.TestResult.run(TestResult.java:125)
	at junit.framework.TestCase.run(TestCase.java:129)
	at junit.framework.TestSuite.runTest(TestSuite.java:255)
	at junit.framework.TestSuite.run(TestSuite.java:250)
	at org.junit.internal.runners.JUnit38ClassRunner.run(JUnit38ClassRunner.java:84)
	at org.junit.runner.JUnitCore.run(JUnitCore.java:160)
	at org.junit.runner.JUnitCore.run(JUnitCore.java:138)
	at fr.inria.lille.repair.MethodTestRunner.runTest(MethodTestRunner.java:44)
	at fr.inria.lille.repair.MethodTestRunner.access$0(MethodTestRunner.java:37)
	at fr.inria.lille.repair.MethodTestRunner$1.call(MethodTestRunner.java:20)
	at java.util.concurrent.FutureTask.run(FutureTask.java:266)
	at java.util.concurrent.ThreadPoolExecutor.runWorker(ThreadPoolExecutor.java:1142)
	at java.util.concurrent.ThreadPoolExecutor$Worker.run(ThreadPoolExecutor.java:617)
	at java.lang.Thread.run(Thread.java:745)

FAILURES!!!
Tests run: 1,  Failures: 1

org.joda.time.TestBaseSingleFieldPeriod#testFactory_between_RPartial
.
Time: 1.382

OK (1 test)

org.joda.time.TestDateTimeUtils#testIsContiguous_RP_GJChronology
.
Time: 1.06

OK (1 test)

org.joda.time.TestMonthDay_Basics#testPlusMonths_int_wrap
.
Time: 0.147

OK (1 test)

org.joda.time.TestMonthDay_Basics#testPlusMonths_int_adjust
.
Time: 0.145

OK (1 test)

org.joda.time.chrono.TestGJChronology#testCutoverAddDays
.
Time: 2.96

OK (1 test)

org.joda.time.TestYearMonthDay_Properties#testPropertyAddMonth
.
Time: 1.818

OK (1 test)

org.joda.time.chrono.TestISOChronology#testAddMonths
.
Time: 6.582

OK (1 test)

org.joda.time.TestMinutes#testFactory_minutesBetween_RPartial
.
Time: 0.283

OK (1 test)

org.joda.time.TestMonthDay_Basics#testMinusMonths_int_adjust
.
Time: 0.105

OK (1 test)

org.joda.time.chrono.TestGJChronology#testCutoverAddYears
.
Time: 6.631

OK (1 test)

org.joda.time.TestMonthDay_Basics#testMinusMonths_int_negativeFromLeap
.E
Time: 0.131
There was 1 failure:
1) testMinusMonths_int_negativeFromLeap(org.joda.time.TestMonthDay_Basics)
org.joda.time.IllegalFieldValueException: Value 29 for dayOfMonth must be in the range [1,28]
	at org.joda.time.field.FieldUtils.verifyValueBounds(FieldUtils.java:218)
	at org.joda.time.field.PreciseDurationDateTimeField.set(PreciseDurationDateTimeField.java:78)
	at org.joda.time.chrono.BasicMonthOfYearDateTimeField.add(BasicMonthOfYearDateTimeField.java:213)
	at org.joda.time.MonthDay.withFieldAdded(MonthDay.java:519)
	at org.joda.time.MonthDay.minusMonths(MonthDay.java:652)
	at org.joda.time.TestMonthDay_Basics.testMinusMonths_int_negativeFromLeap(TestMonthDay_Basics.java:554)
	at sun.reflect.NativeMethodAccessorImpl.invoke0(Native Method)
	at sun.reflect.NativeMethodAccessorImpl.invoke(NativeMethodAccessorImpl.java:62)
	at sun.reflect.DelegatingMethodAccessorImpl.invoke(DelegatingMethodAccessorImpl.java:43)
	at java.lang.reflect.Method.invoke(Method.java:497)
	at junit.framework.TestCase.runTest(TestCase.java:176)
	at junit.framework.TestCase.runBare(TestCase.java:141)
	at junit.framework.TestResult$1.protect(TestResult.java:122)
	at junit.framework.TestResult.runProtected(TestResult.java:142)
	at junit.framework.TestResult.run(TestResult.java:125)
	at junit.framework.TestCase.run(TestCase.java:129)
	at junit.framework.TestSuite.runTest(TestSuite.java:255)
	at junit.framework.TestSuite.run(TestSuite.java:250)
	at org.junit.internal.runners.JUnit38ClassRunner.run(JUnit38ClassRunner.java:84)
	at org.junit.runner.JUnitCore.run(JUnitCore.java:160)
	at org.junit.runner.JUnitCore.run(JUnitCore.java:138)
	at fr.inria.lille.repair.MethodTestRunner.runTest(MethodTestRunner.java:44)
	at fr.inria.lille.repair.MethodTestRunner.access$0(MethodTestRunner.java:37)
	at fr.inria.lille.repair.MethodTestRunner$1.call(MethodTestRunner.java:20)
	at java.util.concurrent.FutureTask.run(FutureTask.java:266)
	at java.util.concurrent.ThreadPoolExecutor.runWorker(ThreadPoolExecutor.java:1142)
	at java.util.concurrent.ThreadPoolExecutor$Worker.run(ThreadPoolExecutor.java:617)
	at java.lang.Thread.run(Thread.java:745)

FAILURES!!!
Tests run: 1,  Failures: 1

org.joda.time.TestMonthDay_Basics#testPlusMonths_int_negativeFromLeap
.E
Time: 0.132
There was 1 failure:
1) testPlusMonths_int_negativeFromLeap(org.joda.time.TestMonthDay_Basics)
org.joda.time.IllegalFieldValueException: Value 29 for dayOfMonth must be in the range [1,28]
	at org.joda.time.field.FieldUtils.verifyValueBounds(FieldUtils.java:218)
	at org.joda.time.field.PreciseDurationDateTimeField.set(PreciseDurationDateTimeField.java:78)
	at org.joda.time.chrono.BasicMonthOfYearDateTimeField.add(BasicMonthOfYearDateTimeField.java:213)
	at org.joda.time.MonthDay.withFieldAdded(MonthDay.java:519)
	at org.joda.time.MonthDay.plusMonths(MonthDay.java:592)
	at org.joda.time.TestMonthDay_Basics.testPlusMonths_int_negativeFromLeap(TestMonthDay_Basics.java:460)
	at sun.reflect.NativeMethodAccessorImpl.invoke0(Native Method)
	at sun.reflect.NativeMethodAccessorImpl.invoke(NativeMethodAccessorImpl.java:62)
	at sun.reflect.DelegatingMethodAccessorImpl.invoke(DelegatingMethodAccessorImpl.java:43)
	at java.lang.reflect.Method.invoke(Method.java:497)
	at junit.framework.TestCase.runTest(TestCase.java:176)
	at junit.framework.TestCase.runBare(TestCase.java:141)
	at junit.framework.TestResult$1.protect(TestResult.java:122)
	at junit.framework.TestResult.runProtected(TestResult.java:142)
	at junit.framework.TestResult.run(TestResult.java:125)
	at junit.framework.TestCase.run(TestCase.java:129)
	at junit.framework.TestSuite.runTest(TestSuite.java:255)
	at junit.framework.TestSuite.run(TestSuite.java:250)
	at org.junit.internal.runners.JUnit38ClassRunner.run(JUnit38ClassRunner.java:84)
	at org.junit.runner.JUnitCore.run(JUnitCore.java:160)
	at org.junit.runner.JUnitCore.run(JUnitCore.java:138)
	at fr.inria.lille.repair.MethodTestRunner.runTest(MethodTestRunner.java:44)
	at fr.inria.lille.repair.MethodTestRunner.access$0(MethodTestRunner.java:37)
	at fr.inria.lille.repair.MethodTestRunner$1.call(MethodTestRunner.java:20)
	at java.util.concurrent.FutureTask.run(FutureTask.java:266)
	at java.util.concurrent.ThreadPoolExecutor.runWorker(ThreadPoolExecutor.java:1142)
	at java.util.concurrent.ThreadPoolExecutor$Worker.run(ThreadPoolExecutor.java:617)
	at java.lang.Thread.run(Thread.java:745)

FAILURES!!!
Tests run: 1,  Failures: 1

org.joda.time.TestYearMonth_Properties#testPropertyAddMonth
.
Time: 0.543

OK (1 test)

org.joda.time.chrono.TestGJChronology#testYearEndAddDays
.
Time: 1.902

OK (1 test)

org.joda.time.TestMonthDay_Basics#testPlusMonths_int_fromLeap
.E
Time: 0.156
There was 1 failure:
1) testPlusMonths_int_fromLeap(org.joda.time.TestMonthDay_Basics)
org.joda.time.IllegalFieldValueException: Value 29 for dayOfMonth must be in the range [1,28]
	at org.joda.time.field.FieldUtils.verifyValueBounds(FieldUtils.java:218)
	at org.joda.time.field.PreciseDurationDateTimeField.set(PreciseDurationDateTimeField.java:78)
	at org.joda.time.chrono.BasicMonthOfYearDateTimeField.add(BasicMonthOfYearDateTimeField.java:213)
	at org.joda.time.MonthDay.withFieldAdded(MonthDay.java:519)
	at org.joda.time.MonthDay.plusMonths(MonthDay.java:592)
	at org.joda.time.TestMonthDay_Basics.testPlusMonths_int_fromLeap(TestMonthDay_Basics.java:453)
	at sun.reflect.NativeMethodAccessorImpl.invoke0(Native Method)
	at sun.reflect.NativeMethodAccessorImpl.invoke(NativeMethodAccessorImpl.java:62)
	at sun.reflect.DelegatingMethodAccessorImpl.invoke(DelegatingMethodAccessorImpl.java:43)
	at java.lang.reflect.Method.invoke(Method.java:497)
	at junit.framework.TestCase.runTest(TestCase.java:176)
	at junit.framework.TestCase.runBare(TestCase.java:141)
	at junit.framework.TestResult$1.protect(TestResult.java:122)
	at junit.framework.TestResult.runProtected(TestResult.java:142)
	at junit.framework.TestResult.run(TestResult.java:125)
	at junit.framework.TestCase.run(TestCase.java:129)
	at junit.framework.TestSuite.runTest(TestSuite.java:255)
	at junit.framework.TestSuite.run(TestSuite.java:250)
	at org.junit.internal.runners.JUnit38ClassRunner.run(JUnit38ClassRunner.java:84)
	at org.junit.runner.JUnitCore.run(JUnitCore.java:160)
	at org.junit.runner.JUnitCore.run(JUnitCore.java:138)
	at fr.inria.lille.repair.MethodTestRunner.runTest(MethodTestRunner.java:44)
	at fr.inria.lille.repair.MethodTestRunner.access$0(MethodTestRunner.java:37)
	at fr.inria.lille.repair.MethodTestRunner$1.call(MethodTestRunner.java:20)
	at java.util.concurrent.FutureTask.run(FutureTask.java:266)
	at java.util.concurrent.ThreadPoolExecutor.runWorker(ThreadPoolExecutor.java:1142)
	at java.util.concurrent.ThreadPoolExecutor$Worker.run(ThreadPoolExecutor.java:617)
	at java.lang.Thread.run(Thread.java:745)

FAILURES!!!
Tests run: 1,  Failures: 1

org.joda.time.TestMonthDay_Basics#testPlusMonths_int_endOfMonthAdjust
.
Time: 0.122

OK (1 test)

org.joda.time.TestMonthDay_Basics#testPlusDays_int_fromLeap
.E
Time: 0.127
There was 1 failure:
1) testPlusDays_int_fromLeap(org.joda.time.TestMonthDay_Basics)
org.joda.time.IllegalFieldValueException: Value 29 for dayOfMonth must be in the range [1,28]
	at org.joda.time.field.FieldUtils.verifyValueBounds(FieldUtils.java:218)
	at org.joda.time.field.PreciseDurationDateTimeField.set(PreciseDurationDateTimeField.java:78)
	at org.joda.time.chrono.BasicMonthOfYearDateTimeField.add(BasicMonthOfYearDateTimeField.java:213)
	at org.joda.time.field.BaseDateTimeField.add(BaseDateTimeField.java:324)
	at org.joda.time.MonthDay.withFieldAdded(MonthDay.java:519)
	at org.joda.time.MonthDay.plusDays(MonthDay.java:612)
	at org.joda.time.TestMonthDay_Basics.testPlusDays_int_fromLeap(TestMonthDay_Basics.java:509)
	at sun.reflect.NativeMethodAccessorImpl.invoke0(Native Method)
	at sun.reflect.NativeMethodAccessorImpl.invoke(NativeMethodAccessorImpl.java:62)
	at sun.reflect.DelegatingMethodAccessorImpl.invoke(DelegatingMethodAccessorImpl.java:43)
	at java.lang.reflect.Method.invoke(Method.java:497)
	at junit.framework.TestCase.runTest(TestCase.java:176)
	at junit.framework.TestCase.runBare(TestCase.java:141)
	at junit.framework.TestResult$1.protect(TestResult.java:122)
	at junit.framework.TestResult.runProtected(TestResult.java:142)
	at junit.framework.TestResult.run(TestResult.java:125)
	at junit.framework.TestCase.run(TestCase.java:129)
	at junit.framework.TestSuite.runTest(TestSuite.java:255)
	at junit.framework.TestSuite.run(TestSuite.java:250)
	at org.junit.internal.runners.JUnit38ClassRunner.run(JUnit38ClassRunner.java:84)
	at org.junit.runner.JUnitCore.run(JUnitCore.java:160)
	at org.junit.runner.JUnitCore.run(JUnitCore.java:138)
	at fr.inria.lille.repair.MethodTestRunner.runTest(MethodTestRunner.java:44)
	at fr.inria.lille.repair.MethodTestRunner.access$0(MethodTestRunner.java:37)
	at fr.inria.lille.repair.MethodTestRunner$1.call(MethodTestRunner.java:20)
	at java.util.concurrent.FutureTask.run(FutureTask.java:266)
	at java.util.concurrent.ThreadPoolExecutor.runWorker(ThreadPoolExecutor.java:1142)
	at java.util.concurrent.ThreadPoolExecutor$Worker.run(ThreadPoolExecutor.java:617)
	at java.lang.Thread.run(Thread.java:745)

FAILURES!!!
Tests run: 1,  Failures: 1

org.joda.time.TestMonthDay_Basics#testMinusMonths_int_fromLeap
.E
Time: 0.123
There was 1 failure:
1) testMinusMonths_int_fromLeap(org.joda.time.TestMonthDay_Basics)
org.joda.time.IllegalFieldValueException: Value 29 for dayOfMonth must be in the range [1,28]
	at org.joda.time.field.FieldUtils.verifyValueBounds(FieldUtils.java:218)
	at org.joda.time.field.PreciseDurationDateTimeField.set(PreciseDurationDateTimeField.java:78)
	at org.joda.time.chrono.BasicMonthOfYearDateTimeField.add(BasicMonthOfYearDateTimeField.java:213)
	at org.joda.time.MonthDay.withFieldAdded(MonthDay.java:519)
	at org.joda.time.MonthDay.minusMonths(MonthDay.java:652)
	at org.joda.time.TestMonthDay_Basics.testMinusMonths_int_fromLeap(TestMonthDay_Basics.java:547)
	at sun.reflect.NativeMethodAccessorImpl.invoke0(Native Method)
	at sun.reflect.NativeMethodAccessorImpl.invoke(NativeMethodAccessorImpl.java:62)
	at sun.reflect.DelegatingMethodAccessorImpl.invoke(DelegatingMethodAccessorImpl.java:43)
	at java.lang.reflect.Method.invoke(Method.java:497)
	at junit.framework.TestCase.runTest(TestCase.java:176)
	at junit.framework.TestCase.runBare(TestCase.java:141)
	at junit.framework.TestResult$1.protect(TestResult.java:122)
	at junit.framework.TestResult.runProtected(TestResult.java:142)
	at junit.framework.TestResult.run(TestResult.java:125)
	at junit.framework.TestCase.run(TestCase.java:129)
	at junit.framework.TestSuite.runTest(TestSuite.java:255)
	at junit.framework.TestSuite.run(TestSuite.java:250)
	at org.junit.internal.runners.JUnit38ClassRunner.run(JUnit38ClassRunner.java:84)
	at org.junit.runner.JUnitCore.run(JUnitCore.java:160)
	at org.junit.runner.JUnitCore.run(JUnitCore.java:138)
	at fr.inria.lille.repair.MethodTestRunner.runTest(MethodTestRunner.java:44)
	at fr.inria.lille.repair.MethodTestRunner.access$0(MethodTestRunner.java:37)
	at fr.inria.lille.repair.MethodTestRunner$1.call(MethodTestRunner.java:20)
	at java.util.concurrent.FutureTask.run(FutureTask.java:266)
	at java.util.concurrent.ThreadPoolExecutor.runWorker(ThreadPoolExecutor.java:1142)
	at java.util.concurrent.ThreadPoolExecutor$Worker.run(ThreadPoolExecutor.java:617)
	at java.lang.Thread.run(Thread.java:745)

FAILURES!!!
Tests run: 1,  Failures: 1

org.joda.time.TestMonthDay_Basics#testMinusMonths_int_negativeEndOfMonthAdjust
.
Time: 0.134

OK (1 test)

org.joda.time.TestDateTimeUtils#testIsContiguous_RP
.
Time: 1.131

OK (1 test)

org.joda.time.TestMonthDay_Basics#testPlusMonths_int_negativeEndOfMonthAdjust
.E
Time: 0.153
There was 1 failure:
1) testPlusMonths_int_negativeEndOfMonthAdjust(org.joda.time.TestMonthDay_Basics)
junit.framework.AssertionFailedError: expected:<--02-29> but was:<--02-28>
	at junit.framework.Assert.fail(Assert.java:57)
	at junit.framework.Assert.failNotEquals(Assert.java:329)
	at junit.framework.Assert.assertEquals(Assert.java:78)
	at junit.framework.Assert.assertEquals(Assert.java:86)
	at junit.framework.TestCase.assertEquals(TestCase.java:253)
	at org.joda.time.TestMonthDay_Basics.testPlusMonths_int_negativeEndOfMonthAdjust(TestMonthDay_Basics.java:476)
	at sun.reflect.NativeMethodAccessorImpl.invoke0(Native Method)
	at sun.reflect.NativeMethodAccessorImpl.invoke(NativeMethodAccessorImpl.java:62)
	at sun.reflect.DelegatingMethodAccessorImpl.invoke(DelegatingMethodAccessorImpl.java:43)
	at java.lang.reflect.Method.invoke(Method.java:497)
	at junit.framework.TestCase.runTest(TestCase.java:176)
	at junit.framework.TestCase.runBare(TestCase.java:141)
	at junit.framework.TestResult$1.protect(TestResult.java:122)
	at junit.framework.TestResult.runProtected(TestResult.java:142)
	at junit.framework.TestResult.run(TestResult.java:125)
	at junit.framework.TestCase.run(TestCase.java:129)
	at junit.framework.TestSuite.runTest(TestSuite.java:255)
	at junit.framework.TestSuite.run(TestSuite.java:250)
	at org.junit.internal.runners.JUnit38ClassRunner.run(JUnit38ClassRunner.java:84)
	at org.junit.runner.JUnitCore.run(JUnitCore.java:160)
	at org.junit.runner.JUnitCore.run(JUnitCore.java:138)
	at fr.inria.lille.repair.MethodTestRunner.runTest(MethodTestRunner.java:44)
	at fr.inria.lille.repair.MethodTestRunner.access$0(MethodTestRunner.java:37)
	at fr.inria.lille.repair.MethodTestRunner$1.call(MethodTestRunner.java:20)
	at java.util.concurrent.FutureTask.run(FutureTask.java:266)
	at java.util.concurrent.ThreadPoolExecutor.runWorker(ThreadPoolExecutor.java:1142)
	at java.util.concurrent.ThreadPoolExecutor$Worker.run(ThreadPoolExecutor.java:617)
	at java.lang.Thread.run(Thread.java:745)

FAILURES!!!
Tests run: 1,  Failures: 1

