Picked up JAVA_TOOL_OPTIONS: -Dfile.encoding=UTF8 -Duser.language=en-US -Duser.country=US -Duser.language=en
org.jfree.chart.renderer.category.junit.StatisticalBarRendererTests#testDrawWithNullDeviationVertical
.java.lang.NullPointerException
	at org.jfree.chart.renderer.category.StatisticalBarRenderer.drawVerticalItem(StatisticalBarRenderer.java:462)
	at org.jfree.chart.renderer.category.StatisticalBarRenderer.drawItem(StatisticalBarRenderer.java:212)
	at org.jfree.chart.plot.CategoryPlot.render(CategoryPlot.java:2868)
	at org.jfree.chart.plot.CategoryPlot.draw(CategoryPlot.java:2673)
	at org.jfree.chart.JFreeChart.draw(JFreeChart.java:1219)
	at org.jfree.chart.JFreeChart.createBufferedImage(JFreeChart.java:1393)
	at org.jfree.chart.JFreeChart.createBufferedImage(JFreeChart.java:1373)
	at org.jfree.chart.renderer.category.junit.StatisticalBarRendererTests.testDrawWithNullDeviationVertical(StatisticalBarRendererTests.java:255)
	at sun.reflect.NativeMethodAccessorImpl.invoke0(Native Method)
	at sun.reflect.NativeMethodAccessorImpl.invoke(NativeMethodAccessorImpl.java:62)
	at sun.reflect.DelegatingMethodAccessorImpl.invoke(DelegatingMethodAccessorImpl.java:43)
	at java.lang.reflect.Method.invoke(Method.java:497)
	at junit.framework.TestCase.runTest(TestCase.java:176)
	at junit.framework.TestCase.runBare(TestCase.java:141)
	at junit.framework.TestResult$1.protect(TestResult.java:122)
	at junit.framework.TestResult.runProtected(TestResult.java:142)
	at junit.framework.TestResult.run(TestResult.java:125)
	at junit.framework.TestCase.run(TestCase.java:129)
	at junit.framework.TestSuite.runTest(TestSuite.java:255)
	at junit.framework.TestSuite.run(TestSuite.java:250)
	at org.junit.internal.runners.JUnit38ClassRunner.run(JUnit38ClassRunner.java:84)
	at org.junit.runner.JUnitCore.run(JUnitCore.java:160)
	at org.junit.runner.JUnitCore.run(JUnitCore.java:138)
	at fr.inria.lille.repair.MethodTestRunner.runTest(MethodTestRunner.java:44)
	at fr.inria.lille.repair.MethodTestRunner.access$0(MethodTestRunner.java:37)
	at fr.inria.lille.repair.MethodTestRunner$1.call(MethodTestRunner.java:20)
	at java.util.concurrent.FutureTask.run(FutureTask.java:266)
	at java.util.concurrent.ThreadPoolExecutor.runWorker(ThreadPoolExecutor.java:1142)
	at java.util.concurrent.ThreadPoolExecutor$Worker.run(ThreadPoolExecutor.java:617)
	at java.lang.Thread.run(Thread.java:745)
E
Time: 2.483
There was 1 failure:
1) testDrawWithNullDeviationVertical(org.jfree.chart.renderer.category.junit.StatisticalBarRendererTests)
junit.framework.AssertionFailedError
	at junit.framework.Assert.fail(Assert.java:55)
	at junit.framework.Assert.assertTrue(Assert.java:22)
	at junit.framework.Assert.assertTrue(Assert.java:31)
	at junit.framework.TestCase.assertTrue(TestCase.java:201)
	at org.jfree.chart.renderer.category.junit.StatisticalBarRendererTests.testDrawWithNullDeviationVertical(StatisticalBarRendererTests.java:263)
	at sun.reflect.NativeMethodAccessorImpl.invoke0(Native Method)
	at sun.reflect.NativeMethodAccessorImpl.invoke(NativeMethodAccessorImpl.java:62)
	at sun.reflect.DelegatingMethodAccessorImpl.invoke(DelegatingMethodAccessorImpl.java:43)
	at java.lang.reflect.Method.invoke(Method.java:497)
	at junit.framework.TestCase.runTest(TestCase.java:176)
	at junit.framework.TestCase.runBare(TestCase.java:141)
	at junit.framework.TestResult$1.protect(TestResult.java:122)
	at junit.framework.TestResult.runProtected(TestResult.java:142)
	at junit.framework.TestResult.run(TestResult.java:125)
	at junit.framework.TestCase.run(TestCase.java:129)
	at junit.framework.TestSuite.runTest(TestSuite.java:255)
	at junit.framework.TestSuite.run(TestSuite.java:250)
	at org.junit.internal.runners.JUnit38ClassRunner.run(JUnit38ClassRunner.java:84)
	at org.junit.runner.JUnitCore.run(JUnitCore.java:160)
	at org.junit.runner.JUnitCore.run(JUnitCore.java:138)
	at fr.inria.lille.repair.MethodTestRunner.runTest(MethodTestRunner.java:44)
	at fr.inria.lille.repair.MethodTestRunner.access$0(MethodTestRunner.java:37)
	at fr.inria.lille.repair.MethodTestRunner$1.call(MethodTestRunner.java:20)
	at java.util.concurrent.FutureTask.run(FutureTask.java:266)
	at java.util.concurrent.ThreadPoolExecutor.runWorker(ThreadPoolExecutor.java:1142)
	at java.util.concurrent.ThreadPoolExecutor$Worker.run(ThreadPoolExecutor.java:617)
	at java.lang.Thread.run(Thread.java:745)

FAILURES!!!
Tests run: 1,  Failures: 1

org.jfree.chart.junit.BarChartTests#testSetSeriesToolTipGenerator
.
Time: 0.163

OK (1 test)

org.jfree.chart.junit.LineChart3DTests#testSetSeriesURLGenerator
.
Time: 0.107

OK (1 test)

org.jfree.chart.junit.StackedBarChartTests#testSetSeriesToolTipGenerator
.
Time: 0.15

OK (1 test)

org.jfree.chart.junit.LineChartTests#testSetSeriesURLGenerator
.
Time: 0.09

OK (1 test)

org.jfree.chart.junit.BarChart3DTests#testSetSeriesURLGenerator
.
Time: 0.148

OK (1 test)

org.jfree.chart.junit.AreaChartTests#testSetSeriesToolTipGenerator
.
Time: 0.099

OK (1 test)

org.jfree.chart.junit.LineChartTests#testSetSeriesToolTipGenerator
.
Time: 0.099

OK (1 test)

org.jfree.chart.junit.GanttChartTests#testSetSeriesURLGenerator
.
Time: 0.16

OK (1 test)

org.jfree.chart.junit.StackedBarChart3DTests#testSetSeriesURLGenerator
.
Time: 0.101

OK (1 test)

org.jfree.chart.junit.BarChart3DTests#testSetSeriesToolTipGenerator
.
Time: 0.148

OK (1 test)

org.jfree.chart.junit.GanttChartTests#testSetSeriesToolTipGenerator
.
Time: 0.123

OK (1 test)

org.jfree.chart.junit.BarChartTests#testSetSeriesURLGenerator
.
Time: 0.113

OK (1 test)

org.jfree.chart.renderer.category.junit.StatisticalBarRendererTests#testDrawWithNullDeviationHorizontal
.java.lang.NullPointerException
	at org.jfree.chart.renderer.category.StatisticalBarRenderer.drawHorizontalItem(StatisticalBarRenderer.java:315)
	at org.jfree.chart.renderer.category.StatisticalBarRenderer.drawItem(StatisticalBarRenderer.java:208)
	at org.jfree.chart.plot.CategoryPlot.render(CategoryPlot.java:2868)
	at org.jfree.chart.plot.CategoryPlot.draw(CategoryPlot.java:2673)
	at org.jfree.chart.JFreeChart.draw(JFreeChart.java:1219)
	at org.jfree.chart.JFreeChart.createBufferedImage(JFreeChart.java:1393)
	at org.jfree.chart.JFreeChart.createBufferedImage(JFreeChart.java:1373)
	at org.jfree.chart.renderer.category.junit.StatisticalBarRendererTests.testDrawWithNullDeviationHorizontal(StatisticalBarRendererTests.java:283)
	at sun.reflect.NativeMethodAccessorImpl.invoke0(Native Method)
	at sun.reflect.NativeMethodAccessorImpl.invoke(NativeMethodAccessorImpl.java:62)
	at sun.reflect.DelegatingMethodAccessorImpl.invoke(DelegatingMethodAccessorImpl.java:43)
	at java.lang.reflect.Method.invoke(Method.java:497)
	at junit.framework.TestCase.runTest(TestCase.java:176)
	at junit.framework.TestCase.runBare(TestCase.java:141)
	at junit.framework.TestResult$1.protect(TestResult.java:122)
	at junit.framework.TestResult.runProtected(TestResult.java:142)
	at junit.framework.TestResult.run(TestResult.java:125)
	at junit.framework.TestCase.run(TestCase.java:129)
	at junit.framework.TestSuite.runTest(TestSuite.java:255)
	at junit.framework.TestSuite.run(TestSuite.java:250)
	at org.junit.internal.runners.JUnit38ClassRunner.run(JUnit38ClassRunner.java:84)
	at org.junit.runner.JUnitCore.run(JUnitCore.java:160)
	at org.junit.runner.JUnitCore.run(JUnitCore.java:138)
	at fr.inria.lille.repair.MethodTestRunner.runTest(MethodTestRunner.java:44)
	at fr.inria.lille.repair.MethodTestRunner.access$0(MethodTestRunner.java:37)
	at fr.inria.lille.repair.MethodTestRunner$1.call(MethodTestRunner.java:20)
	at java.util.concurrent.FutureTask.run(FutureTask.java:266)
	at java.util.concurrent.ThreadPoolExecutor.runWorker(ThreadPoolExecutor.java:1142)
	at java.util.concurrent.ThreadPoolExecutor$Worker.run(ThreadPoolExecutor.java:617)
	at java.lang.Thread.run(Thread.java:745)
E
Time: 1.476
There was 1 failure:
1) testDrawWithNullDeviationHorizontal(org.jfree.chart.renderer.category.junit.StatisticalBarRendererTests)
junit.framework.AssertionFailedError
	at junit.framework.Assert.fail(Assert.java:55)
	at junit.framework.Assert.assertTrue(Assert.java:22)
	at junit.framework.Assert.assertTrue(Assert.java:31)
	at junit.framework.TestCase.assertTrue(TestCase.java:201)
	at org.jfree.chart.renderer.category.junit.StatisticalBarRendererTests.testDrawWithNullDeviationHorizontal(StatisticalBarRendererTests.java:291)
	at sun.reflect.NativeMethodAccessorImpl.invoke0(Native Method)
	at sun.reflect.NativeMethodAccessorImpl.invoke(NativeMethodAccessorImpl.java:62)
	at sun.reflect.DelegatingMethodAccessorImpl.invoke(DelegatingMethodAccessorImpl.java:43)
	at java.lang.reflect.Method.invoke(Method.java:497)
	at junit.framework.TestCase.runTest(TestCase.java:176)
	at junit.framework.TestCase.runBare(TestCase.java:141)
	at junit.framework.TestResult$1.protect(TestResult.java:122)
	at junit.framework.TestResult.runProtected(TestResult.java:142)
	at junit.framework.TestResult.run(TestResult.java:125)
	at junit.framework.TestCase.run(TestCase.java:129)
	at junit.framework.TestSuite.runTest(TestSuite.java:255)
	at junit.framework.TestSuite.run(TestSuite.java:250)
	at org.junit.internal.runners.JUnit38ClassRunner.run(JUnit38ClassRunner.java:84)
	at org.junit.runner.JUnitCore.run(JUnitCore.java:160)
	at org.junit.runner.JUnitCore.run(JUnitCore.java:138)
	at fr.inria.lille.repair.MethodTestRunner.runTest(MethodTestRunner.java:44)
	at fr.inria.lille.repair.MethodTestRunner.access$0(MethodTestRunner.java:37)
	at fr.inria.lille.repair.MethodTestRunner$1.call(MethodTestRunner.java:20)
	at java.util.concurrent.FutureTask.run(FutureTask.java:266)
	at java.util.concurrent.ThreadPoolExecutor.runWorker(ThreadPoolExecutor.java:1142)
	at java.util.concurrent.ThreadPoolExecutor$Worker.run(ThreadPoolExecutor.java:617)
	at java.lang.Thread.run(Thread.java:745)

FAILURES!!!
Tests run: 1,  Failures: 1

org.jfree.chart.renderer.category.junit.StatisticalBarRendererTests#testDrawWithNullMeanHorizontal
.java.lang.NullPointerException
	at org.jfree.chart.renderer.category.StatisticalBarRenderer.drawHorizontalItem(StatisticalBarRenderer.java:260)
	at org.jfree.chart.renderer.category.StatisticalBarRenderer.drawItem(StatisticalBarRenderer.java:208)
	at org.jfree.chart.plot.CategoryPlot.render(CategoryPlot.java:2868)
	at org.jfree.chart.plot.CategoryPlot.draw(CategoryPlot.java:2673)
	at org.jfree.chart.JFreeChart.draw(JFreeChart.java:1219)
	at org.jfree.chart.JFreeChart.createBufferedImage(JFreeChart.java:1393)
	at org.jfree.chart.JFreeChart.createBufferedImage(JFreeChart.java:1373)
	at org.jfree.chart.renderer.category.junit.StatisticalBarRendererTests.testDrawWithNullMeanHorizontal(StatisticalBarRendererTests.java:228)
	at sun.reflect.NativeMethodAccessorImpl.invoke0(Native Method)
	at sun.reflect.NativeMethodAccessorImpl.invoke(NativeMethodAccessorImpl.java:62)
	at sun.reflect.DelegatingMethodAccessorImpl.invoke(DelegatingMethodAccessorImpl.java:43)
	at java.lang.reflect.Method.invoke(Method.java:497)
	at junit.framework.TestCase.runTest(TestCase.java:176)
	at junit.framework.TestCase.runBare(TestCase.java:141)
	at junit.framework.TestResult$1.protect(TestResult.java:122)
	at junit.framework.TestResult.runProtected(TestResult.java:142)
	at junit.framework.TestResult.run(TestResult.java:125)
	at junit.framework.TestCase.run(TestCase.java:129)
	at junit.framework.TestSuite.runTest(TestSuite.java:255)
	at junit.framework.TestSuite.run(TestSuite.java:250)
	at org.junit.internal.runners.JUnit38ClassRunner.run(JUnit38ClassRunner.java:84)
	at org.junit.runner.JUnitCore.run(JUnitCore.java:160)
	at org.junit.runner.JUnitCore.run(JUnitCore.java:138)
	at fr.inria.lille.repair.MethodTestRunner.runTest(MethodTestRunner.java:44)
	at fr.inria.lille.repair.MethodTestRunner.access$0(MethodTestRunner.java:37)
	at fr.inria.lille.repair.MethodTestRunner$1.call(MethodTestRunner.java:20)
	at java.util.concurrent.FutureTask.run(FutureTask.java:266)
	at java.util.concurrent.ThreadPoolExecutor.runWorker(ThreadPoolExecutor.java:1142)
	at java.util.concurrent.ThreadPoolExecutor$Worker.run(ThreadPoolExecutor.java:617)
	at java.lang.Thread.run(Thread.java:745)
E
Time: 1.753
There was 1 failure:
1) testDrawWithNullMeanHorizontal(org.jfree.chart.renderer.category.junit.StatisticalBarRendererTests)
junit.framework.AssertionFailedError
	at junit.framework.Assert.fail(Assert.java:55)
	at junit.framework.Assert.assertTrue(Assert.java:22)
	at junit.framework.Assert.assertTrue(Assert.java:31)
	at junit.framework.TestCase.assertTrue(TestCase.java:201)
	at org.jfree.chart.renderer.category.junit.StatisticalBarRendererTests.testDrawWithNullMeanHorizontal(StatisticalBarRendererTests.java:236)
	at sun.reflect.NativeMethodAccessorImpl.invoke0(Native Method)
	at sun.reflect.NativeMethodAccessorImpl.invoke(NativeMethodAccessorImpl.java:62)
	at sun.reflect.DelegatingMethodAccessorImpl.invoke(DelegatingMethodAccessorImpl.java:43)
	at java.lang.reflect.Method.invoke(Method.java:497)
	at junit.framework.TestCase.runTest(TestCase.java:176)
	at junit.framework.TestCase.runBare(TestCase.java:141)
	at junit.framework.TestResult$1.protect(TestResult.java:122)
	at junit.framework.TestResult.runProtected(TestResult.java:142)
	at junit.framework.TestResult.run(TestResult.java:125)
	at junit.framework.TestCase.run(TestCase.java:129)
	at junit.framework.TestSuite.runTest(TestSuite.java:255)
	at junit.framework.TestSuite.run(TestSuite.java:250)
	at org.junit.internal.runners.JUnit38ClassRunner.run(JUnit38ClassRunner.java:84)
	at org.junit.runner.JUnitCore.run(JUnitCore.java:160)
	at org.junit.runner.JUnitCore.run(JUnitCore.java:138)
	at fr.inria.lille.repair.MethodTestRunner.runTest(MethodTestRunner.java:44)
	at fr.inria.lille.repair.MethodTestRunner.access$0(MethodTestRunner.java:37)
	at fr.inria.lille.repair.MethodTestRunner$1.call(MethodTestRunner.java:20)
	at java.util.concurrent.FutureTask.run(FutureTask.java:266)
	at java.util.concurrent.ThreadPoolExecutor.runWorker(ThreadPoolExecutor.java:1142)
	at java.util.concurrent.ThreadPoolExecutor$Worker.run(ThreadPoolExecutor.java:617)
	at java.lang.Thread.run(Thread.java:745)

FAILURES!!!
Tests run: 1,  Failures: 1

org.jfree.chart.plot.junit.CategoryPlotTests#testSerialization5
.
Time: 0.33

OK (1 test)

org.jfree.chart.junit.LineChart3DTests#testSetSeriesToolTipGenerator
.
Time: 0.153

OK (1 test)

org.jfree.chart.junit.WaterfallChartTests#testSetSeriesURLGenerator
.
Time: 0.118

OK (1 test)

org.jfree.chart.junit.WaterfallChartTests#testSetSeriesToolTipGenerator
.
Time: 0.11

OK (1 test)

org.jfree.chart.axis.junit.NumberAxisTests#testAutoRange4
.
Time: 0.397

OK (1 test)

org.jfree.chart.junit.StackedAreaChartTests#testSetSeriesURLGenerator
.
Time: 0.112

OK (1 test)

org.jfree.chart.junit.AreaChartTests#testSetSeriesURLGenerator
.
Time: 0.125

OK (1 test)

org.jfree.chart.junit.StackedBarChartTests#testSetSeriesURLGenerator
.
Time: 0.099

OK (1 test)

org.jfree.chart.renderer.category.junit.StatisticalBarRendererTests#testDrawWithNullMeanVertical
.java.lang.NullPointerException
	at org.jfree.chart.renderer.category.StatisticalBarRenderer.drawVerticalItem(StatisticalBarRenderer.java:407)
	at org.jfree.chart.renderer.category.StatisticalBarRenderer.drawItem(StatisticalBarRenderer.java:212)
	at org.jfree.chart.plot.CategoryPlot.render(CategoryPlot.java:2868)
	at org.jfree.chart.plot.CategoryPlot.draw(CategoryPlot.java:2673)
	at org.jfree.chart.JFreeChart.draw(JFreeChart.java:1219)
	at org.jfree.chart.JFreeChart.createBufferedImage(JFreeChart.java:1393)
	at org.jfree.chart.JFreeChart.createBufferedImage(JFreeChart.java:1373)
	at org.jfree.chart.renderer.category.junit.StatisticalBarRendererTests.testDrawWithNullMeanVertical(StatisticalBarRendererTests.java:200)
	at sun.reflect.NativeMethodAccessorImpl.invoke0(Native Method)
	at sun.reflect.NativeMethodAccessorImpl.invoke(NativeMethodAccessorImpl.java:62)
	at sun.reflect.DelegatingMethodAccessorImpl.invoke(DelegatingMethodAccessorImpl.java:43)
	at java.lang.reflect.Method.invoke(Method.java:497)
	at junit.framework.TestCase.runTest(TestCase.java:176)
	at junit.framework.TestCase.runBare(TestCase.java:141)
	at junit.framework.TestResult$1.protect(TestResult.java:122)
	at junit.framework.TestResult.runProtected(TestResult.java:142)
	at junit.framework.TestResult.run(TestResult.java:125)
	at junit.framework.TestCase.run(TestCase.java:129)
	at junit.framework.TestSuite.runTest(TestSuite.java:255)
	at junit.framework.TestSuite.run(TestSuite.java:250)
	at org.junit.internal.runners.JUnit38ClassRunner.run(JUnit38ClassRunner.java:84)
	at org.junit.runner.JUnitCore.run(JUnitCore.java:160)
	at org.junit.runner.JUnitCore.run(JUnitCore.java:138)
	at fr.inria.lille.repair.MethodTestRunner.runTest(MethodTestRunner.java:44)
	at fr.inria.lille.repair.MethodTestRunner.access$0(MethodTestRunner.java:37)
	at fr.inria.lille.repair.MethodTestRunner$1.call(MethodTestRunner.java:20)
	at java.util.concurrent.FutureTask.run(FutureTask.java:266)
	at java.util.concurrent.ThreadPoolExecutor.runWorker(ThreadPoolExecutor.java:1142)
	at java.util.concurrent.ThreadPoolExecutor$Worker.run(ThreadPoolExecutor.java:617)
	at java.lang.Thread.run(Thread.java:745)
E
Time: 1.135
There was 1 failure:
1) testDrawWithNullMeanVertical(org.jfree.chart.renderer.category.junit.StatisticalBarRendererTests)
junit.framework.AssertionFailedError
	at junit.framework.Assert.fail(Assert.java:55)
	at junit.framework.Assert.assertTrue(Assert.java:22)
	at junit.framework.Assert.assertTrue(Assert.java:31)
	at junit.framework.TestCase.assertTrue(TestCase.java:201)
	at org.jfree.chart.renderer.category.junit.StatisticalBarRendererTests.testDrawWithNullMeanVertical(StatisticalBarRendererTests.java:208)
	at sun.reflect.NativeMethodAccessorImpl.invoke0(Native Method)
	at sun.reflect.NativeMethodAccessorImpl.invoke(NativeMethodAccessorImpl.java:62)
	at sun.reflect.DelegatingMethodAccessorImpl.invoke(DelegatingMethodAccessorImpl.java:43)
	at java.lang.reflect.Method.invoke(Method.java:497)
	at junit.framework.TestCase.runTest(TestCase.java:176)
	at junit.framework.TestCase.runBare(TestCase.java:141)
	at junit.framework.TestResult$1.protect(TestResult.java:122)
	at junit.framework.TestResult.runProtected(TestResult.java:142)
	at junit.framework.TestResult.run(TestResult.java:125)
	at junit.framework.TestCase.run(TestCase.java:129)
	at junit.framework.TestSuite.runTest(TestSuite.java:255)
	at junit.framework.TestSuite.run(TestSuite.java:250)
	at org.junit.internal.runners.JUnit38ClassRunner.run(JUnit38ClassRunner.java:84)
	at org.junit.runner.JUnitCore.run(JUnitCore.java:160)
	at org.junit.runner.JUnitCore.run(JUnitCore.java:138)
	at fr.inria.lille.repair.MethodTestRunner.runTest(MethodTestRunner.java:44)
	at fr.inria.lille.repair.MethodTestRunner.access$0(MethodTestRunner.java:37)
	at fr.inria.lille.repair.MethodTestRunner$1.call(MethodTestRunner.java:20)
	at java.util.concurrent.FutureTask.run(FutureTask.java:266)
	at java.util.concurrent.ThreadPoolExecutor.runWorker(ThreadPoolExecutor.java:1142)
	at java.util.concurrent.ThreadPoolExecutor$Worker.run(ThreadPoolExecutor.java:617)
	at java.lang.Thread.run(Thread.java:745)

FAILURES!!!
Tests run: 1,  Failures: 1

org.jfree.chart.junit.StackedBarChart3DTests#testSetSeriesToolTipGenerator
.
Time: 0.118

OK (1 test)

org.jfree.chart.junit.StackedAreaChartTests#testSetSeriesToolTipGenerator
.
Time: 0.151

OK (1 test)

