Picked up JAVA_TOOL_OPTIONS: -Dfile.encoding=UTF8 -Duser.language=en-US -Duser.country=US -Duser.language=en
com.google.javascript.rhino.NodeTest#testCheckTreeEqualsStringDifferent
.
Time: 1.587

OK (1 test)

com.google.javascript.jscomp.ConvertToDottedPropertiesTest#testQuotedProps
.E
Time: 0.893
There was 1 failure:
1) testQuotedProps(com.google.javascript.jscomp.ConvertToDottedPropertiesTest)
junit.framework.AssertionFailedError: 
Expected: ({"a\u0004b":0})
Result: ({ab:0})
Node tree inequality:
Tree1:
BLOCK [synthetic: 1]
    SCRIPT [synthetic: 1] [input_id: InputId: expected0]
        EXPR_RESULT
            OBJECTLIT
                STRING_KEY ab [quoted: 1]
                    NUMBER 0.0


Tree2:
BLOCK [synthetic: 1]
    SCRIPT [synthetic: 1] [input_id: InputId: testcode]
        EXPR_RESULT
            OBJECTLIT
                STRING_KEY ab
                    NUMBER 0.0


Subtree1: STRING_KEY ab [quoted: 1]
    NUMBER 0.0


Subtree2: STRING_KEY ab
    NUMBER 0.0

	at junit.framework.Assert.fail(Assert.java:50)
	at junit.framework.Assert.assertTrue(Assert.java:20)
	at junit.framework.Assert.assertNull(Assert.java:237)
	at com.google.javascript.jscomp.CompilerTestCase.test(CompilerTestCase.java:924)
	at com.google.javascript.jscomp.CompilerTestCase.test(CompilerTestCase.java:459)
	at com.google.javascript.jscomp.CompilerTestCase.test(CompilerTestCase.java:385)
	at com.google.javascript.jscomp.CompilerTestCase.test(CompilerTestCase.java:354)
	at com.google.javascript.jscomp.CompilerTestCase.test(CompilerTestCase.java:342)
	at com.google.javascript.jscomp.CompilerTestCase.testSame(CompilerTestCase.java:581)
	at com.google.javascript.jscomp.ConvertToDottedPropertiesTest.testQuotedProps(ConvertToDottedPropertiesTest.java:72)
	at sun.reflect.NativeMethodAccessorImpl.invoke0(Native Method)
	at sun.reflect.NativeMethodAccessorImpl.invoke(NativeMethodAccessorImpl.java:62)
	at sun.reflect.DelegatingMethodAccessorImpl.invoke(DelegatingMethodAccessorImpl.java:43)
	at java.lang.reflect.Method.invoke(Method.java:497)
	at junit.framework.TestCase.runTest(TestCase.java:168)
	at junit.framework.TestCase.runBare(TestCase.java:134)
	at junit.framework.TestResult$1.protect(TestResult.java:110)
	at junit.framework.TestResult.runProtected(TestResult.java:128)
	at junit.framework.TestResult.run(TestResult.java:113)
	at junit.framework.TestCase.run(TestCase.java:124)
	at junit.framework.TestSuite.runTest(TestSuite.java:243)
	at junit.framework.TestSuite.run(TestSuite.java:238)
	at org.junit.internal.runners.JUnit38ClassRunner.run(JUnit38ClassRunner.java:83)
	at org.junit.runner.JUnitCore.run(JUnitCore.java:157)
	at org.junit.runner.JUnitCore.run(JUnitCore.java:136)
	at fr.inria.lille.repair.MethodTestRunner.runTest(MethodTestRunner.java:44)
	at fr.inria.lille.repair.MethodTestRunner.access$0(MethodTestRunner.java:37)
	at fr.inria.lille.repair.MethodTestRunner$1.call(MethodTestRunner.java:20)
	at java.util.concurrent.FutureTask.run(FutureTask.java:266)
	at java.util.concurrent.ThreadPoolExecutor.runWorker(ThreadPoolExecutor.java:1142)
	at java.util.concurrent.ThreadPoolExecutor$Worker.run(ThreadPoolExecutor.java:617)
	at java.lang.Thread.run(Thread.java:745)

FAILURES!!!
Tests run: 1,  Failures: 1

com.google.javascript.jscomp.ConvertToDottedPropertiesTest#testDoNotConvert
.E
Time: 0.625
There was 1 failure:
1) testDoNotConvert(com.google.javascript.jscomp.ConvertToDottedPropertiesTest)
junit.framework.AssertionFailedError: 
Expected: a["A\u0004"]
Result: a.A
Node tree inequality:
Tree1:
BLOCK [synthetic: 1]
    SCRIPT [synthetic: 1] [input_id: InputId: expected0]
        EXPR_RESULT
            GETELEM
                NAME a
                STRING A


Tree2:
BLOCK [synthetic: 1]
    SCRIPT [synthetic: 1] [input_id: InputId: testcode]
        EXPR_RESULT
            GETPROP
                NAME a
                STRING A


Subtree1: GETELEM
    NAME a
    STRING A


Subtree2: GETPROP
    NAME a
    STRING A

	at junit.framework.Assert.fail(Assert.java:50)
	at junit.framework.Assert.assertTrue(Assert.java:20)
	at junit.framework.Assert.assertNull(Assert.java:237)
	at com.google.javascript.jscomp.CompilerTestCase.test(CompilerTestCase.java:924)
	at com.google.javascript.jscomp.CompilerTestCase.test(CompilerTestCase.java:459)
	at com.google.javascript.jscomp.CompilerTestCase.test(CompilerTestCase.java:385)
	at com.google.javascript.jscomp.CompilerTestCase.test(CompilerTestCase.java:354)
	at com.google.javascript.jscomp.CompilerTestCase.test(CompilerTestCase.java:342)
	at com.google.javascript.jscomp.CompilerTestCase.testSame(CompilerTestCase.java:581)
	at com.google.javascript.jscomp.ConvertToDottedPropertiesTest.testDoNotConvert(ConvertToDottedPropertiesTest.java:58)
	at sun.reflect.NativeMethodAccessorImpl.invoke0(Native Method)
	at sun.reflect.NativeMethodAccessorImpl.invoke(NativeMethodAccessorImpl.java:62)
	at sun.reflect.DelegatingMethodAccessorImpl.invoke(DelegatingMethodAccessorImpl.java:43)
	at java.lang.reflect.Method.invoke(Method.java:497)
	at junit.framework.TestCase.runTest(TestCase.java:168)
	at junit.framework.TestCase.runBare(TestCase.java:134)
	at junit.framework.TestResult$1.protect(TestResult.java:110)
	at junit.framework.TestResult.runProtected(TestResult.java:128)
	at junit.framework.TestResult.run(TestResult.java:113)
	at junit.framework.TestCase.run(TestCase.java:124)
	at junit.framework.TestSuite.runTest(TestSuite.java:243)
	at junit.framework.TestSuite.run(TestSuite.java:238)
	at org.junit.internal.runners.JUnit38ClassRunner.run(JUnit38ClassRunner.java:83)
	at org.junit.runner.JUnitCore.run(JUnitCore.java:157)
	at org.junit.runner.JUnitCore.run(JUnitCore.java:136)
	at fr.inria.lille.repair.MethodTestRunner.runTest(MethodTestRunner.java:44)
	at fr.inria.lille.repair.MethodTestRunner.access$0(MethodTestRunner.java:37)
	at fr.inria.lille.repair.MethodTestRunner$1.call(MethodTestRunner.java:20)
	at java.util.concurrent.FutureTask.run(FutureTask.java:266)
	at java.util.concurrent.ThreadPoolExecutor.runWorker(ThreadPoolExecutor.java:1142)
	at java.util.concurrent.ThreadPoolExecutor$Worker.run(ThreadPoolExecutor.java:617)
	at java.lang.Thread.run(Thread.java:745)

FAILURES!!!
Tests run: 1,  Failures: 1

