Picked up JAVA_TOOL_OPTIONS: -Dfile.encoding=UTF8 -Duser.language=en-US -Duser.country=US -Duser.language=en
com.google.javascript.jscomp.ScopedAliasesTest#testIssue772
.E
Time: 1.663
There was 1 failure:
1) testIssue772(com.google.javascript.jscomp.ScopedAliasesTest)
junit.framework.AssertionFailedError: Expected: <null> but was: Node tree inequality:
Tree1:
STRING a.b.c.MyType 1 [source_file: testcode] [length: 12]


Tree2:
STRING b.c.MyType 1 [source_file: testcode] [length: 8]


Subtree1: STRING a.b.c.MyType 1 [source_file: testcode] [length: 12]


Subtree2: STRING b.c.MyType 1 [source_file: testcode] [length: 8]

	at junit.framework.Assert.fail(Assert.java:47)
	at junit.framework.Assert.assertTrue(Assert.java:20)
	at junit.framework.Assert.assertNull(Assert.java:233)
	at junit.framework.Assert.assertNull(Assert.java:226)
	at com.google.javascript.jscomp.ScopedAliasesTest$TypeVerifyingPass.visit(ScopedAliasesTest.java:654)
	at com.google.javascript.jscomp.NodeTraversal.traverseBranch(NodeTraversal.java:504)
	at com.google.javascript.jscomp.NodeTraversal.traverseBranch(NodeTraversal.java:497)
	at com.google.javascript.jscomp.NodeTraversal.traverseBranch(NodeTraversal.java:497)
	at com.google.javascript.jscomp.NodeTraversal.traverseBranch(NodeTraversal.java:497)
	at com.google.javascript.jscomp.NodeTraversal.traverse(NodeTraversal.java:277)
	at com.google.javascript.jscomp.NodeTraversal.traverse(NodeTraversal.java:455)
	at com.google.javascript.jscomp.ScopedAliasesTest$TypeVerifyingPass.process(ScopedAliasesTest.java:631)
	at com.google.javascript.jscomp.ScopedAliasesTest.verifyTypes(ScopedAliasesTest.java:240)
	at com.google.javascript.jscomp.ScopedAliasesTest.testTypes(ScopedAliasesTest.java:235)
	at com.google.javascript.jscomp.ScopedAliasesTest.testIssue772(ScopedAliasesTest.java:407)
	at sun.reflect.NativeMethodAccessorImpl.invoke0(Native Method)
	at sun.reflect.NativeMethodAccessorImpl.invoke(NativeMethodAccessorImpl.java:62)
	at sun.reflect.DelegatingMethodAccessorImpl.invoke(DelegatingMethodAccessorImpl.java:43)
	at java.lang.reflect.Method.invoke(Method.java:497)
	at junit.framework.TestCase.runTest(TestCase.java:168)
	at junit.framework.TestCase.runBare(TestCase.java:134)
	at junit.framework.TestResult$1.protect(TestResult.java:110)
	at junit.framework.TestResult.runProtected(TestResult.java:128)
	at junit.framework.TestResult.run(TestResult.java:113)
	at junit.framework.TestCase.run(TestCase.java:124)
	at junit.framework.TestSuite.runTest(TestSuite.java:243)
	at junit.framework.TestSuite.run(TestSuite.java:238)
	at org.junit.internal.runners.JUnit38ClassRunner.run(JUnit38ClassRunner.java:83)
	at org.junit.runner.JUnitCore.run(JUnitCore.java:157)
	at org.junit.runner.JUnitCore.run(JUnitCore.java:136)
	at fr.inria.lille.repair.MethodTestRunner.runTest(MethodTestRunner.java:44)
	at fr.inria.lille.repair.MethodTestRunner.access$0(MethodTestRunner.java:37)
	at fr.inria.lille.repair.MethodTestRunner$1.call(MethodTestRunner.java:20)
	at java.util.concurrent.FutureTask.run(FutureTask.java:266)
	at java.util.concurrent.ThreadPoolExecutor.runWorker(ThreadPoolExecutor.java:1142)
	at java.util.concurrent.ThreadPoolExecutor$Worker.run(ThreadPoolExecutor.java:617)
	at java.lang.Thread.run(Thread.java:745)

FAILURES!!!
Tests run: 1,  Failures: 1

com.google.javascript.rhino.NodeTest#testCheckTreeEqualsStringDifferent
.
Time: 0.516

OK (1 test)

com.google.javascript.rhino.NodeTest#testCheckTreeEqualsImplDifferentIncProp
.
Time: 0.542

OK (1 test)

com.google.javascript.jscomp.ReplaceMessagesTest#testLegacyStyleOnePlaceholder
.E
Time: 0.637
There was 1 failure:
1) testLegacyStyleOnePlaceholder(com.google.javascript.jscomp.ReplaceMessagesTest)
java.lang.IllegalStateException: Expected 2 children, but was 1 Reference node ADD 1 [source_file: testcode]
	at com.google.javascript.jscomp.AstValidator$1.handleViolation(AstValidator.java:51)
	at com.google.javascript.jscomp.AstValidator.violation(AstValidator.java:762)
	at com.google.javascript.jscomp.AstValidator.validateChildCount(AstValidator.java:783)
	at com.google.javascript.jscomp.AstValidator.validateBinaryOp(AstValidator.java:748)
	at com.google.javascript.jscomp.AstValidator.validateExpression(AstValidator.java:202)
	at com.google.javascript.jscomp.AstValidator.validateReturn(AstValidator.java:482)
	at com.google.javascript.jscomp.AstValidator.validateStatement(AstValidator.java:128)
	at com.google.javascript.jscomp.AstValidator.validateBlock(AstValidator.java:279)
	at com.google.javascript.jscomp.AstValidator.validateFunctionExpression(AstValidator.java:362)
	at com.google.javascript.jscomp.AstValidator.validateExpression(AstValidator.java:267)
	at com.google.javascript.jscomp.AstValidator.validateVar(AstValidator.java:398)
	at com.google.javascript.jscomp.AstValidator.validateStatement(AstValidator.java:122)
	at com.google.javascript.jscomp.AstValidator.validateScript(AstValidator.java:88)
	at com.google.javascript.jscomp.AstValidator.validateCodeRoot(AstValidator.java:79)
	at com.google.javascript.jscomp.AstValidator.validateRoot(AstValidator.java:72)
	at com.google.javascript.jscomp.CompilerTestCase.test(CompilerTestCase.java:797)
	at com.google.javascript.jscomp.CompilerTestCase.test(CompilerTestCase.java:445)
	at com.google.javascript.jscomp.CompilerTestCase.test(CompilerTestCase.java:371)
	at com.google.javascript.jscomp.CompilerTestCase.test(CompilerTestCase.java:340)
	at com.google.javascript.jscomp.CompilerTestCase.test(CompilerTestCase.java:328)
	at com.google.javascript.jscomp.ReplaceMessagesTest.testLegacyStyleOnePlaceholder(ReplaceMessagesTest.java:257)
	at sun.reflect.NativeMethodAccessorImpl.invoke0(Native Method)
	at sun.reflect.NativeMethodAccessorImpl.invoke(NativeMethodAccessorImpl.java:62)
	at sun.reflect.DelegatingMethodAccessorImpl.invoke(DelegatingMethodAccessorImpl.java:43)
	at java.lang.reflect.Method.invoke(Method.java:497)
	at junit.framework.TestCase.runTest(TestCase.java:168)
	at junit.framework.TestCase.runBare(TestCase.java:134)
	at junit.framework.TestResult$1.protect(TestResult.java:110)
	at junit.framework.TestResult.runProtected(TestResult.java:128)
	at junit.framework.TestResult.run(TestResult.java:113)
	at junit.framework.TestCase.run(TestCase.java:124)
	at junit.framework.TestSuite.runTest(TestSuite.java:243)
	at junit.framework.TestSuite.run(TestSuite.java:238)
	at org.junit.internal.runners.JUnit38ClassRunner.run(JUnit38ClassRunner.java:83)
	at org.junit.runner.JUnitCore.run(JUnitCore.java:157)
	at org.junit.runner.JUnitCore.run(JUnitCore.java:136)
	at fr.inria.lille.repair.MethodTestRunner.runTest(MethodTestRunner.java:44)
	at fr.inria.lille.repair.MethodTestRunner.access$0(MethodTestRunner.java:37)
	at fr.inria.lille.repair.MethodTestRunner$1.call(MethodTestRunner.java:20)
	at java.util.concurrent.FutureTask.run(FutureTask.java:266)
	at java.util.concurrent.ThreadPoolExecutor.runWorker(ThreadPoolExecutor.java:1142)
	at java.util.concurrent.ThreadPoolExecutor$Worker.run(ThreadPoolExecutor.java:617)
	at java.lang.Thread.run(Thread.java:745)

FAILURES!!!
Tests run: 1,  Failures: 1

com.google.javascript.rhino.NodeTest#testCheckTreeEqualsImplDifferentChildCount
.
Time: 0.582

OK (1 test)

com.google.javascript.rhino.NodeTest#testCheckTreeEqualsImplDifferentChild
.
Time: 0.549

OK (1 test)

com.google.javascript.jscomp.ReplaceMessagesTest#testLegacyStyleTwoPlaceholders
.E
Time: 0.613
There was 1 failure:
1) testLegacyStyleTwoPlaceholders(com.google.javascript.jscomp.ReplaceMessagesTest)
java.lang.IllegalStateException: Expected 2 children, but was 1 Reference node ADD 1 [source_file: testcode]
	at com.google.javascript.jscomp.AstValidator$1.handleViolation(AstValidator.java:51)
	at com.google.javascript.jscomp.AstValidator.violation(AstValidator.java:762)
	at com.google.javascript.jscomp.AstValidator.validateChildCount(AstValidator.java:783)
	at com.google.javascript.jscomp.AstValidator.validateBinaryOp(AstValidator.java:748)
	at com.google.javascript.jscomp.AstValidator.validateExpression(AstValidator.java:202)
	at com.google.javascript.jscomp.AstValidator.validateReturn(AstValidator.java:482)
	at com.google.javascript.jscomp.AstValidator.validateStatement(AstValidator.java:128)
	at com.google.javascript.jscomp.AstValidator.validateBlock(AstValidator.java:279)
	at com.google.javascript.jscomp.AstValidator.validateFunctionExpression(AstValidator.java:362)
	at com.google.javascript.jscomp.AstValidator.validateExpression(AstValidator.java:267)
	at com.google.javascript.jscomp.AstValidator.validateVar(AstValidator.java:398)
	at com.google.javascript.jscomp.AstValidator.validateStatement(AstValidator.java:122)
	at com.google.javascript.jscomp.AstValidator.validateScript(AstValidator.java:88)
	at com.google.javascript.jscomp.AstValidator.validateCodeRoot(AstValidator.java:79)
	at com.google.javascript.jscomp.AstValidator.validateRoot(AstValidator.java:72)
	at com.google.javascript.jscomp.CompilerTestCase.test(CompilerTestCase.java:797)
	at com.google.javascript.jscomp.CompilerTestCase.test(CompilerTestCase.java:445)
	at com.google.javascript.jscomp.CompilerTestCase.test(CompilerTestCase.java:371)
	at com.google.javascript.jscomp.CompilerTestCase.test(CompilerTestCase.java:340)
	at com.google.javascript.jscomp.CompilerTestCase.test(CompilerTestCase.java:328)
	at com.google.javascript.jscomp.ReplaceMessagesTest.testLegacyStyleTwoPlaceholders(ReplaceMessagesTest.java:269)
	at sun.reflect.NativeMethodAccessorImpl.invoke0(Native Method)
	at sun.reflect.NativeMethodAccessorImpl.invoke(NativeMethodAccessorImpl.java:62)
	at sun.reflect.DelegatingMethodAccessorImpl.invoke(DelegatingMethodAccessorImpl.java:43)
	at java.lang.reflect.Method.invoke(Method.java:497)
	at junit.framework.TestCase.runTest(TestCase.java:168)
	at junit.framework.TestCase.runBare(TestCase.java:134)
	at junit.framework.TestResult$1.protect(TestResult.java:110)
	at junit.framework.TestResult.runProtected(TestResult.java:128)
	at junit.framework.TestResult.run(TestResult.java:113)
	at junit.framework.TestCase.run(TestCase.java:124)
	at junit.framework.TestSuite.runTest(TestSuite.java:243)
	at junit.framework.TestSuite.run(TestSuite.java:238)
	at org.junit.internal.runners.JUnit38ClassRunner.run(JUnit38ClassRunner.java:83)
	at org.junit.runner.JUnitCore.run(JUnitCore.java:157)
	at org.junit.runner.JUnitCore.run(JUnitCore.java:136)
	at fr.inria.lille.repair.MethodTestRunner.runTest(MethodTestRunner.java:44)
	at fr.inria.lille.repair.MethodTestRunner.access$0(MethodTestRunner.java:37)
	at fr.inria.lille.repair.MethodTestRunner$1.call(MethodTestRunner.java:20)
	at java.util.concurrent.FutureTask.run(FutureTask.java:266)
	at java.util.concurrent.ThreadPoolExecutor.runWorker(ThreadPoolExecutor.java:1142)
	at java.util.concurrent.ThreadPoolExecutor$Worker.run(ThreadPoolExecutor.java:617)
	at java.lang.Thread.run(Thread.java:745)

FAILURES!!!
Tests run: 1,  Failures: 1

com.google.javascript.rhino.NodeTest#testCheckTreeEqualsImplDifferentType
.
Time: 0.592

OK (1 test)

