Picked up JAVA_TOOL_OPTIONS: -Dfile.encoding=UTF8 -Duser.language=en-US -Duser.country=US -Duser.language=en
com.google.javascript.rhino.NodeTest#testCheckTreeEqualsStringDifferent
.
Time: 1.566

OK (1 test)

com.google.javascript.jscomp.IntegrationTest#testIssue787
.E
Time: 1.262
There was 1 failure:
1) testIssue787(com.google.javascript.jscomp.IntegrationTest)
junit.framework.AssertionFailedError: 
Expected: function some_function(){var a,b;any_expression&&(b=external_ref,a=function(a){return b()});return{method1:function(){a&&a();return!0},method2:function(){return!1}}}
Result: function some_function(){var a,b;any_expression&&(b=external_ref,a=function(){return b()});return{method1:function(){a&&a();return!0},method2:function(){return!1}}}
Node tree inequality:
Tree1:
BLOCK [synthetic: 1]
    SCRIPT [synthetic: 1] [input_id: InputId: input0]
        FUNCTION some_function
            NAME some_function
            PARAM_LIST
            BLOCK
                VAR
                    NAME a
                    NAME b
                EXPR_RESULT
                    AND
                        NAME any_expression
                        COMMA
                            ASSIGN
                                NAME b
                                NAME external_ref
                            ASSIGN
                                NAME a
                                FUNCTION 
                                    NAME 
                                    PARAM_LIST
                                        NAME a
                                    BLOCK
                                        RETURN
                                            CALL [free_call: 1]
                                                NAME b
                RETURN
                    OBJECTLIT
                        STRING_KEY method1
                            FUNCTION 
                                NAME 
                                PARAM_LIST
                                BLOCK
                                    EXPR_RESULT
                                        AND
                                            NAME a
                                            CALL [free_call: 1]
                                                NAME a
                                    RETURN
                                        NOT
                                            NUMBER 0.0
                        STRING_KEY method2
                            FUNCTION 
                                NAME 
                                PARAM_LIST
                                BLOCK
                                    RETURN
                                        NOT
                                            NUMBER 1.0


Tree2:
BLOCK [synthetic: 1]
    SCRIPT [synthetic: 1] [input_id: InputId: i0]
        FUNCTION some_function
            NAME some_function
            PARAM_LIST
            BLOCK
                VAR
                    NAME a
                    NAME b
                EXPR_RESULT
                    AND
                        NAME any_expression
                        COMMA
                            ASSIGN
                                NAME b
                                NAME external_ref
                            ASSIGN
                                NAME a
                                FUNCTION 
                                    NAME 
                                    PARAM_LIST
                                    BLOCK
                                        RETURN
                                            CALL [free_call: 1]
                                                NAME b
                RETURN
                    OBJECTLIT
                        STRING_KEY method1
                            FUNCTION 
                                NAME 
                                PARAM_LIST
                                BLOCK
                                    EXPR_RESULT
                                        AND
                                            NAME a
                                            CALL [free_call: 1]
                                                NAME a
                                    RETURN
                                        NOT
                                            NUMBER 0.0
                        STRING_KEY method2
                            FUNCTION 
                                NAME 
                                PARAM_LIST
                                BLOCK
                                    RETURN
                                        NOT
                                            NUMBER 1.0


Subtree1: PARAM_LIST
    NAME a


Subtree2: PARAM_LIST

	at junit.framework.Assert.fail(Assert.java:50)
	at junit.framework.Assert.assertTrue(Assert.java:20)
	at junit.framework.Assert.assertNull(Assert.java:237)
	at com.google.javascript.jscomp.IntegrationTestCase.test(IntegrationTestCase.java:97)
	at com.google.javascript.jscomp.IntegrationTestCase.test(IntegrationTestCase.java:79)
	at com.google.javascript.jscomp.IntegrationTest.testIssue787(IntegrationTest.java:2371)
	at sun.reflect.NativeMethodAccessorImpl.invoke0(Native Method)
	at sun.reflect.NativeMethodAccessorImpl.invoke(NativeMethodAccessorImpl.java:62)
	at sun.reflect.DelegatingMethodAccessorImpl.invoke(DelegatingMethodAccessorImpl.java:43)
	at java.lang.reflect.Method.invoke(Method.java:497)
	at junit.framework.TestCase.runTest(TestCase.java:168)
	at junit.framework.TestCase.runBare(TestCase.java:134)
	at junit.framework.TestResult$1.protect(TestResult.java:110)
	at junit.framework.TestResult.runProtected(TestResult.java:128)
	at junit.framework.TestResult.run(TestResult.java:113)
	at junit.framework.TestCase.run(TestCase.java:124)
	at junit.framework.TestSuite.runTest(TestSuite.java:243)
	at junit.framework.TestSuite.run(TestSuite.java:238)
	at org.junit.internal.runners.JUnit38ClassRunner.run(JUnit38ClassRunner.java:83)
	at org.junit.runner.JUnitCore.run(JUnitCore.java:157)
	at org.junit.runner.JUnitCore.run(JUnitCore.java:136)
	at fr.inria.lille.repair.MethodTestRunner.runTest(MethodTestRunner.java:44)
	at fr.inria.lille.repair.MethodTestRunner.access$0(MethodTestRunner.java:37)
	at fr.inria.lille.repair.MethodTestRunner$1.call(MethodTestRunner.java:20)
	at java.util.concurrent.FutureTask.run(FutureTask.java:266)
	at java.util.concurrent.ThreadPoolExecutor.runWorker(ThreadPoolExecutor.java:1142)
	at java.util.concurrent.ThreadPoolExecutor$Worker.run(ThreadPoolExecutor.java:617)
	at java.lang.Thread.run(Thread.java:745)

FAILURES!!!
Tests run: 1,  Failures: 1

com.google.javascript.jscomp.CommandLineRunnerTest#testForwardDeclareDroppedTypes
.E
Time: 0.878
There was 1 failure:
1) testForwardDeclareDroppedTypes(com.google.javascript.jscomp.CommandLineRunnerTest)
junit.framework.AssertionFailedError: 
Expected: var beer={};function f(a){}
Result: var beer={};function f(){}
Node tree inequality:
Tree1:
BLOCK [synthetic: 1]
    SCRIPT [synthetic: 1] [input_id: InputId: input0]
        VAR
            NAME beer
                OBJECTLIT
        FUNCTION f
            NAME f
            PARAM_LIST
                NAME a
            BLOCK
    SCRIPT [synthetic: 1] [input_id: InputId: input1]


Tree2:
BLOCK [synthetic: 1] : global this
    SCRIPT [synthetic: 1] [input_id: InputId: input1]
        VAR [is_namespace: 1]
            NAME beer [jsdoc_info: JSDocInfo] [is_constant_name: 1] : {}
                OBJECTLIT : {}
        FUNCTION f [jsdoc_info: JSDocInfo] : function ((Scotch|null)): undefined
            NAME f : function ((Scotch|null)): undefined
            PARAM_LIST
            BLOCK
    SCRIPT [synthetic: 1] [input_id: InputId: input0]


Subtree1: PARAM_LIST
    NAME a


Subtree2: PARAM_LIST

	at junit.framework.Assert.fail(Assert.java:50)
	at junit.framework.Assert.assertTrue(Assert.java:20)
	at junit.framework.Assert.assertNull(Assert.java:237)
	at com.google.javascript.jscomp.CommandLineRunnerTest.test(CommandLineRunnerTest.java:1204)
	at com.google.javascript.jscomp.CommandLineRunnerTest.test(CommandLineRunnerTest.java:1175)
	at com.google.javascript.jscomp.CommandLineRunnerTest.testForwardDeclareDroppedTypes(CommandLineRunnerTest.java:754)
	at sun.reflect.NativeMethodAccessorImpl.invoke0(Native Method)
	at sun.reflect.NativeMethodAccessorImpl.invoke(NativeMethodAccessorImpl.java:62)
	at sun.reflect.DelegatingMethodAccessorImpl.invoke(DelegatingMethodAccessorImpl.java:43)
	at java.lang.reflect.Method.invoke(Method.java:497)
	at junit.framework.TestCase.runTest(TestCase.java:168)
	at junit.framework.TestCase.runBare(TestCase.java:134)
	at junit.framework.TestResult$1.protect(TestResult.java:110)
	at junit.framework.TestResult.runProtected(TestResult.java:128)
	at junit.framework.TestResult.run(TestResult.java:113)
	at junit.framework.TestCase.run(TestCase.java:124)
	at junit.framework.TestSuite.runTest(TestSuite.java:243)
	at junit.framework.TestSuite.run(TestSuite.java:238)
	at org.junit.internal.runners.JUnit38ClassRunner.run(JUnit38ClassRunner.java:83)
	at org.junit.runner.JUnitCore.run(JUnitCore.java:157)
	at org.junit.runner.JUnitCore.run(JUnitCore.java:136)
	at fr.inria.lille.repair.MethodTestRunner.runTest(MethodTestRunner.java:44)
	at fr.inria.lille.repair.MethodTestRunner.access$0(MethodTestRunner.java:37)
	at fr.inria.lille.repair.MethodTestRunner$1.call(MethodTestRunner.java:20)
	at java.util.concurrent.FutureTask.run(FutureTask.java:266)
	at java.util.concurrent.ThreadPoolExecutor.runWorker(ThreadPoolExecutor.java:1142)
	at java.util.concurrent.ThreadPoolExecutor$Worker.run(ThreadPoolExecutor.java:617)
	at java.lang.Thread.run(Thread.java:745)

FAILURES!!!
Tests run: 1,  Failures: 1

com.google.javascript.jscomp.CommandLineRunnerTest#testDebugFlag1
.E
Time: 0.763
There was 1 failure:
1) testDebugFlag1(com.google.javascript.jscomp.CommandLineRunnerTest)
junit.framework.AssertionFailedError: 
Expected: function foo(a){}
Result: function foo(){}
Node tree inequality:
Tree1:
BLOCK [synthetic: 1]
    SCRIPT [synthetic: 1] [input_id: InputId: input0]
        FUNCTION foo
            NAME foo
            PARAM_LIST
                NAME a
            BLOCK


Tree2:
BLOCK [synthetic: 1]
    SCRIPT [synthetic: 1] [input_id: InputId: input0]
        FUNCTION foo
            NAME foo
            PARAM_LIST
            BLOCK


Subtree1: PARAM_LIST
    NAME a


Subtree2: PARAM_LIST

	at junit.framework.Assert.fail(Assert.java:50)
	at junit.framework.Assert.assertTrue(Assert.java:20)
	at junit.framework.Assert.assertNull(Assert.java:237)
	at com.google.javascript.jscomp.CommandLineRunnerTest.test(CommandLineRunnerTest.java:1204)
	at com.google.javascript.jscomp.CommandLineRunnerTest.test(CommandLineRunnerTest.java:1175)
	at com.google.javascript.jscomp.CommandLineRunnerTest.test(CommandLineRunnerTest.java:1167)
	at com.google.javascript.jscomp.CommandLineRunnerTest.testDebugFlag1(CommandLineRunnerTest.java:476)
	at sun.reflect.NativeMethodAccessorImpl.invoke0(Native Method)
	at sun.reflect.NativeMethodAccessorImpl.invoke(NativeMethodAccessorImpl.java:62)
	at sun.reflect.DelegatingMethodAccessorImpl.invoke(DelegatingMethodAccessorImpl.java:43)
	at java.lang.reflect.Method.invoke(Method.java:497)
	at junit.framework.TestCase.runTest(TestCase.java:168)
	at junit.framework.TestCase.runBare(TestCase.java:134)
	at junit.framework.TestResult$1.protect(TestResult.java:110)
	at junit.framework.TestResult.runProtected(TestResult.java:128)
	at junit.framework.TestResult.run(TestResult.java:113)
	at junit.framework.TestCase.run(TestCase.java:124)
	at junit.framework.TestSuite.runTest(TestSuite.java:243)
	at junit.framework.TestSuite.run(TestSuite.java:238)
	at org.junit.internal.runners.JUnit38ClassRunner.run(JUnit38ClassRunner.java:83)
	at org.junit.runner.JUnitCore.run(JUnitCore.java:157)
	at org.junit.runner.JUnitCore.run(JUnitCore.java:136)
	at fr.inria.lille.repair.MethodTestRunner.runTest(MethodTestRunner.java:44)
	at fr.inria.lille.repair.MethodTestRunner.access$0(MethodTestRunner.java:37)
	at fr.inria.lille.repair.MethodTestRunner$1.call(MethodTestRunner.java:20)
	at java.util.concurrent.FutureTask.run(FutureTask.java:266)
	at java.util.concurrent.ThreadPoolExecutor.runWorker(ThreadPoolExecutor.java:1142)
	at java.util.concurrent.ThreadPoolExecutor$Worker.run(ThreadPoolExecutor.java:617)
	at java.lang.Thread.run(Thread.java:745)

FAILURES!!!
Tests run: 1,  Failures: 1

com.google.javascript.jscomp.RemoveUnusedVarsTest#testRemoveGlobal3
.E
Time: 0.726
There was 1 failure:
1) testRemoveGlobal3(com.google.javascript.jscomp.RemoveUnusedVarsTest)
junit.framework.AssertionFailedError: 
Expected: function x(){function y(x$$1){}y()}
Result: function x(){function y(){}y()}
Node tree inequality:
Tree1:
BLOCK [synthetic: 1]
    SCRIPT [synthetic: 1] [input_id: InputId: expected0]
        FUNCTION x
            NAME x
            PARAM_LIST
            BLOCK
                FUNCTION y
                    NAME y
                    PARAM_LIST
                        NAME x$$1
                    BLOCK
                EXPR_RESULT
                    CALL [free_call: 1]
                        NAME y


Tree2:
BLOCK [synthetic: 1]
    SCRIPT [synthetic: 1] [input_id: InputId: testcode]
        FUNCTION x
            NAME x
            PARAM_LIST
            BLOCK
                FUNCTION y
                    NAME y
                    PARAM_LIST
                    BLOCK
                EXPR_RESULT
                    CALL [free_call: 1]
                        NAME y


Subtree1: PARAM_LIST
    NAME x$$1


Subtree2: PARAM_LIST

	at junit.framework.Assert.fail(Assert.java:50)
	at junit.framework.Assert.assertTrue(Assert.java:20)
	at junit.framework.Assert.assertNull(Assert.java:237)
	at com.google.javascript.jscomp.CompilerTestCase.test(CompilerTestCase.java:905)
	at com.google.javascript.jscomp.CompilerTestCase.test(CompilerTestCase.java:447)
	at com.google.javascript.jscomp.CompilerTestCase.test(CompilerTestCase.java:373)
	at com.google.javascript.jscomp.CompilerTestCase.test(CompilerTestCase.java:342)
	at com.google.javascript.jscomp.CompilerTestCase.test(CompilerTestCase.java:330)
	at com.google.javascript.jscomp.RemoveUnusedVarsTest.testRemoveGlobal3(RemoveUnusedVarsTest.java:259)
	at sun.reflect.NativeMethodAccessorImpl.invoke0(Native Method)
	at sun.reflect.NativeMethodAccessorImpl.invoke(NativeMethodAccessorImpl.java:62)
	at sun.reflect.DelegatingMethodAccessorImpl.invoke(DelegatingMethodAccessorImpl.java:43)
	at java.lang.reflect.Method.invoke(Method.java:497)
	at junit.framework.TestCase.runTest(TestCase.java:168)
	at junit.framework.TestCase.runBare(TestCase.java:134)
	at junit.framework.TestResult$1.protect(TestResult.java:110)
	at junit.framework.TestResult.runProtected(TestResult.java:128)
	at junit.framework.TestResult.run(TestResult.java:113)
	at junit.framework.TestCase.run(TestCase.java:124)
	at junit.framework.TestSuite.runTest(TestSuite.java:243)
	at junit.framework.TestSuite.run(TestSuite.java:238)
	at org.junit.internal.runners.JUnit38ClassRunner.run(JUnit38ClassRunner.java:83)
	at org.junit.runner.JUnitCore.run(JUnitCore.java:157)
	at org.junit.runner.JUnitCore.run(JUnitCore.java:136)
	at fr.inria.lille.repair.MethodTestRunner.runTest(MethodTestRunner.java:44)
	at fr.inria.lille.repair.MethodTestRunner.access$0(MethodTestRunner.java:37)
	at fr.inria.lille.repair.MethodTestRunner$1.call(MethodTestRunner.java:20)
	at java.util.concurrent.FutureTask.run(FutureTask.java:266)
	at java.util.concurrent.ThreadPoolExecutor.runWorker(ThreadPoolExecutor.java:1142)
	at java.util.concurrent.ThreadPoolExecutor$Worker.run(ThreadPoolExecutor.java:617)
	at java.lang.Thread.run(Thread.java:745)

FAILURES!!!
Tests run: 1,  Failures: 1

com.google.javascript.jscomp.CommandLineRunnerTest#testSimpleModeLeavesUnusedParams
.E
Time: 0.779
There was 1 failure:
1) testSimpleModeLeavesUnusedParams(com.google.javascript.jscomp.CommandLineRunnerTest)
junit.framework.AssertionFailedError: 
Expected: window.f=function(a){}
Result: window.f=function(){}
Node tree inequality:
Tree1:
BLOCK [synthetic: 1]
    SCRIPT [synthetic: 1] [input_id: InputId: input0]
        EXPR_RESULT
            ASSIGN
                GETPROP
                    NAME window
                    STRING f
                FUNCTION 
                    NAME 
                    PARAM_LIST
                        NAME a
                    BLOCK


Tree2:
BLOCK [synthetic: 1]
    SCRIPT [synthetic: 1] [input_id: InputId: input0]
        EXPR_RESULT
            ASSIGN
                GETPROP
                    NAME window
                    STRING f
                FUNCTION 
                    NAME 
                    PARAM_LIST
                    BLOCK


Subtree1: PARAM_LIST
    NAME a


Subtree2: PARAM_LIST

	at junit.framework.Assert.fail(Assert.java:50)
	at junit.framework.Assert.assertTrue(Assert.java:20)
	at junit.framework.Assert.assertNull(Assert.java:237)
	at com.google.javascript.jscomp.CommandLineRunnerTest.test(CommandLineRunnerTest.java:1204)
	at com.google.javascript.jscomp.CommandLineRunnerTest.test(CommandLineRunnerTest.java:1175)
	at com.google.javascript.jscomp.CommandLineRunnerTest.testSame(CommandLineRunnerTest.java:1163)
	at com.google.javascript.jscomp.CommandLineRunnerTest.testSame(CommandLineRunnerTest.java:1159)
	at com.google.javascript.jscomp.CommandLineRunnerTest.testSimpleModeLeavesUnusedParams(CommandLineRunnerTest.java:156)
	at sun.reflect.NativeMethodAccessorImpl.invoke0(Native Method)
	at sun.reflect.NativeMethodAccessorImpl.invoke(NativeMethodAccessorImpl.java:62)
	at sun.reflect.DelegatingMethodAccessorImpl.invoke(DelegatingMethodAccessorImpl.java:43)
	at java.lang.reflect.Method.invoke(Method.java:497)
	at junit.framework.TestCase.runTest(TestCase.java:168)
	at junit.framework.TestCase.runBare(TestCase.java:134)
	at junit.framework.TestResult$1.protect(TestResult.java:110)
	at junit.framework.TestResult.runProtected(TestResult.java:128)
	at junit.framework.TestResult.run(TestResult.java:113)
	at junit.framework.TestCase.run(TestCase.java:124)
	at junit.framework.TestSuite.runTest(TestSuite.java:243)
	at junit.framework.TestSuite.run(TestSuite.java:238)
	at org.junit.internal.runners.JUnit38ClassRunner.run(JUnit38ClassRunner.java:83)
	at org.junit.runner.JUnitCore.run(JUnitCore.java:157)
	at org.junit.runner.JUnitCore.run(JUnitCore.java:136)
	at fr.inria.lille.repair.MethodTestRunner.runTest(MethodTestRunner.java:44)
	at fr.inria.lille.repair.MethodTestRunner.access$0(MethodTestRunner.java:37)
	at fr.inria.lille.repair.MethodTestRunner$1.call(MethodTestRunner.java:20)
	at java.util.concurrent.FutureTask.run(FutureTask.java:266)
	at java.util.concurrent.ThreadPoolExecutor.runWorker(ThreadPoolExecutor.java:1142)
	at java.util.concurrent.ThreadPoolExecutor$Worker.run(ThreadPoolExecutor.java:617)
	at java.lang.Thread.run(Thread.java:745)

FAILURES!!!
Tests run: 1,  Failures: 1

com.google.javascript.jscomp.RemoveUnusedVarsTest#testRemoveGlobal2
.E
Time: 0.602
There was 1 failure:
1) testRemoveGlobal2(com.google.javascript.jscomp.RemoveUnusedVarsTest)
junit.framework.AssertionFailedError: 
Expected: function y(x){}
Result: function y(){}
Node tree inequality:
Tree1:
BLOCK [synthetic: 1]
    SCRIPT [synthetic: 1] [input_id: InputId: expected0]
        FUNCTION y
            NAME y
            PARAM_LIST
                NAME x
            BLOCK


Tree2:
BLOCK [synthetic: 1]
    SCRIPT [synthetic: 1] [input_id: InputId: testcode]
        FUNCTION y
            NAME y
            PARAM_LIST
            BLOCK


Subtree1: PARAM_LIST
    NAME x


Subtree2: PARAM_LIST

	at junit.framework.Assert.fail(Assert.java:50)
	at junit.framework.Assert.assertTrue(Assert.java:20)
	at junit.framework.Assert.assertNull(Assert.java:237)
	at com.google.javascript.jscomp.CompilerTestCase.test(CompilerTestCase.java:905)
	at com.google.javascript.jscomp.CompilerTestCase.test(CompilerTestCase.java:447)
	at com.google.javascript.jscomp.CompilerTestCase.test(CompilerTestCase.java:373)
	at com.google.javascript.jscomp.CompilerTestCase.test(CompilerTestCase.java:342)
	at com.google.javascript.jscomp.CompilerTestCase.test(CompilerTestCase.java:330)
	at com.google.javascript.jscomp.RemoveUnusedVarsTest.testRemoveGlobal2(RemoveUnusedVarsTest.java:253)
	at sun.reflect.NativeMethodAccessorImpl.invoke0(Native Method)
	at sun.reflect.NativeMethodAccessorImpl.invoke(NativeMethodAccessorImpl.java:62)
	at sun.reflect.DelegatingMethodAccessorImpl.invoke(DelegatingMethodAccessorImpl.java:43)
	at java.lang.reflect.Method.invoke(Method.java:497)
	at junit.framework.TestCase.runTest(TestCase.java:168)
	at junit.framework.TestCase.runBare(TestCase.java:134)
	at junit.framework.TestResult$1.protect(TestResult.java:110)
	at junit.framework.TestResult.runProtected(TestResult.java:128)
	at junit.framework.TestResult.run(TestResult.java:113)
	at junit.framework.TestCase.run(TestCase.java:124)
	at junit.framework.TestSuite.runTest(TestSuite.java:243)
	at junit.framework.TestSuite.run(TestSuite.java:238)
	at org.junit.internal.runners.JUnit38ClassRunner.run(JUnit38ClassRunner.java:83)
	at org.junit.runner.JUnitCore.run(JUnitCore.java:157)
	at org.junit.runner.JUnitCore.run(JUnitCore.java:136)
	at fr.inria.lille.repair.MethodTestRunner.runTest(MethodTestRunner.java:44)
	at fr.inria.lille.repair.MethodTestRunner.access$0(MethodTestRunner.java:37)
	at fr.inria.lille.repair.MethodTestRunner$1.call(MethodTestRunner.java:20)
	at java.util.concurrent.FutureTask.run(FutureTask.java:266)
	at java.util.concurrent.ThreadPoolExecutor.runWorker(ThreadPoolExecutor.java:1142)
	at java.util.concurrent.ThreadPoolExecutor$Worker.run(ThreadPoolExecutor.java:617)
	at java.lang.Thread.run(Thread.java:745)

FAILURES!!!
Tests run: 1,  Failures: 1

com.google.javascript.jscomp.RemoveUnusedVarsTest#testIssue168b
.E
Time: 0.637
There was 1 failure:
1) testIssue168b(com.google.javascript.jscomp.RemoveUnusedVarsTest)
junit.framework.AssertionFailedError: 
Expected: function a(){(function(x){b()})(1)}function b(){a()}
Result: function a(){(function(){b()})(1)}function b(){a()}
Node tree inequality:
Tree1:
BLOCK [synthetic: 1]
    SCRIPT [synthetic: 1] [input_id: InputId: expected0]
        FUNCTION a
            NAME a
            PARAM_LIST
            BLOCK
                EXPR_RESULT
                    CALL [free_call: 1]
                        FUNCTION 
                            NAME 
                            PARAM_LIST
                                NAME x
                            BLOCK
                                EXPR_RESULT
                                    CALL [free_call: 1]
                                        NAME b
                        NUMBER 1.0
        FUNCTION b
            NAME b
            PARAM_LIST
            BLOCK
                EXPR_RESULT
                    CALL [free_call: 1]
                        NAME a


Tree2:
BLOCK [synthetic: 1]
    SCRIPT [synthetic: 1] [input_id: InputId: testcode]
        FUNCTION a
            NAME a
            PARAM_LIST
            BLOCK
                EXPR_RESULT
                    CALL [free_call: 1]
                        FUNCTION 
                            NAME 
                            PARAM_LIST
                            BLOCK
                                EXPR_RESULT
                                    CALL [free_call: 1]
                                        NAME b
                        NUMBER 1.0
        FUNCTION b
            NAME b
            PARAM_LIST
            BLOCK
                EXPR_RESULT
                    CALL [free_call: 1]
                        NAME a


Subtree1: PARAM_LIST
    NAME x


Subtree2: PARAM_LIST

	at junit.framework.Assert.fail(Assert.java:50)
	at junit.framework.Assert.assertTrue(Assert.java:20)
	at junit.framework.Assert.assertNull(Assert.java:237)
	at com.google.javascript.jscomp.CompilerTestCase.test(CompilerTestCase.java:905)
	at com.google.javascript.jscomp.CompilerTestCase.test(CompilerTestCase.java:447)
	at com.google.javascript.jscomp.CompilerTestCase.test(CompilerTestCase.java:373)
	at com.google.javascript.jscomp.CompilerTestCase.test(CompilerTestCase.java:342)
	at com.google.javascript.jscomp.CompilerTestCase.test(CompilerTestCase.java:330)
	at com.google.javascript.jscomp.RemoveUnusedVarsTest.testIssue168b(RemoveUnusedVarsTest.java:283)
	at sun.reflect.NativeMethodAccessorImpl.invoke0(Native Method)
	at sun.reflect.NativeMethodAccessorImpl.invoke(NativeMethodAccessorImpl.java:62)
	at sun.reflect.DelegatingMethodAccessorImpl.invoke(DelegatingMethodAccessorImpl.java:43)
	at java.lang.reflect.Method.invoke(Method.java:497)
	at junit.framework.TestCase.runTest(TestCase.java:168)
	at junit.framework.TestCase.runBare(TestCase.java:134)
	at junit.framework.TestResult$1.protect(TestResult.java:110)
	at junit.framework.TestResult.runProtected(TestResult.java:128)
	at junit.framework.TestResult.run(TestResult.java:113)
	at junit.framework.TestCase.run(TestCase.java:124)
	at junit.framework.TestSuite.runTest(TestSuite.java:243)
	at junit.framework.TestSuite.run(TestSuite.java:238)
	at org.junit.internal.runners.JUnit38ClassRunner.run(JUnit38ClassRunner.java:83)
	at org.junit.runner.JUnitCore.run(JUnitCore.java:157)
	at org.junit.runner.JUnitCore.run(JUnitCore.java:136)
	at fr.inria.lille.repair.MethodTestRunner.runTest(MethodTestRunner.java:44)
	at fr.inria.lille.repair.MethodTestRunner.access$0(MethodTestRunner.java:37)
	at fr.inria.lille.repair.MethodTestRunner$1.call(MethodTestRunner.java:20)
	at java.util.concurrent.FutureTask.run(FutureTask.java:266)
	at java.util.concurrent.ThreadPoolExecutor.runWorker(ThreadPoolExecutor.java:1142)
	at java.util.concurrent.ThreadPoolExecutor$Worker.run(ThreadPoolExecutor.java:617)
	at java.lang.Thread.run(Thread.java:745)

FAILURES!!!
Tests run: 1,  Failures: 1

com.google.javascript.jscomp.RemoveUnusedVarsTest#testRemoveGlobal1
.E
Time: 0.723
There was 1 failure:
1) testRemoveGlobal1(com.google.javascript.jscomp.RemoveUnusedVarsTest)
junit.framework.AssertionFailedError: 
Expected: var y=function(x){}
Result: var y=function(){}
Node tree inequality:
Tree1:
BLOCK [synthetic: 1]
    SCRIPT [synthetic: 1] [input_id: InputId: expected0]
        VAR
            NAME y
                FUNCTION 
                    NAME 
                    PARAM_LIST
                        NAME x
                    BLOCK


Tree2:
BLOCK [synthetic: 1]
    SCRIPT [synthetic: 1] [input_id: InputId: testcode]
        VAR
            NAME y
                FUNCTION 
                    NAME 
                    PARAM_LIST
                    BLOCK


Subtree1: PARAM_LIST
    NAME x


Subtree2: PARAM_LIST

	at junit.framework.Assert.fail(Assert.java:50)
	at junit.framework.Assert.assertTrue(Assert.java:20)
	at junit.framework.Assert.assertNull(Assert.java:237)
	at com.google.javascript.jscomp.CompilerTestCase.test(CompilerTestCase.java:905)
	at com.google.javascript.jscomp.CompilerTestCase.test(CompilerTestCase.java:447)
	at com.google.javascript.jscomp.CompilerTestCase.test(CompilerTestCase.java:373)
	at com.google.javascript.jscomp.CompilerTestCase.test(CompilerTestCase.java:342)
	at com.google.javascript.jscomp.CompilerTestCase.test(CompilerTestCase.java:330)
	at com.google.javascript.jscomp.RemoveUnusedVarsTest.testRemoveGlobal1(RemoveUnusedVarsTest.java:247)
	at sun.reflect.NativeMethodAccessorImpl.invoke0(Native Method)
	at sun.reflect.NativeMethodAccessorImpl.invoke(NativeMethodAccessorImpl.java:62)
	at sun.reflect.DelegatingMethodAccessorImpl.invoke(DelegatingMethodAccessorImpl.java:43)
	at java.lang.reflect.Method.invoke(Method.java:497)
	at junit.framework.TestCase.runTest(TestCase.java:168)
	at junit.framework.TestCase.runBare(TestCase.java:134)
	at junit.framework.TestResult$1.protect(TestResult.java:110)
	at junit.framework.TestResult.runProtected(TestResult.java:128)
	at junit.framework.TestResult.run(TestResult.java:113)
	at junit.framework.TestCase.run(TestCase.java:124)
	at junit.framework.TestSuite.runTest(TestSuite.java:243)
	at junit.framework.TestSuite.run(TestSuite.java:238)
	at org.junit.internal.runners.JUnit38ClassRunner.run(JUnit38ClassRunner.java:83)
	at org.junit.runner.JUnitCore.run(JUnitCore.java:157)
	at org.junit.runner.JUnitCore.run(JUnitCore.java:136)
	at fr.inria.lille.repair.MethodTestRunner.runTest(MethodTestRunner.java:44)
	at fr.inria.lille.repair.MethodTestRunner.access$0(MethodTestRunner.java:37)
	at fr.inria.lille.repair.MethodTestRunner$1.call(MethodTestRunner.java:20)
	at java.util.concurrent.FutureTask.run(FutureTask.java:266)
	at java.util.concurrent.ThreadPoolExecutor.runWorker(ThreadPoolExecutor.java:1142)
	at java.util.concurrent.ThreadPoolExecutor$Worker.run(ThreadPoolExecutor.java:617)
	at java.lang.Thread.run(Thread.java:745)

FAILURES!!!
Tests run: 1,  Failures: 1

