Picked up JAVA_TOOL_OPTIONS: -Dfile.encoding=UTF8 -Duser.language=en-US -Duser.country=US -Duser.language=en
com.google.javascript.jscomp.CommandLineRunnerTest#testTransformAMDAndProcessCJS
.E
Time: 1.179
There was 1 failure:
1) testTransformAMDAndProcessCJS(com.google.javascript.jscomp.CommandLineRunnerTest)
junit.framework.AssertionFailedError: 
Expected: var module$foo$bar={},module$foo$bar={foo:1}
Result: var module$foo$bar={},module$foo$bar={foo:1};module$foo$bar.module$exports&&(module$foo$bar=module$foo$bar.module$exports)
Node tree inequality:
Tree1:
BLOCK [synthetic: 1]
    SCRIPT 1 [synthetic: 1] [source_file: foo/bar.js] [input_id: InputId: foo/bar.js]
        VAR 1 [source_file: foo/bar.js]
            NAME module$foo$bar 1 [source_file: foo/bar.js]
                OBJECTLIT 1 [source_file: foo/bar.js]
            NAME module$foo$bar 1 [source_file: foo/bar.js]
                OBJECTLIT 1 [source_file: foo/bar.js]
                    STRING_KEY foo 1 [source_file: foo/bar.js]
                        NUMBER 1.0 1 [source_file: foo/bar.js]


Tree2:
BLOCK [synthetic: 1]
    SCRIPT 1 [synthetic: 1] [source_file: foo/bar.js] [input_id: InputId: foo/bar.js]
        VAR 1 [jsdoc_info: JSDocInfo] [source_file: foo/bar.js]
            NAME module$foo$bar 1 [source_file: foo/bar.js]
                OBJECTLIT 1 [source_file: foo/bar.js]
            NAME module$foo$bar 1 [originalname: exports] [source_file: foo/bar.js]
                OBJECTLIT 1 [source_file: foo/bar.js]
                    STRING_KEY foo 1 [source_file: foo/bar.js]
                        NUMBER 1.0 1 [source_file: foo/bar.js]
        EXPR_RESULT 1 [source_file: foo/bar.js]
            AND 1 [source_file: foo/bar.js]
                GETPROP 1 [source_file: foo/bar.js]
                    NAME module$foo$bar 1 [source_file: foo/bar.js]
                    STRING module$exports 1 [source_file: foo/bar.js]
                ASSIGN 1 [source_file: foo/bar.js]
                    NAME module$foo$bar 1 [source_file: foo/bar.js]
                    GETPROP 1 [source_file: foo/bar.js]
                        NAME module$foo$bar 1 [source_file: foo/bar.js]
                        STRING module$exports 1 [source_file: foo/bar.js]


Subtree1: SCRIPT 1 [synthetic: 1] [source_file: foo/bar.js] [input_id: InputId: foo/bar.js]
    VAR 1 [source_file: foo/bar.js]
        NAME module$foo$bar 1 [source_file: foo/bar.js]
            OBJECTLIT 1 [source_file: foo/bar.js]
        NAME module$foo$bar 1 [source_file: foo/bar.js]
            OBJECTLIT 1 [source_file: foo/bar.js]
                STRING_KEY foo 1 [source_file: foo/bar.js]
                    NUMBER 1.0 1 [source_file: foo/bar.js]


Subtree2: SCRIPT 1 [synthetic: 1] [source_file: foo/bar.js] [input_id: InputId: foo/bar.js]
    VAR 1 [jsdoc_info: JSDocInfo] [source_file: foo/bar.js]
        NAME module$foo$bar 1 [source_file: foo/bar.js]
            OBJECTLIT 1 [source_file: foo/bar.js]
        NAME module$foo$bar 1 [originalname: exports] [source_file: foo/bar.js]
            OBJECTLIT 1 [source_file: foo/bar.js]
                STRING_KEY foo 1 [source_file: foo/bar.js]
                    NUMBER 1.0 1 [source_file: foo/bar.js]
    EXPR_RESULT 1 [source_file: foo/bar.js]
        AND 1 [source_file: foo/bar.js]
            GETPROP 1 [source_file: foo/bar.js]
                NAME module$foo$bar 1 [source_file: foo/bar.js]
                STRING module$exports 1 [source_file: foo/bar.js]
            ASSIGN 1 [source_file: foo/bar.js]
                NAME module$foo$bar 1 [source_file: foo/bar.js]
                GETPROP 1 [source_file: foo/bar.js]
                    NAME module$foo$bar 1 [source_file: foo/bar.js]
                    STRING module$exports 1 [source_file: foo/bar.js]

	at junit.framework.Assert.fail(Assert.java:47)
	at junit.framework.Assert.assertTrue(Assert.java:20)
	at junit.framework.Assert.assertNull(Assert.java:233)
	at com.google.javascript.jscomp.CommandLineRunnerTest.test(CommandLineRunnerTest.java:1109)
	at com.google.javascript.jscomp.CommandLineRunnerTest.test(CommandLineRunnerTest.java:1080)
	at com.google.javascript.jscomp.CommandLineRunnerTest.test(CommandLineRunnerTest.java:1072)
	at com.google.javascript.jscomp.CommandLineRunnerTest.testTransformAMDAndProcessCJS(CommandLineRunnerTest.java:1057)
	at sun.reflect.NativeMethodAccessorImpl.invoke0(Native Method)
	at sun.reflect.NativeMethodAccessorImpl.invoke(NativeMethodAccessorImpl.java:62)
	at sun.reflect.DelegatingMethodAccessorImpl.invoke(DelegatingMethodAccessorImpl.java:43)
	at java.lang.reflect.Method.invoke(Method.java:497)
	at junit.framework.TestCase.runTest(TestCase.java:168)
	at junit.framework.TestCase.runBare(TestCase.java:134)
	at junit.framework.TestResult$1.protect(TestResult.java:110)
	at junit.framework.TestResult.runProtected(TestResult.java:128)
	at junit.framework.TestResult.run(TestResult.java:113)
	at junit.framework.TestCase.run(TestCase.java:124)
	at junit.framework.TestSuite.runTest(TestSuite.java:243)
	at junit.framework.TestSuite.run(TestSuite.java:238)
	at org.junit.internal.runners.JUnit38ClassRunner.run(JUnit38ClassRunner.java:83)
	at org.junit.runner.JUnitCore.run(JUnitCore.java:157)
	at org.junit.runner.JUnitCore.run(JUnitCore.java:136)
	at fr.inria.lille.repair.MethodTestRunner.runTest(MethodTestRunner.java:44)
	at fr.inria.lille.repair.MethodTestRunner.access$0(MethodTestRunner.java:37)
	at fr.inria.lille.repair.MethodTestRunner$1.call(MethodTestRunner.java:20)
	at java.util.concurrent.FutureTask.run(FutureTask.java:266)
	at java.util.concurrent.ThreadPoolExecutor.runWorker(ThreadPoolExecutor.java:1142)
	at java.util.concurrent.ThreadPoolExecutor$Worker.run(ThreadPoolExecutor.java:617)
	at java.lang.Thread.run(Thread.java:745)

FAILURES!!!
Tests run: 1,  Failures: 1

com.google.javascript.jscomp.PeepholeFoldConstantsTest#testAssignOpsLate
.E
Time: 1.296
There was 1 failure:
1) testAssignOpsLate(com.google.javascript.jscomp.PeepholeFoldConstantsTest)
java.lang.IllegalStateException
	at com.google.common.base.Preconditions.checkState(Preconditions.java:129)
	at com.google.javascript.rhino.Node.detachFromParent(Node.java:1623)
	at com.google.javascript.jscomp.PeepholeFoldConstants.tryFoldAssign(PeepholeFoldConstants.java:525)
	at com.google.javascript.jscomp.PeepholeFoldConstants.tryFoldBinaryOperator(PeepholeFoldConstants.java:133)
	at com.google.javascript.jscomp.PeepholeFoldConstants.optimizeSubtree(PeepholeFoldConstants.java:95)
	at com.google.javascript.jscomp.PeepholeOptimizationsPass.visit(PeepholeOptimizationsPass.java:177)
	at com.google.javascript.jscomp.PeepholeOptimizationsPass.traverse(PeepholeOptimizationsPass.java:128)
	at com.google.javascript.jscomp.PeepholeOptimizationsPass.traverse(PeepholeOptimizationsPass.java:125)
	at com.google.javascript.jscomp.PeepholeOptimizationsPass.traverse(PeepholeOptimizationsPass.java:125)
	at com.google.javascript.jscomp.PeepholeOptimizationsPass.traverse(PeepholeOptimizationsPass.java:125)
	at com.google.javascript.jscomp.PeepholeOptimizationsPass.process(PeepholeOptimizationsPass.java:108)
	at com.google.javascript.jscomp.CompilerTestCase.test(CompilerTestCase.java:795)
	at com.google.javascript.jscomp.CompilerTestCase.test(CompilerTestCase.java:445)
	at com.google.javascript.jscomp.CompilerTestCase.test(CompilerTestCase.java:371)
	at com.google.javascript.jscomp.CompilerTestCase.test(CompilerTestCase.java:340)
	at com.google.javascript.jscomp.CompilerTestCase.test(CompilerTestCase.java:328)
	at com.google.javascript.jscomp.PeepholeFoldConstantsTest.fold(PeepholeFoldConstantsTest.java:71)
	at com.google.javascript.jscomp.PeepholeFoldConstantsTest.testAssignOpsLate(PeepholeFoldConstantsTest.java:871)
	at sun.reflect.NativeMethodAccessorImpl.invoke0(Native Method)
	at sun.reflect.NativeMethodAccessorImpl.invoke(NativeMethodAccessorImpl.java:62)
	at sun.reflect.DelegatingMethodAccessorImpl.invoke(DelegatingMethodAccessorImpl.java:43)
	at java.lang.reflect.Method.invoke(Method.java:497)
	at junit.framework.TestCase.runTest(TestCase.java:168)
	at junit.framework.TestCase.runBare(TestCase.java:134)
	at junit.framework.TestResult$1.protect(TestResult.java:110)
	at junit.framework.TestResult.runProtected(TestResult.java:128)
	at junit.framework.TestResult.run(TestResult.java:113)
	at junit.framework.TestCase.run(TestCase.java:124)
	at junit.framework.TestSuite.runTest(TestSuite.java:243)
	at junit.framework.TestSuite.run(TestSuite.java:238)
	at org.junit.internal.runners.JUnit38ClassRunner.run(JUnit38ClassRunner.java:83)
	at org.junit.runner.JUnitCore.run(JUnitCore.java:157)
	at org.junit.runner.JUnitCore.run(JUnitCore.java:136)
	at fr.inria.lille.repair.MethodTestRunner.runTest(MethodTestRunner.java:44)
	at fr.inria.lille.repair.MethodTestRunner.access$0(MethodTestRunner.java:37)
	at fr.inria.lille.repair.MethodTestRunner$1.call(MethodTestRunner.java:20)
	at java.util.concurrent.FutureTask.run(FutureTask.java:266)
	at java.util.concurrent.ThreadPoolExecutor.runWorker(ThreadPoolExecutor.java:1142)
	at java.util.concurrent.ThreadPoolExecutor$Worker.run(ThreadPoolExecutor.java:617)
	at java.lang.Thread.run(Thread.java:745)

FAILURES!!!
Tests run: 1,  Failures: 1

com.google.javascript.jscomp.PeepholeFoldConstantsTest#testFoldingMixTypesLate
.E
Time: 1.218
There was 1 failure:
1) testFoldingMixTypesLate(com.google.javascript.jscomp.PeepholeFoldConstantsTest)
java.lang.IllegalStateException
	at com.google.common.base.Preconditions.checkState(Preconditions.java:129)
	at com.google.javascript.rhino.Node.detachFromParent(Node.java:1623)
	at com.google.javascript.jscomp.PeepholeFoldConstants.tryFoldAssign(PeepholeFoldConstants.java:525)
	at com.google.javascript.jscomp.PeepholeFoldConstants.tryFoldBinaryOperator(PeepholeFoldConstants.java:133)
	at com.google.javascript.jscomp.PeepholeFoldConstants.optimizeSubtree(PeepholeFoldConstants.java:95)
	at com.google.javascript.jscomp.PeepholeOptimizationsPass.visit(PeepholeOptimizationsPass.java:177)
	at com.google.javascript.jscomp.PeepholeOptimizationsPass.traverse(PeepholeOptimizationsPass.java:128)
	at com.google.javascript.jscomp.PeepholeOptimizationsPass.traverse(PeepholeOptimizationsPass.java:125)
	at com.google.javascript.jscomp.PeepholeOptimizationsPass.traverse(PeepholeOptimizationsPass.java:125)
	at com.google.javascript.jscomp.PeepholeOptimizationsPass.traverse(PeepholeOptimizationsPass.java:125)
	at com.google.javascript.jscomp.PeepholeOptimizationsPass.process(PeepholeOptimizationsPass.java:108)
	at com.google.javascript.jscomp.CompilerTestCase.test(CompilerTestCase.java:795)
	at com.google.javascript.jscomp.CompilerTestCase.test(CompilerTestCase.java:445)
	at com.google.javascript.jscomp.CompilerTestCase.test(CompilerTestCase.java:371)
	at com.google.javascript.jscomp.CompilerTestCase.test(CompilerTestCase.java:340)
	at com.google.javascript.jscomp.CompilerTestCase.test(CompilerTestCase.java:328)
	at com.google.javascript.jscomp.PeepholeFoldConstantsTest.fold(PeepholeFoldConstantsTest.java:71)
	at com.google.javascript.jscomp.PeepholeFoldConstantsTest.testFoldingMixTypesLate(PeepholeFoldConstantsTest.java:461)
	at sun.reflect.NativeMethodAccessorImpl.invoke0(Native Method)
	at sun.reflect.NativeMethodAccessorImpl.invoke(NativeMethodAccessorImpl.java:62)
	at sun.reflect.DelegatingMethodAccessorImpl.invoke(DelegatingMethodAccessorImpl.java:43)
	at java.lang.reflect.Method.invoke(Method.java:497)
	at junit.framework.TestCase.runTest(TestCase.java:168)
	at junit.framework.TestCase.runBare(TestCase.java:134)
	at junit.framework.TestResult$1.protect(TestResult.java:110)
	at junit.framework.TestResult.runProtected(TestResult.java:128)
	at junit.framework.TestResult.run(TestResult.java:113)
	at junit.framework.TestCase.run(TestCase.java:124)
	at junit.framework.TestSuite.runTest(TestSuite.java:243)
	at junit.framework.TestSuite.run(TestSuite.java:238)
	at org.junit.internal.runners.JUnit38ClassRunner.run(JUnit38ClassRunner.java:83)
	at org.junit.runner.JUnitCore.run(JUnitCore.java:157)
	at org.junit.runner.JUnitCore.run(JUnitCore.java:136)
	at fr.inria.lille.repair.MethodTestRunner.runTest(MethodTestRunner.java:44)
	at fr.inria.lille.repair.MethodTestRunner.access$0(MethodTestRunner.java:37)
	at fr.inria.lille.repair.MethodTestRunner$1.call(MethodTestRunner.java:20)
	at java.util.concurrent.FutureTask.run(FutureTask.java:266)
	at java.util.concurrent.ThreadPoolExecutor.runWorker(ThreadPoolExecutor.java:1142)
	at java.util.concurrent.ThreadPoolExecutor$Worker.run(ThreadPoolExecutor.java:617)
	at java.lang.Thread.run(Thread.java:745)

FAILURES!!!
Tests run: 1,  Failures: 1

com.google.javascript.jscomp.CommandLineRunnerTest#testProcessCJS
.E
Time: 0.026
There was 1 failure:
1) testProcessCJS(com.google.javascript.jscomp.CommandLineRunnerTest)
junit.framework.AssertionFailedError: 
Expected: var module$foo$bar={test:1}
Result: var module$foo$bar={test:1};module$foo$bar.module$exports&&(module$foo$bar=module$foo$bar.module$exports)
Node tree inequality:
Tree1:
BLOCK [synthetic: 1]
    SCRIPT 1 [synthetic: 1] [source_file: foo/bar.js] [input_id: InputId: foo/bar.js]
        VAR 1 [source_file: foo/bar.js]
            NAME module$foo$bar 1 [source_file: foo/bar.js]
                OBJECTLIT 1 [source_file: foo/bar.js]
                    STRING_KEY test 1 [source_file: foo/bar.js]
                        NUMBER 1.0 1 [source_file: foo/bar.js]


Tree2:
BLOCK [synthetic: 1]
    SCRIPT 1 [synthetic: 1] [source_file: foo/bar.js] [input_id: InputId: foo/bar.js]
        VAR 1 [source_file: foo/bar.js]
            NAME module$foo$bar 1 [source_file: foo/bar.js]
                OBJECTLIT 1 [source_file: foo/bar.js]
                    STRING_KEY test 1 [source_file: foo/bar.js]
                        NUMBER 1.0 1 [source_file: foo/bar.js]
        EXPR_RESULT 1 [source_file: foo/bar.js]
            AND 1 [source_file: foo/bar.js]
                GETPROP 1 [source_file: foo/bar.js]
                    NAME module$foo$bar 1 [source_file: foo/bar.js]
                    STRING module$exports 1 [source_file: foo/bar.js]
                ASSIGN 1 [source_file: foo/bar.js]
                    NAME module$foo$bar 1 [source_file: foo/bar.js]
                    GETPROP 1 [source_file: foo/bar.js]
                        NAME module$foo$bar 1 [source_file: foo/bar.js]
                        STRING module$exports 1 [source_file: foo/bar.js]


Subtree1: SCRIPT 1 [synthetic: 1] [source_file: foo/bar.js] [input_id: InputId: foo/bar.js]
    VAR 1 [source_file: foo/bar.js]
        NAME module$foo$bar 1 [source_file: foo/bar.js]
            OBJECTLIT 1 [source_file: foo/bar.js]
                STRING_KEY test 1 [source_file: foo/bar.js]
                    NUMBER 1.0 1 [source_file: foo/bar.js]


Subtree2: SCRIPT 1 [synthetic: 1] [source_file: foo/bar.js] [input_id: InputId: foo/bar.js]
    VAR 1 [source_file: foo/bar.js]
        NAME module$foo$bar 1 [source_file: foo/bar.js]
            OBJECTLIT 1 [source_file: foo/bar.js]
                STRING_KEY test 1 [source_file: foo/bar.js]
                    NUMBER 1.0 1 [source_file: foo/bar.js]
    EXPR_RESULT 1 [source_file: foo/bar.js]
        AND 1 [source_file: foo/bar.js]
            GETPROP 1 [source_file: foo/bar.js]
                NAME module$foo$bar 1 [source_file: foo/bar.js]
                STRING module$exports 1 [source_file: foo/bar.js]
            ASSIGN 1 [source_file: foo/bar.js]
                NAME module$foo$bar 1 [source_file: foo/bar.js]
                GETPROP 1 [source_file: foo/bar.js]
                    NAME module$foo$bar 1 [source_file: foo/bar.js]
                    STRING module$exports 1 [source_file: foo/bar.js]

	at junit.framework.Assert.fail(Assert.java:47)
	at junit.framework.Assert.assertTrue(Assert.java:20)
	at junit.framework.Assert.assertNull(Assert.java:233)
	at com.google.javascript.jscomp.CommandLineRunnerTest.test(CommandLineRunnerTest.java:1109)
	at com.google.javascript.jscomp.CommandLineRunnerTest.test(CommandLineRunnerTest.java:1080)
	at com.google.javascript.jscomp.CommandLineRunnerTest.test(CommandLineRunnerTest.java:1072)
	at com.google.javascript.jscomp.CommandLineRunnerTest.testProcessCJS(CommandLineRunnerTest.java:1048)
	at sun.reflect.NativeMethodAccessorImpl.invoke0(Native Method)
	at sun.reflect.NativeMethodAccessorImpl.invoke(NativeMethodAccessorImpl.java:62)
	at sun.reflect.DelegatingMethodAccessorImpl.invoke(DelegatingMethodAccessorImpl.java:43)
	at java.lang.reflect.Method.invoke(Method.java:497)
	at junit.framework.TestCase.runTest(TestCase.java:168)
	at junit.framework.TestCase.runBare(TestCase.java:134)
	at junit.framework.TestResult$1.protect(TestResult.java:110)
	at junit.framework.TestResult.runProtected(TestResult.java:128)
	at junit.framework.TestResult.run(TestResult.java:113)
	at junit.framework.TestCase.run(TestCase.java:124)
	at junit.framework.TestSuite.runTest(TestSuite.java:243)
	at junit.framework.TestSuite.run(TestSuite.java:238)
	at org.junit.internal.runners.JUnit38ClassRunner.run(JUnit38ClassRunner.java:83)
	at org.junit.runner.JUnitCore.run(JUnitCore.java:157)
	at org.junit.runner.JUnitCore.run(JUnitCore.java:136)
	at fr.inria.lille.repair.MethodTestRunner.runTest(MethodTestRunner.java:44)
	at fr.inria.lille.repair.MethodTestRunner.access$0(MethodTestRunner.java:37)
	at fr.inria.lille.repair.MethodTestRunner$1.call(MethodTestRunner.java:20)
	at java.util.concurrent.FutureTask.run(FutureTask.java:266)
	at java.util.concurrent.ThreadPoolExecutor.runWorker(ThreadPoolExecutor.java:1142)
	at java.util.concurrent.ThreadPoolExecutor$Worker.run(ThreadPoolExecutor.java:617)
	at java.lang.Thread.run(Thread.java:745)

FAILURES!!!
Tests run: 1,  Failures: 1

