Picked up JAVA_TOOL_OPTIONS: -Dfile.encoding=UTF8 -Duser.language=en-US -Duser.country=US -Duser.language=en
com.google.javascript.jscomp.CheckAccessControlsTest#testConstantProperty14
.E
Time: 1.494
There was 1 failure:
1) testConstantProperty14(com.google.javascript.jscomp.CheckAccessControlsTest)
java.lang.RuntimeException: INTERNAL COMPILER ERROR.
Please report this problem.
null
  Node(ASSIGN): :1:50
[source unknown]
  Parent(EXPR_RESULT): :1:50
[source unknown]

	at com.google.javascript.jscomp.TypedScopeCreator$AbstractScopeBuilder.visit(TypedScopeCreator.java:523)
	at com.google.javascript.jscomp.TypedScopeCreator$LocalScopeBuilder.visit(TypedScopeCreator.java:1888)
	at com.google.javascript.jscomp.NodeTraversal.traverseBranch(NodeTraversal.java:504)
	at com.google.javascript.jscomp.NodeTraversal.traverseBranch(NodeTraversal.java:497)
	at com.google.javascript.jscomp.NodeTraversal.traverseBranch(NodeTraversal.java:497)
	at com.google.javascript.jscomp.NodeTraversal.traverseFunction(NodeTraversal.java:542)
	at com.google.javascript.jscomp.NodeTraversal.traverseBranch(NodeTraversal.java:489)
	at com.google.javascript.jscomp.NodeTraversal.traverse(NodeTraversal.java:277)
	at com.google.javascript.jscomp.NodeTraversal.traverse(NodeTraversal.java:455)
	at com.google.javascript.jscomp.TypedScopeCreator$LocalScopeBuilder.build(TypedScopeCreator.java:1859)
	at com.google.javascript.jscomp.TypedScopeCreator.createScope(TypedScopeCreator.java:213)
	at com.google.javascript.jscomp.MemoizedScopeCreator.createScope(MemoizedScopeCreator.java:82)
	at com.google.javascript.jscomp.NodeTraversal.getScope(NodeTraversal.java:603)
	at com.google.javascript.jscomp.TypeInferencePass$TypeInferringCallback.enterScope(TypeInferencePass.java:102)
	at com.google.javascript.jscomp.NodeTraversal.pushScope(NodeTraversal.java:567)
	at com.google.javascript.jscomp.NodeTraversal.traverseFunction(NodeTraversal.java:525)
	at com.google.javascript.jscomp.NodeTraversal.traverseBranch(NodeTraversal.java:489)
	at com.google.javascript.jscomp.NodeTraversal.traverseBranch(NodeTraversal.java:497)
	at com.google.javascript.jscomp.NodeTraversal.traverseBranch(NodeTraversal.java:497)
	at com.google.javascript.jscomp.NodeTraversal.traverseBranch(NodeTraversal.java:497)
	at com.google.javascript.jscomp.NodeTraversal.traverseWithScope(NodeTraversal.java:342)
	at com.google.javascript.jscomp.TypeInferencePass.inferTypes(TypeInferencePass.java:80)
	at com.google.javascript.jscomp.TypeInferencePass.process(TypeInferencePass.java:73)
	at com.google.javascript.jscomp.TypeCheck.processForTesting(TypeCheck.java:376)
	at com.google.javascript.jscomp.CompilerTestCase.test(CompilerTestCase.java:780)
	at com.google.javascript.jscomp.CompilerTestCase.test(CompilerTestCase.java:445)
	at com.google.javascript.jscomp.CompilerTestCase.test(CompilerTestCase.java:371)
	at com.google.javascript.jscomp.CompilerTestCase.test(CompilerTestCase.java:340)
	at com.google.javascript.jscomp.CheckAccessControlsTest.testConstantProperty14(CheckAccessControlsTest.java:789)
	at sun.reflect.NativeMethodAccessorImpl.invoke0(Native Method)
	at sun.reflect.NativeMethodAccessorImpl.invoke(NativeMethodAccessorImpl.java:62)
	at sun.reflect.DelegatingMethodAccessorImpl.invoke(DelegatingMethodAccessorImpl.java:43)
	at java.lang.reflect.Method.invoke(Method.java:497)
	at junit.framework.TestCase.runTest(TestCase.java:168)
	at junit.framework.TestCase.runBare(TestCase.java:134)
	at junit.framework.TestResult$1.protect(TestResult.java:110)
	at junit.framework.TestResult.runProtected(TestResult.java:128)
	at junit.framework.TestResult.run(TestResult.java:113)
	at junit.framework.TestCase.run(TestCase.java:124)
	at junit.framework.TestSuite.runTest(TestSuite.java:243)
	at junit.framework.TestSuite.run(TestSuite.java:238)
	at org.junit.internal.runners.JUnit38ClassRunner.run(JUnit38ClassRunner.java:83)
	at org.junit.runner.JUnitCore.run(JUnitCore.java:157)
	at org.junit.runner.JUnitCore.run(JUnitCore.java:136)
	at fr.inria.lille.repair.MethodTestRunner.runTest(MethodTestRunner.java:44)
	at fr.inria.lille.repair.MethodTestRunner.access$0(MethodTestRunner.java:37)
	at fr.inria.lille.repair.MethodTestRunner$1.call(MethodTestRunner.java:20)
	at java.util.concurrent.FutureTask.run(FutureTask.java:266)
	at java.util.concurrent.ThreadPoolExecutor.runWorker(ThreadPoolExecutor.java:1142)
	at java.util.concurrent.ThreadPoolExecutor$Worker.run(ThreadPoolExecutor.java:617)
	at java.lang.Thread.run(Thread.java:745)
Caused by: java.lang.NullPointerException
	... 51 more

FAILURES!!!
Tests run: 1,  Failures: 1

com.google.javascript.jscomp.CheckAccessControlsTest#testSuppressConstantProperty2
.E
Time: 1.001
There was 1 failure:
1) testSuppressConstantProperty2(com.google.javascript.jscomp.CheckAccessControlsTest)
java.lang.RuntimeException: INTERNAL COMPILER ERROR.
Please report this problem.
null
  Node(ASSIGN): :1:48
[source unknown]
  Parent(EXPR_RESULT): :1:48
[source unknown]

	at com.google.javascript.jscomp.TypedScopeCreator$AbstractScopeBuilder.visit(TypedScopeCreator.java:523)
	at com.google.javascript.jscomp.TypedScopeCreator$LocalScopeBuilder.visit(TypedScopeCreator.java:1888)
	at com.google.javascript.jscomp.NodeTraversal.traverseBranch(NodeTraversal.java:504)
	at com.google.javascript.jscomp.NodeTraversal.traverseBranch(NodeTraversal.java:497)
	at com.google.javascript.jscomp.NodeTraversal.traverseBranch(NodeTraversal.java:497)
	at com.google.javascript.jscomp.NodeTraversal.traverseFunction(NodeTraversal.java:542)
	at com.google.javascript.jscomp.NodeTraversal.traverseBranch(NodeTraversal.java:489)
	at com.google.javascript.jscomp.NodeTraversal.traverse(NodeTraversal.java:277)
	at com.google.javascript.jscomp.NodeTraversal.traverse(NodeTraversal.java:455)
	at com.google.javascript.jscomp.TypedScopeCreator$LocalScopeBuilder.build(TypedScopeCreator.java:1859)
	at com.google.javascript.jscomp.TypedScopeCreator.createScope(TypedScopeCreator.java:213)
	at com.google.javascript.jscomp.MemoizedScopeCreator.createScope(MemoizedScopeCreator.java:82)
	at com.google.javascript.jscomp.NodeTraversal.getScope(NodeTraversal.java:603)
	at com.google.javascript.jscomp.TypeInferencePass$TypeInferringCallback.enterScope(TypeInferencePass.java:102)
	at com.google.javascript.jscomp.NodeTraversal.pushScope(NodeTraversal.java:567)
	at com.google.javascript.jscomp.NodeTraversal.traverseFunction(NodeTraversal.java:525)
	at com.google.javascript.jscomp.NodeTraversal.traverseBranch(NodeTraversal.java:489)
	at com.google.javascript.jscomp.NodeTraversal.traverseBranch(NodeTraversal.java:497)
	at com.google.javascript.jscomp.NodeTraversal.traverseBranch(NodeTraversal.java:497)
	at com.google.javascript.jscomp.NodeTraversal.traverseBranch(NodeTraversal.java:497)
	at com.google.javascript.jscomp.NodeTraversal.traverseWithScope(NodeTraversal.java:342)
	at com.google.javascript.jscomp.TypeInferencePass.inferTypes(TypeInferencePass.java:80)
	at com.google.javascript.jscomp.TypeInferencePass.process(TypeInferencePass.java:73)
	at com.google.javascript.jscomp.TypeCheck.processForTesting(TypeCheck.java:376)
	at com.google.javascript.jscomp.CompilerTestCase.test(CompilerTestCase.java:780)
	at com.google.javascript.jscomp.CompilerTestCase.test(CompilerTestCase.java:445)
	at com.google.javascript.jscomp.CompilerTestCase.test(CompilerTestCase.java:371)
	at com.google.javascript.jscomp.CompilerTestCase.test(CompilerTestCase.java:340)
	at com.google.javascript.jscomp.CompilerTestCase.test(CompilerTestCase.java:328)
	at com.google.javascript.jscomp.CompilerTestCase.testSame(CompilerTestCase.java:560)
	at com.google.javascript.jscomp.CheckAccessControlsTest.testSuppressConstantProperty2(CheckAccessControlsTest.java:805)
	at sun.reflect.NativeMethodAccessorImpl.invoke0(Native Method)
	at sun.reflect.NativeMethodAccessorImpl.invoke(NativeMethodAccessorImpl.java:62)
	at sun.reflect.DelegatingMethodAccessorImpl.invoke(DelegatingMethodAccessorImpl.java:43)
	at java.lang.reflect.Method.invoke(Method.java:497)
	at junit.framework.TestCase.runTest(TestCase.java:168)
	at junit.framework.TestCase.runBare(TestCase.java:134)
	at junit.framework.TestResult$1.protect(TestResult.java:110)
	at junit.framework.TestResult.runProtected(TestResult.java:128)
	at junit.framework.TestResult.run(TestResult.java:113)
	at junit.framework.TestCase.run(TestCase.java:124)
	at junit.framework.TestSuite.runTest(TestSuite.java:243)
	at junit.framework.TestSuite.run(TestSuite.java:238)
	at org.junit.internal.runners.JUnit38ClassRunner.run(JUnit38ClassRunner.java:83)
	at org.junit.runner.JUnitCore.run(JUnitCore.java:157)
	at org.junit.runner.JUnitCore.run(JUnitCore.java:136)
	at fr.inria.lille.repair.MethodTestRunner.runTest(MethodTestRunner.java:44)
	at fr.inria.lille.repair.MethodTestRunner.access$0(MethodTestRunner.java:37)
	at fr.inria.lille.repair.MethodTestRunner$1.call(MethodTestRunner.java:20)
	at java.util.concurrent.FutureTask.run(FutureTask.java:266)
	at java.util.concurrent.ThreadPoolExecutor.runWorker(ThreadPoolExecutor.java:1142)
	at java.util.concurrent.ThreadPoolExecutor$Worker.run(ThreadPoolExecutor.java:617)
	at java.lang.Thread.run(Thread.java:745)
Caused by: java.lang.NullPointerException
	... 53 more

FAILURES!!!
Tests run: 1,  Failures: 1

com.google.javascript.jscomp.TypedScopeCreatorTest#testDeclaredConstType1
.E
Time: 0.534
There was 1 failure:
1) testDeclaredConstType1(com.google.javascript.jscomp.TypedScopeCreatorTest)
java.lang.IllegalStateException: Expected at least 1 children, but was 0 Reference node VAR 1 [jsdoc_info: JSDocInfo] [source_file: testcode]
	at com.google.javascript.jscomp.AstValidator$1.handleViolation(AstValidator.java:51)
	at com.google.javascript.jscomp.AstValidator.violation(AstValidator.java:762)
	at com.google.javascript.jscomp.AstValidator.validateMinimumChildCount(AstValidator.java:800)
	at com.google.javascript.jscomp.AstValidator.validateVar(AstValidator.java:390)
	at com.google.javascript.jscomp.AstValidator.validateStatement(AstValidator.java:122)
	at com.google.javascript.jscomp.AstValidator.validateScript(AstValidator.java:88)
	at com.google.javascript.jscomp.AstValidator.validateCodeRoot(AstValidator.java:79)
	at com.google.javascript.jscomp.AstValidator.validateRoot(AstValidator.java:72)
	at com.google.javascript.jscomp.CompilerTestCase.test(CompilerTestCase.java:797)
	at com.google.javascript.jscomp.CompilerTestCase.test(CompilerTestCase.java:445)
	at com.google.javascript.jscomp.CompilerTestCase.test(CompilerTestCase.java:371)
	at com.google.javascript.jscomp.CompilerTestCase.test(CompilerTestCase.java:340)
	at com.google.javascript.jscomp.CompilerTestCase.test(CompilerTestCase.java:328)
	at com.google.javascript.jscomp.CompilerTestCase.testSame(CompilerTestCase.java:560)
	at com.google.javascript.jscomp.TypedScopeCreatorTest.testDeclaredConstType1(TypedScopeCreatorTest.java:1373)
	at sun.reflect.NativeMethodAccessorImpl.invoke0(Native Method)
	at sun.reflect.NativeMethodAccessorImpl.invoke(NativeMethodAccessorImpl.java:62)
	at sun.reflect.DelegatingMethodAccessorImpl.invoke(DelegatingMethodAccessorImpl.java:43)
	at java.lang.reflect.Method.invoke(Method.java:497)
	at junit.framework.TestCase.runTest(TestCase.java:168)
	at junit.framework.TestCase.runBare(TestCase.java:134)
	at junit.framework.TestResult$1.protect(TestResult.java:110)
	at junit.framework.TestResult.runProtected(TestResult.java:128)
	at junit.framework.TestResult.run(TestResult.java:113)
	at junit.framework.TestCase.run(TestCase.java:124)
	at junit.framework.TestSuite.runTest(TestSuite.java:243)
	at junit.framework.TestSuite.run(TestSuite.java:238)
	at org.junit.internal.runners.JUnit38ClassRunner.run(JUnit38ClassRunner.java:83)
	at org.junit.runner.JUnitCore.run(JUnitCore.java:157)
	at org.junit.runner.JUnitCore.run(JUnitCore.java:136)
	at fr.inria.lille.repair.MethodTestRunner.runTest(MethodTestRunner.java:44)
	at fr.inria.lille.repair.MethodTestRunner.access$0(MethodTestRunner.java:37)
	at fr.inria.lille.repair.MethodTestRunner$1.call(MethodTestRunner.java:20)
	at java.util.concurrent.FutureTask.run(FutureTask.java:266)
	at java.util.concurrent.ThreadPoolExecutor.runWorker(ThreadPoolExecutor.java:1142)
	at java.util.concurrent.ThreadPoolExecutor$Worker.run(ThreadPoolExecutor.java:617)
	at java.lang.Thread.run(Thread.java:745)

FAILURES!!!
Tests run: 1,  Failures: 1

com.google.javascript.jscomp.CheckAccessControlsTest#testSuppressConstantProperty
.E
Time: 1.107
There was 1 failure:
1) testSuppressConstantProperty(com.google.javascript.jscomp.CheckAccessControlsTest)
java.lang.RuntimeException: INTERNAL COMPILER ERROR.
Please report this problem.
null
  Node(ASSIGN): :1:48
[source unknown]
  Parent(EXPR_RESULT): :1:48
[source unknown]

	at com.google.javascript.jscomp.TypedScopeCreator$AbstractScopeBuilder.visit(TypedScopeCreator.java:523)
	at com.google.javascript.jscomp.TypedScopeCreator$LocalScopeBuilder.visit(TypedScopeCreator.java:1888)
	at com.google.javascript.jscomp.NodeTraversal.traverseBranch(NodeTraversal.java:504)
	at com.google.javascript.jscomp.NodeTraversal.traverseBranch(NodeTraversal.java:497)
	at com.google.javascript.jscomp.NodeTraversal.traverseBranch(NodeTraversal.java:497)
	at com.google.javascript.jscomp.NodeTraversal.traverseFunction(NodeTraversal.java:542)
	at com.google.javascript.jscomp.NodeTraversal.traverseBranch(NodeTraversal.java:489)
	at com.google.javascript.jscomp.NodeTraversal.traverse(NodeTraversal.java:277)
	at com.google.javascript.jscomp.NodeTraversal.traverse(NodeTraversal.java:455)
	at com.google.javascript.jscomp.TypedScopeCreator$LocalScopeBuilder.build(TypedScopeCreator.java:1859)
	at com.google.javascript.jscomp.TypedScopeCreator.createScope(TypedScopeCreator.java:213)
	at com.google.javascript.jscomp.MemoizedScopeCreator.createScope(MemoizedScopeCreator.java:82)
	at com.google.javascript.jscomp.NodeTraversal.getScope(NodeTraversal.java:603)
	at com.google.javascript.jscomp.TypeInferencePass$TypeInferringCallback.enterScope(TypeInferencePass.java:102)
	at com.google.javascript.jscomp.NodeTraversal.pushScope(NodeTraversal.java:567)
	at com.google.javascript.jscomp.NodeTraversal.traverseFunction(NodeTraversal.java:525)
	at com.google.javascript.jscomp.NodeTraversal.traverseBranch(NodeTraversal.java:489)
	at com.google.javascript.jscomp.NodeTraversal.traverseBranch(NodeTraversal.java:497)
	at com.google.javascript.jscomp.NodeTraversal.traverseBranch(NodeTraversal.java:497)
	at com.google.javascript.jscomp.NodeTraversal.traverseBranch(NodeTraversal.java:497)
	at com.google.javascript.jscomp.NodeTraversal.traverseWithScope(NodeTraversal.java:342)
	at com.google.javascript.jscomp.TypeInferencePass.inferTypes(TypeInferencePass.java:80)
	at com.google.javascript.jscomp.TypeInferencePass.process(TypeInferencePass.java:73)
	at com.google.javascript.jscomp.TypeCheck.processForTesting(TypeCheck.java:376)
	at com.google.javascript.jscomp.CompilerTestCase.test(CompilerTestCase.java:780)
	at com.google.javascript.jscomp.CompilerTestCase.test(CompilerTestCase.java:445)
	at com.google.javascript.jscomp.CompilerTestCase.test(CompilerTestCase.java:371)
	at com.google.javascript.jscomp.CompilerTestCase.test(CompilerTestCase.java:340)
	at com.google.javascript.jscomp.CompilerTestCase.test(CompilerTestCase.java:328)
	at com.google.javascript.jscomp.CompilerTestCase.testSame(CompilerTestCase.java:560)
	at com.google.javascript.jscomp.CheckAccessControlsTest.testSuppressConstantProperty(CheckAccessControlsTest.java:795)
	at sun.reflect.NativeMethodAccessorImpl.invoke0(Native Method)
	at sun.reflect.NativeMethodAccessorImpl.invoke(NativeMethodAccessorImpl.java:62)
	at sun.reflect.DelegatingMethodAccessorImpl.invoke(DelegatingMethodAccessorImpl.java:43)
	at java.lang.reflect.Method.invoke(Method.java:497)
	at junit.framework.TestCase.runTest(TestCase.java:168)
	at junit.framework.TestCase.runBare(TestCase.java:134)
	at junit.framework.TestResult$1.protect(TestResult.java:110)
	at junit.framework.TestResult.runProtected(TestResult.java:128)
	at junit.framework.TestResult.run(TestResult.java:113)
	at junit.framework.TestCase.run(TestCase.java:124)
	at junit.framework.TestSuite.runTest(TestSuite.java:243)
	at junit.framework.TestSuite.run(TestSuite.java:238)
	at org.junit.internal.runners.JUnit38ClassRunner.run(JUnit38ClassRunner.java:83)
	at org.junit.runner.JUnitCore.run(JUnitCore.java:157)
	at org.junit.runner.JUnitCore.run(JUnitCore.java:136)
	at fr.inria.lille.repair.MethodTestRunner.runTest(MethodTestRunner.java:44)
	at fr.inria.lille.repair.MethodTestRunner.access$0(MethodTestRunner.java:37)
	at fr.inria.lille.repair.MethodTestRunner$1.call(MethodTestRunner.java:20)
	at java.util.concurrent.FutureTask.run(FutureTask.java:266)
	at java.util.concurrent.ThreadPoolExecutor.runWorker(ThreadPoolExecutor.java:1142)
	at java.util.concurrent.ThreadPoolExecutor$Worker.run(ThreadPoolExecutor.java:617)
	at java.lang.Thread.run(Thread.java:745)
Caused by: java.lang.NullPointerException
	... 53 more

FAILURES!!!
Tests run: 1,  Failures: 1

com.google.javascript.jscomp.TypedScopeCreatorTest#testDeclaredConstType2
.E
Time: 0.525
There was 1 failure:
1) testDeclaredConstType2(com.google.javascript.jscomp.TypedScopeCreatorTest)
java.lang.IllegalStateException: Expected at least 1 children, but was 0 Reference node VAR 1 [jsdoc_info: JSDocInfo] [source_file: testcode]
	at com.google.javascript.jscomp.AstValidator$1.handleViolation(AstValidator.java:51)
	at com.google.javascript.jscomp.AstValidator.violation(AstValidator.java:762)
	at com.google.javascript.jscomp.AstValidator.validateMinimumChildCount(AstValidator.java:800)
	at com.google.javascript.jscomp.AstValidator.validateVar(AstValidator.java:390)
	at com.google.javascript.jscomp.AstValidator.validateStatement(AstValidator.java:122)
	at com.google.javascript.jscomp.AstValidator.validateScript(AstValidator.java:88)
	at com.google.javascript.jscomp.AstValidator.validateCodeRoot(AstValidator.java:79)
	at com.google.javascript.jscomp.AstValidator.validateRoot(AstValidator.java:72)
	at com.google.javascript.jscomp.CompilerTestCase.test(CompilerTestCase.java:797)
	at com.google.javascript.jscomp.CompilerTestCase.test(CompilerTestCase.java:445)
	at com.google.javascript.jscomp.CompilerTestCase.test(CompilerTestCase.java:371)
	at com.google.javascript.jscomp.CompilerTestCase.test(CompilerTestCase.java:340)
	at com.google.javascript.jscomp.CompilerTestCase.test(CompilerTestCase.java:328)
	at com.google.javascript.jscomp.CompilerTestCase.testSame(CompilerTestCase.java:560)
	at com.google.javascript.jscomp.TypedScopeCreatorTest.testDeclaredConstType2(TypedScopeCreatorTest.java:1381)
	at sun.reflect.NativeMethodAccessorImpl.invoke0(Native Method)
	at sun.reflect.NativeMethodAccessorImpl.invoke(NativeMethodAccessorImpl.java:62)
	at sun.reflect.DelegatingMethodAccessorImpl.invoke(DelegatingMethodAccessorImpl.java:43)
	at java.lang.reflect.Method.invoke(Method.java:497)
	at junit.framework.TestCase.runTest(TestCase.java:168)
	at junit.framework.TestCase.runBare(TestCase.java:134)
	at junit.framework.TestResult$1.protect(TestResult.java:110)
	at junit.framework.TestResult.runProtected(TestResult.java:128)
	at junit.framework.TestResult.run(TestResult.java:113)
	at junit.framework.TestCase.run(TestCase.java:124)
	at junit.framework.TestSuite.runTest(TestSuite.java:243)
	at junit.framework.TestSuite.run(TestSuite.java:238)
	at org.junit.internal.runners.JUnit38ClassRunner.run(JUnit38ClassRunner.java:83)
	at org.junit.runner.JUnitCore.run(JUnitCore.java:157)
	at org.junit.runner.JUnitCore.run(JUnitCore.java:136)
	at fr.inria.lille.repair.MethodTestRunner.runTest(MethodTestRunner.java:44)
	at fr.inria.lille.repair.MethodTestRunner.access$0(MethodTestRunner.java:37)
	at fr.inria.lille.repair.MethodTestRunner$1.call(MethodTestRunner.java:20)
	at java.util.concurrent.FutureTask.run(FutureTask.java:266)
	at java.util.concurrent.ThreadPoolExecutor.runWorker(ThreadPoolExecutor.java:1142)
	at java.util.concurrent.ThreadPoolExecutor$Worker.run(ThreadPoolExecutor.java:617)
	at java.lang.Thread.run(Thread.java:745)

FAILURES!!!
Tests run: 1,  Failures: 1

com.google.javascript.jscomp.CheckAccessControlsTest#testConstantProperty9
.E
Time: 0.45
There was 1 failure:
1) testConstantProperty9(com.google.javascript.jscomp.CheckAccessControlsTest)
java.lang.RuntimeException: INTERNAL COMPILER ERROR.
Please report this problem.
null
  Node(ASSIGN): :1:48
[source unknown]
  Parent(EXPR_RESULT): :1:48
[source unknown]

	at com.google.javascript.jscomp.TypedScopeCreator$AbstractScopeBuilder.visit(TypedScopeCreator.java:523)
	at com.google.javascript.jscomp.TypedScopeCreator$LocalScopeBuilder.visit(TypedScopeCreator.java:1888)
	at com.google.javascript.jscomp.NodeTraversal.traverseBranch(NodeTraversal.java:504)
	at com.google.javascript.jscomp.NodeTraversal.traverseBranch(NodeTraversal.java:497)
	at com.google.javascript.jscomp.NodeTraversal.traverseBranch(NodeTraversal.java:497)
	at com.google.javascript.jscomp.NodeTraversal.traverseFunction(NodeTraversal.java:542)
	at com.google.javascript.jscomp.NodeTraversal.traverseBranch(NodeTraversal.java:489)
	at com.google.javascript.jscomp.NodeTraversal.traverse(NodeTraversal.java:277)
	at com.google.javascript.jscomp.NodeTraversal.traverse(NodeTraversal.java:455)
	at com.google.javascript.jscomp.TypedScopeCreator$LocalScopeBuilder.build(TypedScopeCreator.java:1859)
	at com.google.javascript.jscomp.TypedScopeCreator.createScope(TypedScopeCreator.java:213)
	at com.google.javascript.jscomp.MemoizedScopeCreator.createScope(MemoizedScopeCreator.java:82)
	at com.google.javascript.jscomp.NodeTraversal.getScope(NodeTraversal.java:603)
	at com.google.javascript.jscomp.TypeInferencePass$TypeInferringCallback.enterScope(TypeInferencePass.java:102)
	at com.google.javascript.jscomp.NodeTraversal.pushScope(NodeTraversal.java:567)
	at com.google.javascript.jscomp.NodeTraversal.traverseFunction(NodeTraversal.java:525)
	at com.google.javascript.jscomp.NodeTraversal.traverseBranch(NodeTraversal.java:489)
	at com.google.javascript.jscomp.NodeTraversal.traverseBranch(NodeTraversal.java:497)
	at com.google.javascript.jscomp.NodeTraversal.traverseBranch(NodeTraversal.java:497)
	at com.google.javascript.jscomp.NodeTraversal.traverseBranch(NodeTraversal.java:497)
	at com.google.javascript.jscomp.NodeTraversal.traverseWithScope(NodeTraversal.java:342)
	at com.google.javascript.jscomp.TypeInferencePass.inferTypes(TypeInferencePass.java:80)
	at com.google.javascript.jscomp.TypeInferencePass.process(TypeInferencePass.java:73)
	at com.google.javascript.jscomp.TypeCheck.processForTesting(TypeCheck.java:376)
	at com.google.javascript.jscomp.CompilerTestCase.test(CompilerTestCase.java:780)
	at com.google.javascript.jscomp.CompilerTestCase.test(CompilerTestCase.java:445)
	at com.google.javascript.jscomp.CompilerTestCase.test(CompilerTestCase.java:371)
	at com.google.javascript.jscomp.CompilerTestCase.test(CompilerTestCase.java:340)
	at com.google.javascript.jscomp.CompilerTestCase.test(CompilerTestCase.java:328)
	at com.google.javascript.jscomp.CompilerTestCase.testSame(CompilerTestCase.java:560)
	at com.google.javascript.jscomp.CheckAccessControlsTest.testConstantProperty9(CheckAccessControlsTest.java:740)
	at sun.reflect.NativeMethodAccessorImpl.invoke0(Native Method)
	at sun.reflect.NativeMethodAccessorImpl.invoke(NativeMethodAccessorImpl.java:62)
	at sun.reflect.DelegatingMethodAccessorImpl.invoke(DelegatingMethodAccessorImpl.java:43)
	at java.lang.reflect.Method.invoke(Method.java:497)
	at junit.framework.TestCase.runTest(TestCase.java:168)
	at junit.framework.TestCase.runBare(TestCase.java:134)
	at junit.framework.TestResult$1.protect(TestResult.java:110)
	at junit.framework.TestResult.runProtected(TestResult.java:128)
	at junit.framework.TestResult.run(TestResult.java:113)
	at junit.framework.TestCase.run(TestCase.java:124)
	at junit.framework.TestSuite.runTest(TestSuite.java:243)
	at junit.framework.TestSuite.run(TestSuite.java:238)
	at org.junit.internal.runners.JUnit38ClassRunner.run(JUnit38ClassRunner.java:83)
	at org.junit.runner.JUnitCore.run(JUnitCore.java:157)
	at org.junit.runner.JUnitCore.run(JUnitCore.java:136)
	at fr.inria.lille.repair.MethodTestRunner.runTest(MethodTestRunner.java:44)
	at fr.inria.lille.repair.MethodTestRunner.access$0(MethodTestRunner.java:37)
	at fr.inria.lille.repair.MethodTestRunner$1.call(MethodTestRunner.java:20)
	at java.util.concurrent.FutureTask.run(FutureTask.java:266)
	at java.util.concurrent.ThreadPoolExecutor.runWorker(ThreadPoolExecutor.java:1142)
	at java.util.concurrent.ThreadPoolExecutor$Worker.run(ThreadPoolExecutor.java:617)
	at java.lang.Thread.run(Thread.java:745)
Caused by: java.lang.NullPointerException
	... 53 more

FAILURES!!!
Tests run: 1,  Failures: 1

com.google.javascript.jscomp.TypeCheckTest#testIssue688
.E
Time: 0.494
There was 1 failure:
1) testIssue688(com.google.javascript.jscomp.TypeCheckTest)
junit.framework.ComparisonFailure: null expected:<...turn type
found   : [(TwoNumbers|null)]
required: number> but was:<...turn type
found   : [{}]
required: number>
	at junit.framework.Assert.assertEquals(Assert.java:81)
	at junit.framework.Assert.assertEquals(Assert.java:87)
	at com.google.javascript.jscomp.TypeCheckTest.testTypes(TypeCheckTest.java:10224)
	at com.google.javascript.jscomp.TypeCheckTest.testTypes(TypeCheckTest.java:10203)
	at com.google.javascript.jscomp.TypeCheckTest.testTypes(TypeCheckTest.java:10141)
	at com.google.javascript.jscomp.TypeCheckTest.testIssue688(TypeCheckTest.java:5906)
	at sun.reflect.NativeMethodAccessorImpl.invoke0(Native Method)
	at sun.reflect.NativeMethodAccessorImpl.invoke(NativeMethodAccessorImpl.java:62)
	at sun.reflect.DelegatingMethodAccessorImpl.invoke(DelegatingMethodAccessorImpl.java:43)
	at java.lang.reflect.Method.invoke(Method.java:497)
	at junit.framework.TestCase.runTest(TestCase.java:168)
	at junit.framework.TestCase.runBare(TestCase.java:134)
	at junit.framework.TestResult$1.protect(TestResult.java:110)
	at junit.framework.TestResult.runProtected(TestResult.java:128)
	at junit.framework.TestResult.run(TestResult.java:113)
	at junit.framework.TestCase.run(TestCase.java:124)
	at junit.framework.TestSuite.runTest(TestSuite.java:243)
	at junit.framework.TestSuite.run(TestSuite.java:238)
	at org.junit.internal.runners.JUnit38ClassRunner.run(JUnit38ClassRunner.java:83)
	at org.junit.runner.JUnitCore.run(JUnitCore.java:157)
	at org.junit.runner.JUnitCore.run(JUnitCore.java:136)
	at fr.inria.lille.repair.MethodTestRunner.runTest(MethodTestRunner.java:44)
	at fr.inria.lille.repair.MethodTestRunner.access$0(MethodTestRunner.java:37)
	at fr.inria.lille.repair.MethodTestRunner$1.call(MethodTestRunner.java:20)
	at java.util.concurrent.FutureTask.run(FutureTask.java:266)
	at java.util.concurrent.ThreadPoolExecutor.runWorker(ThreadPoolExecutor.java:1142)
	at java.util.concurrent.ThreadPoolExecutor$Worker.run(ThreadPoolExecutor.java:617)
	at java.lang.Thread.run(Thread.java:745)

FAILURES!!!
Tests run: 1,  Failures: 1

com.google.javascript.jscomp.CheckAccessControlsTest#testConstantProperty1
.E
Time: 0.915
There was 1 failure:
1) testConstantProperty1(com.google.javascript.jscomp.CheckAccessControlsTest)
java.lang.RuntimeException: INTERNAL COMPILER ERROR.
Please report this problem.
null
  Node(ASSIGN): :1:48
[source unknown]
  Parent(EXPR_RESULT): :1:48
[source unknown]

	at com.google.javascript.jscomp.TypedScopeCreator$AbstractScopeBuilder.visit(TypedScopeCreator.java:523)
	at com.google.javascript.jscomp.TypedScopeCreator$LocalScopeBuilder.visit(TypedScopeCreator.java:1888)
	at com.google.javascript.jscomp.NodeTraversal.traverseBranch(NodeTraversal.java:504)
	at com.google.javascript.jscomp.NodeTraversal.traverseBranch(NodeTraversal.java:497)
	at com.google.javascript.jscomp.NodeTraversal.traverseBranch(NodeTraversal.java:497)
	at com.google.javascript.jscomp.NodeTraversal.traverseFunction(NodeTraversal.java:542)
	at com.google.javascript.jscomp.NodeTraversal.traverseBranch(NodeTraversal.java:489)
	at com.google.javascript.jscomp.NodeTraversal.traverse(NodeTraversal.java:277)
	at com.google.javascript.jscomp.NodeTraversal.traverse(NodeTraversal.java:455)
	at com.google.javascript.jscomp.TypedScopeCreator$LocalScopeBuilder.build(TypedScopeCreator.java:1859)
	at com.google.javascript.jscomp.TypedScopeCreator.createScope(TypedScopeCreator.java:213)
	at com.google.javascript.jscomp.MemoizedScopeCreator.createScope(MemoizedScopeCreator.java:82)
	at com.google.javascript.jscomp.NodeTraversal.getScope(NodeTraversal.java:603)
	at com.google.javascript.jscomp.TypeInferencePass$TypeInferringCallback.enterScope(TypeInferencePass.java:102)
	at com.google.javascript.jscomp.NodeTraversal.pushScope(NodeTraversal.java:567)
	at com.google.javascript.jscomp.NodeTraversal.traverseFunction(NodeTraversal.java:525)
	at com.google.javascript.jscomp.NodeTraversal.traverseBranch(NodeTraversal.java:489)
	at com.google.javascript.jscomp.NodeTraversal.traverseBranch(NodeTraversal.java:497)
	at com.google.javascript.jscomp.NodeTraversal.traverseBranch(NodeTraversal.java:497)
	at com.google.javascript.jscomp.NodeTraversal.traverseBranch(NodeTraversal.java:497)
	at com.google.javascript.jscomp.NodeTraversal.traverseWithScope(NodeTraversal.java:342)
	at com.google.javascript.jscomp.TypeInferencePass.inferTypes(TypeInferencePass.java:80)
	at com.google.javascript.jscomp.TypeInferencePass.process(TypeInferencePass.java:73)
	at com.google.javascript.jscomp.TypeCheck.processForTesting(TypeCheck.java:376)
	at com.google.javascript.jscomp.CompilerTestCase.test(CompilerTestCase.java:780)
	at com.google.javascript.jscomp.CompilerTestCase.test(CompilerTestCase.java:445)
	at com.google.javascript.jscomp.CompilerTestCase.test(CompilerTestCase.java:371)
	at com.google.javascript.jscomp.CompilerTestCase.test(CompilerTestCase.java:340)
	at com.google.javascript.jscomp.CheckAccessControlsTest.testConstantProperty1(CheckAccessControlsTest.java:685)
	at sun.reflect.NativeMethodAccessorImpl.invoke0(Native Method)
	at sun.reflect.NativeMethodAccessorImpl.invoke(NativeMethodAccessorImpl.java:62)
	at sun.reflect.DelegatingMethodAccessorImpl.invoke(DelegatingMethodAccessorImpl.java:43)
	at java.lang.reflect.Method.invoke(Method.java:497)
	at junit.framework.TestCase.runTest(TestCase.java:168)
	at junit.framework.TestCase.runBare(TestCase.java:134)
	at junit.framework.TestResult$1.protect(TestResult.java:110)
	at junit.framework.TestResult.runProtected(TestResult.java:128)
	at junit.framework.TestResult.run(TestResult.java:113)
	at junit.framework.TestCase.run(TestCase.java:124)
	at junit.framework.TestSuite.runTest(TestSuite.java:243)
	at junit.framework.TestSuite.run(TestSuite.java:238)
	at org.junit.internal.runners.JUnit38ClassRunner.run(JUnit38ClassRunner.java:83)
	at org.junit.runner.JUnitCore.run(JUnitCore.java:157)
	at org.junit.runner.JUnitCore.run(JUnitCore.java:136)
	at fr.inria.lille.repair.MethodTestRunner.runTest(MethodTestRunner.java:44)
	at fr.inria.lille.repair.MethodTestRunner.access$0(MethodTestRunner.java:37)
	at fr.inria.lille.repair.MethodTestRunner$1.call(MethodTestRunner.java:20)
	at java.util.concurrent.FutureTask.run(FutureTask.java:266)
	at java.util.concurrent.ThreadPoolExecutor.runWorker(ThreadPoolExecutor.java:1142)
	at java.util.concurrent.ThreadPoolExecutor$Worker.run(ThreadPoolExecutor.java:617)
	at java.lang.Thread.run(Thread.java:745)
Caused by: java.lang.NullPointerException
	... 51 more

FAILURES!!!
Tests run: 1,  Failures: 1

com.google.javascript.jscomp.TypedScopeCreatorTest#testDeclaredConstType5
.E
Time: 1.151
There was 1 failure:
1) testDeclaredConstType5(com.google.javascript.jscomp.TypedScopeCreatorTest)
java.lang.IllegalStateException: Expected at least 1 children, but was 0 Reference node VAR 1 [jsdoc_info: JSDocInfo] [source_file: testcode]
	at com.google.javascript.jscomp.AstValidator$1.handleViolation(AstValidator.java:51)
	at com.google.javascript.jscomp.AstValidator.violation(AstValidator.java:762)
	at com.google.javascript.jscomp.AstValidator.validateMinimumChildCount(AstValidator.java:800)
	at com.google.javascript.jscomp.AstValidator.validateVar(AstValidator.java:390)
	at com.google.javascript.jscomp.AstValidator.validateStatement(AstValidator.java:122)
	at com.google.javascript.jscomp.AstValidator.validateScript(AstValidator.java:88)
	at com.google.javascript.jscomp.AstValidator.validateCodeRoot(AstValidator.java:79)
	at com.google.javascript.jscomp.AstValidator.validateRoot(AstValidator.java:72)
	at com.google.javascript.jscomp.CompilerTestCase.test(CompilerTestCase.java:797)
	at com.google.javascript.jscomp.CompilerTestCase.test(CompilerTestCase.java:445)
	at com.google.javascript.jscomp.CompilerTestCase.test(CompilerTestCase.java:371)
	at com.google.javascript.jscomp.CompilerTestCase.test(CompilerTestCase.java:340)
	at com.google.javascript.jscomp.CompilerTestCase.test(CompilerTestCase.java:328)
	at com.google.javascript.jscomp.CompilerTestCase.testSame(CompilerTestCase.java:560)
	at com.google.javascript.jscomp.TypedScopeCreatorTest.testDeclaredConstType5(TypedScopeCreatorTest.java:1411)
	at sun.reflect.NativeMethodAccessorImpl.invoke0(Native Method)
	at sun.reflect.NativeMethodAccessorImpl.invoke(NativeMethodAccessorImpl.java:62)
	at sun.reflect.DelegatingMethodAccessorImpl.invoke(DelegatingMethodAccessorImpl.java:43)
	at java.lang.reflect.Method.invoke(Method.java:497)
	at junit.framework.TestCase.runTest(TestCase.java:168)
	at junit.framework.TestCase.runBare(TestCase.java:134)
	at junit.framework.TestResult$1.protect(TestResult.java:110)
	at junit.framework.TestResult.runProtected(TestResult.java:128)
	at junit.framework.TestResult.run(TestResult.java:113)
	at junit.framework.TestCase.run(TestCase.java:124)
	at junit.framework.TestSuite.runTest(TestSuite.java:243)
	at junit.framework.TestSuite.run(TestSuite.java:238)
	at org.junit.internal.runners.JUnit38ClassRunner.run(JUnit38ClassRunner.java:83)
	at org.junit.runner.JUnitCore.run(JUnitCore.java:157)
	at org.junit.runner.JUnitCore.run(JUnitCore.java:136)
	at fr.inria.lille.repair.MethodTestRunner.runTest(MethodTestRunner.java:44)
	at fr.inria.lille.repair.MethodTestRunner.access$0(MethodTestRunner.java:37)
	at fr.inria.lille.repair.MethodTestRunner$1.call(MethodTestRunner.java:20)
	at java.util.concurrent.FutureTask.run(FutureTask.java:266)
	at java.util.concurrent.ThreadPoolExecutor.runWorker(ThreadPoolExecutor.java:1142)
	at java.util.concurrent.ThreadPoolExecutor$Worker.run(ThreadPoolExecutor.java:617)
	at java.lang.Thread.run(Thread.java:745)

FAILURES!!!
Tests run: 1,  Failures: 1

com.google.javascript.jscomp.TypeCheckTest#testUndeclaredGlobalProperty2
.
Time: 0.585

OK (1 test)

