Picked up JAVA_TOOL_OPTIONS: -Dfile.encoding=UTF8 -Duser.language=en-US -Duser.country=US -Duser.language=en
com.google.javascript.jscomp.parsing.JsDocInfoParserTest#testSingleTagsReordered
.E
Time: 2.982
There was 1 failure:
1) testSingleTagsReordered(com.google.javascript.jscomp.parsing.JsDocInfoParserTest)
junit.framework.AssertionFailedError: extra warning: Unexpected end of file
	at junit.framework.Assert.fail(Assert.java:50)
	at com.google.javascript.jscomp.testing.TestErrorReporter.warning(TestErrorReporter.java:64)
	at com.google.javascript.jscomp.parsing.JsDocInfoParser$ErrorReporterParser.addParserWarning(JsDocInfoParser.java:69)
	at com.google.javascript.jscomp.parsing.JsDocInfoParser.parse(JsDocInfoParser.java:1008)
	at com.google.javascript.jscomp.parsing.JsDocInfoParserTest.parse(JsDocInfoParserTest.java:2984)
	at com.google.javascript.jscomp.parsing.JsDocInfoParserTest.parse(JsDocInfoParserTest.java:2961)
	at com.google.javascript.jscomp.parsing.JsDocInfoParserTest.testSingleTagsReordered(JsDocInfoParserTest.java:2224)
	at sun.reflect.NativeMethodAccessorImpl.invoke0(Native Method)
	at sun.reflect.NativeMethodAccessorImpl.invoke(NativeMethodAccessorImpl.java:62)
	at sun.reflect.DelegatingMethodAccessorImpl.invoke(DelegatingMethodAccessorImpl.java:43)
	at java.lang.reflect.Method.invoke(Method.java:497)
	at junit.framework.TestCase.runTest(TestCase.java:168)
	at junit.framework.TestCase.runBare(TestCase.java:134)
	at junit.framework.TestResult$1.protect(TestResult.java:110)
	at junit.framework.TestResult.runProtected(TestResult.java:128)
	at junit.framework.TestResult.run(TestResult.java:113)
	at junit.framework.TestCase.run(TestCase.java:124)
	at junit.framework.TestSuite.runTest(TestSuite.java:243)
	at junit.framework.TestSuite.run(TestSuite.java:238)
	at org.junit.internal.runners.JUnit38ClassRunner.run(JUnit38ClassRunner.java:83)
	at org.junit.runner.JUnitCore.run(JUnitCore.java:157)
	at org.junit.runner.JUnitCore.run(JUnitCore.java:136)
	at fr.inria.lille.repair.MethodTestRunner.runTest(MethodTestRunner.java:44)
	at fr.inria.lille.repair.MethodTestRunner.access$0(MethodTestRunner.java:37)
	at fr.inria.lille.repair.MethodTestRunner$1.call(MethodTestRunner.java:20)
	at java.util.concurrent.FutureTask.run(FutureTask.java:266)
	at java.util.concurrent.ThreadPoolExecutor.runWorker(ThreadPoolExecutor.java:1142)
	at java.util.concurrent.ThreadPoolExecutor$Worker.run(ThreadPoolExecutor.java:617)
	at java.lang.Thread.run(Thread.java:745)

FAILURES!!!
Tests run: 1,  Failures: 1

com.google.javascript.jscomp.parsing.JsDocInfoParserTest#testParseWithMarkers5
.E
Time: 1.216
There was 1 failure:
1) testParseWithMarkers5(com.google.javascript.jscomp.parsing.JsDocInfoParserTest)
java.lang.NullPointerException
	at com.google.javascript.jscomp.parsing.JsDocInfoParserTest.assertAnnotationMarker(JsDocInfoParserTest.java:2879)
	at com.google.javascript.jscomp.parsing.JsDocInfoParserTest.assertAnnotationMarker(JsDocInfoParserTest.java:2857)
	at com.google.javascript.jscomp.parsing.JsDocInfoParserTest.testParseWithMarkers5(JsDocInfoParserTest.java:2343)
	at sun.reflect.NativeMethodAccessorImpl.invoke0(Native Method)
	at sun.reflect.NativeMethodAccessorImpl.invoke(NativeMethodAccessorImpl.java:62)
	at sun.reflect.DelegatingMethodAccessorImpl.invoke(DelegatingMethodAccessorImpl.java:43)
	at java.lang.reflect.Method.invoke(Method.java:497)
	at junit.framework.TestCase.runTest(TestCase.java:168)
	at junit.framework.TestCase.runBare(TestCase.java:134)
	at junit.framework.TestResult$1.protect(TestResult.java:110)
	at junit.framework.TestResult.runProtected(TestResult.java:128)
	at junit.framework.TestResult.run(TestResult.java:113)
	at junit.framework.TestCase.run(TestCase.java:124)
	at junit.framework.TestSuite.runTest(TestSuite.java:243)
	at junit.framework.TestSuite.run(TestSuite.java:238)
	at org.junit.internal.runners.JUnit38ClassRunner.run(JUnit38ClassRunner.java:83)
	at org.junit.runner.JUnitCore.run(JUnitCore.java:157)
	at org.junit.runner.JUnitCore.run(JUnitCore.java:136)
	at fr.inria.lille.repair.MethodTestRunner.runTest(MethodTestRunner.java:44)
	at fr.inria.lille.repair.MethodTestRunner.access$0(MethodTestRunner.java:37)
	at fr.inria.lille.repair.MethodTestRunner$1.call(MethodTestRunner.java:20)
	at java.util.concurrent.FutureTask.run(FutureTask.java:266)
	at java.util.concurrent.ThreadPoolExecutor.runWorker(ThreadPoolExecutor.java:1142)
	at java.util.concurrent.ThreadPoolExecutor$Worker.run(ThreadPoolExecutor.java:617)
	at java.lang.Thread.run(Thread.java:745)

FAILURES!!!
Tests run: 1,  Failures: 1

com.google.javascript.jscomp.parsing.JsDocInfoParserTest#testParseWithMarkers3
.E
Time: 1.367
There was 1 failure:
1) testParseWithMarkers3(com.google.javascript.jscomp.parsing.JsDocInfoParserTest)
junit.framework.AssertionFailedError: extra warning: Unexpected end of file
	at junit.framework.Assert.fail(Assert.java:50)
	at com.google.javascript.jscomp.testing.TestErrorReporter.warning(TestErrorReporter.java:64)
	at com.google.javascript.jscomp.parsing.JsDocInfoParser$ErrorReporterParser.addParserWarning(JsDocInfoParser.java:69)
	at com.google.javascript.jscomp.parsing.JsDocInfoParser.parse(JsDocInfoParser.java:1008)
	at com.google.javascript.jscomp.parsing.JsDocInfoParserTest.parse(JsDocInfoParserTest.java:2984)
	at com.google.javascript.jscomp.parsing.JsDocInfoParserTest.parse(JsDocInfoParserTest.java:2961)
	at com.google.javascript.jscomp.parsing.JsDocInfoParserTest.testParseWithMarkers3(JsDocInfoParserTest.java:2317)
	at sun.reflect.NativeMethodAccessorImpl.invoke0(Native Method)
	at sun.reflect.NativeMethodAccessorImpl.invoke(NativeMethodAccessorImpl.java:62)
	at sun.reflect.DelegatingMethodAccessorImpl.invoke(DelegatingMethodAccessorImpl.java:43)
	at java.lang.reflect.Method.invoke(Method.java:497)
	at junit.framework.TestCase.runTest(TestCase.java:168)
	at junit.framework.TestCase.runBare(TestCase.java:134)
	at junit.framework.TestResult$1.protect(TestResult.java:110)
	at junit.framework.TestResult.runProtected(TestResult.java:128)
	at junit.framework.TestResult.run(TestResult.java:113)
	at junit.framework.TestCase.run(TestCase.java:124)
	at junit.framework.TestSuite.runTest(TestSuite.java:243)
	at junit.framework.TestSuite.run(TestSuite.java:238)
	at org.junit.internal.runners.JUnit38ClassRunner.run(JUnit38ClassRunner.java:83)
	at org.junit.runner.JUnitCore.run(JUnitCore.java:157)
	at org.junit.runner.JUnitCore.run(JUnitCore.java:136)
	at fr.inria.lille.repair.MethodTestRunner.runTest(MethodTestRunner.java:44)
	at fr.inria.lille.repair.MethodTestRunner.access$0(MethodTestRunner.java:37)
	at fr.inria.lille.repair.MethodTestRunner$1.call(MethodTestRunner.java:20)
	at java.util.concurrent.FutureTask.run(FutureTask.java:266)
	at java.util.concurrent.ThreadPoolExecutor.runWorker(ThreadPoolExecutor.java:1142)
	at java.util.concurrent.ThreadPoolExecutor$Worker.run(ThreadPoolExecutor.java:617)
	at java.lang.Thread.run(Thread.java:745)

FAILURES!!!
Tests run: 1,  Failures: 1

com.google.javascript.jscomp.parsing.JsDocInfoParserTest#testTextExtents
.E
Time: 1.224
There was 1 failure:
1) testTextExtents(com.google.javascript.jscomp.parsing.JsDocInfoParserTest)
junit.framework.AssertionFailedError: extra warning: Unexpected end of file
	at junit.framework.Assert.fail(Assert.java:50)
	at com.google.javascript.jscomp.testing.TestErrorReporter.warning(TestErrorReporter.java:64)
	at com.google.javascript.jscomp.parsing.JsDocInfoParser$ErrorReporterParser.addParserWarning(JsDocInfoParser.java:69)
	at com.google.javascript.jscomp.parsing.JsDocInfoParser.parse(JsDocInfoParser.java:1008)
	at com.google.javascript.jscomp.parsing.JsDocInfoParserTest.parse(JsDocInfoParserTest.java:2984)
	at com.google.javascript.jscomp.parsing.JsDocInfoParserTest.parse(JsDocInfoParserTest.java:2961)
	at com.google.javascript.jscomp.parsing.JsDocInfoParserTest.testTextExtents(JsDocInfoParserTest.java:2756)
	at sun.reflect.NativeMethodAccessorImpl.invoke0(Native Method)
	at sun.reflect.NativeMethodAccessorImpl.invoke(NativeMethodAccessorImpl.java:62)
	at sun.reflect.DelegatingMethodAccessorImpl.invoke(DelegatingMethodAccessorImpl.java:43)
	at java.lang.reflect.Method.invoke(Method.java:497)
	at junit.framework.TestCase.runTest(TestCase.java:168)
	at junit.framework.TestCase.runBare(TestCase.java:134)
	at junit.framework.TestResult$1.protect(TestResult.java:110)
	at junit.framework.TestResult.runProtected(TestResult.java:128)
	at junit.framework.TestResult.run(TestResult.java:113)
	at junit.framework.TestCase.run(TestCase.java:124)
	at junit.framework.TestSuite.runTest(TestSuite.java:243)
	at junit.framework.TestSuite.run(TestSuite.java:238)
	at org.junit.internal.runners.JUnit38ClassRunner.run(JUnit38ClassRunner.java:83)
	at org.junit.runner.JUnitCore.run(JUnitCore.java:157)
	at org.junit.runner.JUnitCore.run(JUnitCore.java:136)
	at fr.inria.lille.repair.MethodTestRunner.runTest(MethodTestRunner.java:44)
	at fr.inria.lille.repair.MethodTestRunner.access$0(MethodTestRunner.java:37)
	at fr.inria.lille.repair.MethodTestRunner$1.call(MethodTestRunner.java:20)
	at java.util.concurrent.FutureTask.run(FutureTask.java:266)
	at java.util.concurrent.ThreadPoolExecutor.runWorker(ThreadPoolExecutor.java:1142)
	at java.util.concurrent.ThreadPoolExecutor$Worker.run(ThreadPoolExecutor.java:617)
	at java.lang.Thread.run(Thread.java:745)

FAILURES!!!
Tests run: 1,  Failures: 1

com.google.javascript.jscomp.parsing.JsDocInfoParserTest#testSingleTags
.E
Time: 1.85
There was 1 failure:
1) testSingleTags(com.google.javascript.jscomp.parsing.JsDocInfoParserTest)
junit.framework.AssertionFailedError: extra warning: Unexpected end of file
	at junit.framework.Assert.fail(Assert.java:50)
	at com.google.javascript.jscomp.testing.TestErrorReporter.warning(TestErrorReporter.java:64)
	at com.google.javascript.jscomp.parsing.JsDocInfoParser$ErrorReporterParser.addParserWarning(JsDocInfoParser.java:69)
	at com.google.javascript.jscomp.parsing.JsDocInfoParser.parse(JsDocInfoParser.java:1008)
	at com.google.javascript.jscomp.parsing.JsDocInfoParserTest.parse(JsDocInfoParserTest.java:2984)
	at com.google.javascript.jscomp.parsing.JsDocInfoParserTest.parse(JsDocInfoParserTest.java:2961)
	at com.google.javascript.jscomp.parsing.JsDocInfoParserTest.testSingleTags(JsDocInfoParserTest.java:2211)
	at sun.reflect.NativeMethodAccessorImpl.invoke0(Native Method)
	at sun.reflect.NativeMethodAccessorImpl.invoke(NativeMethodAccessorImpl.java:62)
	at sun.reflect.DelegatingMethodAccessorImpl.invoke(DelegatingMethodAccessorImpl.java:43)
	at java.lang.reflect.Method.invoke(Method.java:497)
	at junit.framework.TestCase.runTest(TestCase.java:168)
	at junit.framework.TestCase.runBare(TestCase.java:134)
	at junit.framework.TestResult$1.protect(TestResult.java:110)
	at junit.framework.TestResult.runProtected(TestResult.java:128)
	at junit.framework.TestResult.run(TestResult.java:113)
	at junit.framework.TestCase.run(TestCase.java:124)
	at junit.framework.TestSuite.runTest(TestSuite.java:243)
	at junit.framework.TestSuite.run(TestSuite.java:238)
	at org.junit.internal.runners.JUnit38ClassRunner.run(JUnit38ClassRunner.java:83)
	at org.junit.runner.JUnitCore.run(JUnitCore.java:157)
	at org.junit.runner.JUnitCore.run(JUnitCore.java:136)
	at fr.inria.lille.repair.MethodTestRunner.runTest(MethodTestRunner.java:44)
	at fr.inria.lille.repair.MethodTestRunner.access$0(MethodTestRunner.java:37)
	at fr.inria.lille.repair.MethodTestRunner$1.call(MethodTestRunner.java:20)
	at java.util.concurrent.FutureTask.run(FutureTask.java:266)
	at java.util.concurrent.ThreadPoolExecutor.runWorker(ThreadPoolExecutor.java:1142)
	at java.util.concurrent.ThreadPoolExecutor$Worker.run(ThreadPoolExecutor.java:617)
	at java.lang.Thread.run(Thread.java:745)

FAILURES!!!
Tests run: 1,  Failures: 1

